@!@!@STARTMSG 2262:0 @!@!@
TLC2 Version 2.14 of 10 July 2019
@!@!@ENDMSG 2262 @!@!@
@!@!@STARTMSG 2187:0 @!@!@
Running breadth-first search Model-Checking with fp 36 and seed 5712758418420090984 with 4 workers on 8 cores with 1156MB heap and 2597MB offheap memory [pid: 10815] (Linux 5.4.2-gnu amd64, AdoptOpenJDK 11.0.3 x86_64, OffHeapDiskFPSet, DiskStateQueue).
@!@!@ENDMSG 2187 @!@!@
@!@!@STARTMSG 2220:0 @!@!@
Starting SANY...
@!@!@ENDMSG 2220 @!@!@
Parsing file /home/bandali/src/git/masters-thesis/models/musical-chairs/pluscal/musical_chairs_pluscal.toolbox/Model_1/MC.tla
Parsing file /home/bandali/src/git/masters-thesis/models/musical-chairs/pluscal/musical_chairs_pluscal.toolbox/Model_1/musical_chairs_pluscal.tla
Parsing file /data/bandali/usr/dls/tla-toolbox/plugins/org.lamport.tlatools_1.0.0.201907102009/tla2sany/StandardModules/TLC.tla
Parsing file /data/bandali/usr/dls/tla-toolbox/plugins/org.lamport.tlatools_1.0.0.201907102009/tla2sany/StandardModules/Integers.tla
Parsing file /data/bandali/usr/dls/tla-toolbox/plugins/org.lamport.tlatools_1.0.0.201907102009/tla2sany/StandardModules/FiniteSets.tla
Parsing file /data/bandali/usr/dls/tla-toolbox/plugins/org.lamport.tlatools_1.0.0.201907102009/tla2sany/StandardModules/Sequences.tla
Parsing file /data/bandali/usr/dls/tla-toolbox/plugins/org.lamport.tlatools_1.0.0.201907102009/tla2sany/StandardModules/Naturals.tla
Semantic processing of module Naturals
Semantic processing of module Integers
Semantic processing of module Sequences
Semantic processing of module FiniteSets
Semantic processing of module TLC
Semantic processing of module musical_chairs_pluscal
Semantic processing of module MC
@!@!@STARTMSG 2219:0 @!@!@
SANY finished.
@!@!@ENDMSG 2219 @!@!@
@!@!@STARTMSG 2185:0 @!@!@
Starting... (2019-12-23 00:27:30)
@!@!@ENDMSG 2185 @!@!@
@!@!@STARTMSG 2212:0 @!@!@
Implied-temporal checking--satisfiability problem has 3 branches.
@!@!@ENDMSG 2212 @!@!@
@!@!@STARTMSG 2189:0 @!@!@
Computing initial states...
@!@!@ENDMSG 2189 @!@!@
@!@!@STARTMSG 2190:0 @!@!@
Finished computing initial states: 1 distinct state generated at 2019-12-23 00:27:30.
@!@!@ENDMSG 2190 @!@!@
@!@!@STARTMSG 2200:0 @!@!@
Progress(6) at 2019-12-23 00:27:30: 13 states generated, 8 distinct states found, 0 states left on queue.
@!@!@ENDMSG 2200 @!@!@
@!@!@STARTMSG 2192:0 @!@!@
Checking 3 branches of temporal properties for the complete state space with 24 total distinct states at (2019-12-23 00:27:30)
@!@!@ENDMSG 2192 @!@!@
@!@!@STARTMSG 2116:1 @!@!@
Temporal properties were violated.

@!@!@ENDMSG 2116 @!@!@
@!@!@STARTMSG 2264:1 @!@!@
The following behavior constitutes a counter-example:

@!@!@ENDMSG 2264 @!@!@
@!@!@STARTMSG 2217:4 @!@!@
1: <Initial predicate>
/\ musicPlaying = TRUE
/\ activePlayers = {p1, p2, p3, p4}
/\ oldCard = 3
/\ pc = [ Walk |-> "walk",
  Sit |-> "sit",
  EliminateLoser |-> "eliminateloser",
  Win |-> "win",
  ChangeMusicPlaying |-> "cmp" ]
/\ state = "Start"
/\ activeChairs = {c1, c2, c3}
/\ occupied = <<>>

@!@!@ENDMSG 2217 @!@!@
@!@!@STARTMSG 2217:4 @!@!@
2: <walk line 106, col 9 to line 113, col 77 of module musical_chairs_pluscal>
/\ musicPlaying = TRUE
/\ activePlayers = {p1, p2, p3, p4}
/\ oldCard = 3
/\ pc = [ Walk |-> "Done",
  Sit |-> "sit",
  EliminateLoser |-> "eliminateloser",
  Win |-> "win",
  ChangeMusicPlaying |-> "cmp" ]
/\ state = "Walking"
/\ activeChairs = {c1, c2, c3}
/\ occupied = <<>>

@!@!@ENDMSG 2217 @!@!@
@!@!@STARTMSG 2217:4 @!@!@
3: <cmp line 162, col 8 to line 165, col 79 of module musical_chairs_pluscal>
/\ musicPlaying = FALSE
/\ activePlayers = {p1, p2, p3, p4}
/\ oldCard = 3
/\ pc = [ Walk |-> "Done",
  Sit |-> "sit",
  EliminateLoser |-> "eliminateloser",
  Win |-> "win",
  ChangeMusicPlaying |-> "cmp" ]
/\ state = "Walking"
/\ activeChairs = {c1, c2, c3}
/\ occupied = <<>>

@!@!@ENDMSG 2217 @!@!@
@!@!@STARTMSG 2217:4 @!@!@
4: <sit line 117, col 8 to line 133, col 76 of module musical_chairs_pluscal>
/\ musicPlaying = FALSE
/\ activePlayers = {p1, p2, p3, p4}
/\ oldCard = 3
/\ pc = [ Walk |-> "Done",
  Sit |-> "Done",
  EliminateLoser |-> "eliminateloser",
  Win |-> "win",
  ChangeMusicPlaying |-> "cmp" ]
/\ state = "Sitting"
/\ activeChairs = {c1, c2, c3}
/\ occupied = (c1 :> p1 @@ c2 :> p2 @@ c3 :> p3)

@!@!@ENDMSG 2217 @!@!@
@!@!@STARTMSG 2217:4 @!@!@
5: <eliminateloser line 137, col 19 to line 148, col 58 of module musical_chairs_pluscal>
/\ musicPlaying = FALSE
/\ activePlayers = {p1, p2, p3}
/\ oldCard = 3
/\ pc = [ Walk |-> "Done",
  Sit |-> "Done",
  EliminateLoser |-> "Done",
  Win |-> "win",
  ChangeMusicPlaying |-> "cmp" ]
/\ state = "Start"
/\ activeChairs = {c2, c3}
/\ occupied = <<>>

@!@!@ENDMSG 2217 @!@!@
@!@!@STARTMSG 2217:4 @!@!@
6: <cmp line 162, col 8 to line 165, col 79 of module musical_chairs_pluscal>
/\ musicPlaying = TRUE
/\ activePlayers = {p1, p2, p3}
/\ oldCard = 3
/\ pc = [ Walk |-> "Done",
  Sit |-> "Done",
  EliminateLoser |-> "Done",
  Win |-> "win",
  ChangeMusicPlaying |-> "cmp" ]
/\ state = "Start"
/\ activeChairs = {c2, c3}
/\ occupied = <<>>

@!@!@ENDMSG 2217 @!@!@
@!@!@STARTMSG 2122:4 @!@!@
5: Back to state: <cmp line 162, col 8 to line 165, col 79 of module musical_chairs_pluscal>

@!@!@ENDMSG 2122 @!@!@
@!@!@STARTMSG 2267:0 @!@!@
Finished checking temporal properties in 00s at 2019-12-23 00:27:30
@!@!@ENDMSG 2267 @!@!@
@!@!@STARTMSG 2201:0 @!@!@
The coverage statistics at 2019-12-23 00:27:30
@!@!@ENDMSG 2201 @!@!@
@!@!@STARTMSG 2773:0 @!@!@
<Init line 92, col 1 to line 92, col 4 of module musical_chairs_pluscal>: 2:2
@!@!@ENDMSG 2773 @!@!@
@!@!@STARTMSG 2221:0 @!@!@
  line 93, col 9 to line 104, col 80 of module musical_chairs_pluscal: 2
@!@!@ENDMSG 2221 @!@!@
@!@!@STARTMSG 2772:0 @!@!@
<walk line 106, col 1 to line 106, col 4 of module musical_chairs_pluscal>: 1:3
@!@!@ENDMSG 2772 @!@!@
@!@!@STARTMSG 2221:0 @!@!@
  line 106, col 12 to line 106, col 30 of module musical_chairs_pluscal: 26
@!@!@ENDMSG 2221 @!@!@
@!@!@STARTMSG 2221:0 @!@!@
  |line 106, col 12 to line 106, col 21 of module musical_chairs_pluscal: 23
@!@!@ENDMSG 2221 @!@!@
@!@!@STARTMSG 2221:0 @!@!@
  line 107, col 15 to line 107, col 29 of module musical_chairs_pluscal: 9
@!@!@ENDMSG 2221 @!@!@
@!@!@STARTMSG 2221:0 @!@!@
  |line 107, col 15 to line 107, col 19 of module musical_chairs_pluscal: 6
@!@!@ENDMSG 2221 @!@!@
@!@!@STARTMSG 2221:0 @!@!@
  line 108, col 15 to line 108, col 26 of module musical_chairs_pluscal: 3
@!@!@ENDMSG 2221 @!@!@
@!@!@STARTMSG 2221:0 @!@!@
  line 109, col 15 to line 109, col 44 of module musical_chairs_pluscal: 3
@!@!@ENDMSG 2221 @!@!@
@!@!@STARTMSG 2221:0 @!@!@
  line 110, col 12 to line 110, col 27 of module musical_chairs_pluscal: 3
@!@!@ENDMSG 2221 @!@!@
@!@!@STARTMSG 2221:0 @!@!@
  line 111, col 12 to line 111, col 29 of module musical_chairs_pluscal: 3
@!@!@ENDMSG 2221 @!@!@
@!@!@STARTMSG 2221:0 @!@!@
  line 112, col 12 to line 112, col 47 of module musical_chairs_pluscal: 3
@!@!@ENDMSG 2221 @!@!@
@!@!@STARTMSG 2221:0 @!@!@
  line 113, col 12 to line 113, col 77 of module musical_chairs_pluscal: 3
@!@!@ENDMSG 2221 @!@!@
@!@!@STARTMSG 2772:0 @!@!@
<sit line 117, col 1 to line 117, col 3 of module musical_chairs_pluscal>: 1:2
@!@!@ENDMSG 2772 @!@!@
@!@!@STARTMSG 2221:0 @!@!@
  line 117, col 11 to line 117, col 27 of module musical_chairs_pluscal: 24
@!@!@ENDMSG 2221 @!@!@
@!@!@STARTMSG 2221:0 @!@!@
  |line 117, col 11 to line 117, col 19 of module musical_chairs_pluscal: 22
@!@!@ENDMSG 2221 @!@!@
@!@!@STARTMSG 2221:0 @!@!@
  line 118, col 14 to line 118, col 30 of module musical_chairs_pluscal: 13
@!@!@ENDMSG 2221 @!@!@
@!@!@STARTMSG 2221:0 @!@!@
  |line 118, col 14 to line 118, col 18 of module musical_chairs_pluscal: 11
@!@!@ENDMSG 2221 @!@!@
@!@!@STARTMSG 2221:0 @!@!@
  line 119, col 14 to line 119, col 26 of module musical_chairs_pluscal: 8
@!@!@ENDMSG 2221 @!@!@
@!@!@STARTMSG 2221:0 @!@!@
  |line 119, col 15 to line 119, col 26 of module musical_chairs_pluscal: 6
@!@!@ENDMSG 2221 @!@!@
@!@!@STARTMSG 2221:0 @!@!@
  line 120, col 11 to line 128, col 69 of module musical_chairs_pluscal: 2
@!@!@ENDMSG 2221 @!@!@
@!@!@STARTMSG 2221:0 @!@!@
  |line 120, col 24 to line 128, col 68 of module musical_chairs_pluscal: 2
@!@!@ENDMSG 2221 @!@!@
@!@!@STARTMSG 2221:0 @!@!@
  ||line 121, col 28 to line 128, col 68 of module musical_chairs_pluscal: 14
@!@!@ENDMSG 2221 @!@!@
@!@!@STARTMSG 2221:0 @!@!@
  |||line 121, col 32 to line 124, col 67 of module musical_chairs_pluscal: 14
@!@!@ENDMSG 2221 @!@!@
@!@!@STARTMSG 2221:0 @!@!@
  ||||line 124, col 35 to line 124, col 67 of module musical_chairs_pluscal: 672
@!@!@ENDMSG 2221 @!@!@
@!@!@STARTMSG 2221:0 @!@!@
  |||||line 124, col 35 to line 124, col 56 of module musical_chairs_pluscal: 672
@!@!@ENDMSG 2221 @!@!@
@!@!@STARTMSG 2221:0 @!@!@
  ||||||line 124, col 35 to line 124, col 43 of module musical_chairs_pluscal: 672
@!@!@ENDMSG 2221 @!@!@
@!@!@STARTMSG 2221:0 @!@!@
  ||||||line 124, col 48 to line 124, col 56 of module musical_chairs_pluscal: 168
@!@!@ENDMSG 2221 @!@!@
@!@!@STARTMSG 2221:0 @!@!@
  |||||line 124, col 61 to line 124, col 67 of module musical_chairs_pluscal: 42
@!@!@ENDMSG 2221 @!@!@
@!@!@STARTMSG 2221:0 @!@!@
  ||||line 121, col 41 to line 121, col 52 of module musical_chairs_pluscal: 14
@!@!@ENDMSG 2221 @!@!@
@!@!@STARTMSG 2221:0 @!@!@
  ||||line 122, col 41 to line 122, col 53 of module musical_chairs_pluscal: 14
@!@!@ENDMSG 2221 @!@!@
@!@!@STARTMSG 2221:0 @!@!@
  ||||line 123, col 41 to line 123, col 53 of module musical_chairs_pluscal: 14
@!@!@ENDMSG 2221 @!@!@
@!@!@STARTMSG 2221:0 @!@!@
  |||line 125, col 32 to line 128, col 67 of module musical_chairs_pluscal: 14
@!@!@ENDMSG 2221 @!@!@
@!@!@STARTMSG 2221:0 @!@!@
  ||||line 128, col 35 to line 128, col 67 of module musical_chairs_pluscal: 110
@!@!@ENDMSG 2221 @!@!@
@!@!@STARTMSG 2221:0 @!@!@
  |||||line 128, col 35 to line 128, col 56 of module musical_chairs_pluscal: 110
@!@!@ENDMSG 2221 @!@!@
@!@!@STARTMSG 2221:0 @!@!@
  ||||||line 128, col 35 to line 128, col 43 of module musical_chairs_pluscal: 110
@!@!@ENDMSG 2221 @!@!@
@!@!@STARTMSG 2221:0 @!@!@
  ||||||line 128, col 48 to line 128, col 56 of module musical_chairs_pluscal: 52
@!@!@ENDMSG 2221 @!@!@
@!@!@STARTMSG 2221:0 @!@!@
  |||||line 128, col 61 to line 128, col 67 of module musical_chairs_pluscal: 32
@!@!@ENDMSG 2221 @!@!@
@!@!@STARTMSG 2221:0 @!@!@
  ||||line 125, col 41 to line 125, col 48 of module musical_chairs_pluscal: 14
@!@!@ENDMSG 2221 @!@!@
@!@!@STARTMSG 2775:0 @!@!@
  |||||line 10, col 13 to line 10, col 34 of module musical_chairs_pluscal: 14:168
@!@!@ENDMSG 2775 @!@!@
@!@!@STARTMSG 2221:0 @!@!@
  ||||||line 10, col 14 to line 10, col 17 of module musical_chairs_pluscal: 42
@!@!@ENDMSG 2221 @!@!@
@!@!@STARTMSG 2221:0 @!@!@
  ||||||line 10, col 26 to line 10, col 33 of module musical_chairs_pluscal: 14
@!@!@ENDMSG 2221 @!@!@
@!@!@STARTMSG 2221:0 @!@!@
  |||||line 125, col 47 to line 125, col 47 of module musical_chairs_pluscal: 14
@!@!@ENDMSG 2221 @!@!@
@!@!@STARTMSG 2221:0 @!@!@
  ||||line 126, col 41 to line 126, col 48 of module musical_chairs_pluscal: 14
@!@!@ENDMSG 2221 @!@!@
@!@!@STARTMSG 2221:0 @!@!@
  ||||line 127, col 41 to line 127, col 48 of module musical_chairs_pluscal: 14
@!@!@ENDMSG 2221 @!@!@
@!@!@STARTMSG 2775:0 @!@!@
  ||line 120, col 37 to line 120, col 67 of module musical_chairs_pluscal: 2:526
@!@!@ENDMSG 2775 @!@!@
@!@!@STARTMSG 2221:0 @!@!@
  line 129, col 11 to line 130, col 62 of module musical_chairs_pluscal: 2
@!@!@ENDMSG 2221 @!@!@
@!@!@STARTMSG 2221:0 @!@!@
  |line 129, col 19 to line 129, col 67 of module musical_chairs_pluscal: 2
@!@!@ENDMSG 2221 @!@!@
@!@!@STARTMSG 2221:0 @!@!@
  ||line 129, col 43 to line 129, col 67 of module musical_chairs_pluscal: 8
@!@!@ENDMSG 2221 @!@!@
@!@!@STARTMSG 2221:0 @!@!@
  |||line 129, col 43 to line 129, col 43 of module musical_chairs_pluscal: 8
@!@!@ENDMSG 2221 @!@!@
@!@!@STARTMSG 2221:0 @!@!@
  |||line 129, col 52 to line 129, col 67 of module musical_chairs_pluscal: 8
@!@!@ENDMSG 2221 @!@!@
@!@!@STARTMSG 2221:0 @!@!@
  ||||line 10, col 13 to line 10, col 34 of module musical_chairs_pluscal: 8
@!@!@ENDMSG 2221 @!@!@
@!@!@STARTMSG 2221:0 @!@!@
  |||||line 10, col 14 to line 10, col 17 of module musical_chairs_pluscal: 24
@!@!@ENDMSG 2221 @!@!@
@!@!@STARTMSG 2221:0 @!@!@
  |||||line 10, col 26 to line 10, col 33 of module musical_chairs_pluscal: 8
@!@!@ENDMSG 2221 @!@!@
@!@!@STARTMSG 2221:0 @!@!@
  ||||line 129, col 58 to line 129, col 66 of module musical_chairs_pluscal: 32
@!@!@ENDMSG 2221 @!@!@
@!@!@STARTMSG 2221:0 @!@!@
  ||line 129, col 28 to line 129, col 40 of module musical_chairs_pluscal: 2
@!@!@ENDMSG 2221 @!@!@
@!@!@STARTMSG 2221:0 @!@!@
  line 131, col 11 to line 131, col 28 of module musical_chairs_pluscal: 2
@!@!@ENDMSG 2221 @!@!@
@!@!@STARTMSG 2221:0 @!@!@
  line 132, col 11 to line 132, col 45 of module musical_chairs_pluscal: 2
@!@!@ENDMSG 2221 @!@!@
@!@!@STARTMSG 2221:0 @!@!@
  line 133, col 11 to line 133, col 76 of module musical_chairs_pluscal: 2
@!@!@ENDMSG 2221 @!@!@
@!@!@STARTMSG 2772:0 @!@!@
<eliminateloser line 137, col 1 to line 137, col 14 of module musical_chairs_pluscal>: 1:5
@!@!@ENDMSG 2772 @!@!@
@!@!@STARTMSG 2221:0 @!@!@
  line 137, col 22 to line 137, col 60 of module musical_chairs_pluscal: 26
@!@!@ENDMSG 2221 @!@!@
@!@!@STARTMSG 2221:0 @!@!@
  |line 137, col 22 to line 137, col 41 of module musical_chairs_pluscal: 21
@!@!@ENDMSG 2221 @!@!@
@!@!@STARTMSG 2221:0 @!@!@
  line 138, col 25 to line 138, col 41 of module musical_chairs_pluscal: 20
@!@!@ENDMSG 2221 @!@!@
@!@!@STARTMSG 2221:0 @!@!@
  |line 138, col 25 to line 138, col 29 of module musical_chairs_pluscal: 15
@!@!@ENDMSG 2221 @!@!@
@!@!@STARTMSG 2221:0 @!@!@
  line 139, col 25 to line 139, col 54 of module musical_chairs_pluscal: 5
@!@!@ENDMSG 2221 @!@!@
@!@!@STARTMSG 2221:0 @!@!@
  line 140, col 25 to line 140, col 85 of module musical_chairs_pluscal: 10
@!@!@ENDMSG 2221 @!@!@
@!@!@STARTMSG 2221:0 @!@!@
  |line 140, col 25 to line 140, col 81 of module musical_chairs_pluscal: 5
@!@!@ENDMSG 2221 @!@!@
@!@!@STARTMSG 2221:0 @!@!@
  ||line 140, col 25 to line 140, col 50 of module musical_chairs_pluscal: 5
@!@!@ENDMSG 2221 @!@!@
@!@!@STARTMSG 2221:0 @!@!@
  ||line 140, col 54 to line 140, col 81 of module musical_chairs_pluscal: 5
@!@!@ENDMSG 2221 @!@!@
@!@!@STARTMSG 2221:0 @!@!@
  |||line 140, col 66 to line 140, col 80 of module musical_chairs_pluscal: 5
@!@!@ENDMSG 2221 @!@!@
@!@!@STARTMSG 2221:0 @!@!@
  ||||line 10, col 13 to line 10, col 34 of module musical_chairs_pluscal: 5
@!@!@ENDMSG 2221 @!@!@
@!@!@STARTMSG 2221:0 @!@!@
  |||||line 10, col 14 to line 10, col 17 of module musical_chairs_pluscal: 15
@!@!@ENDMSG 2221 @!@!@
@!@!@STARTMSG 2221:0 @!@!@
  |||||line 10, col 26 to line 10, col 33 of module musical_chairs_pluscal: 5
@!@!@ENDMSG 2221 @!@!@
@!@!@STARTMSG 2221:0 @!@!@
  ||||line 140, col 72 to line 140, col 79 of module musical_chairs_pluscal: 5
@!@!@ENDMSG 2221 @!@!@
@!@!@STARTMSG 2221:0 @!@!@
  line 141, col 22 to line 141, col 53 of module musical_chairs_pluscal: 5
@!@!@ENDMSG 2221 @!@!@
@!@!@STARTMSG 2221:0 @!@!@
  |line 141, col 39 to line 141, col 53 of module musical_chairs_pluscal: 5
@!@!@ENDMSG 2221 @!@!@
@!@!@STARTMSG 2775:0 @!@!@
  ||line 10, col 13 to line 10, col 34 of module musical_chairs_pluscal: 5:8
@!@!@ENDMSG 2775 @!@!@
@!@!@STARTMSG 2221:0 @!@!@
  |||line 10, col 14 to line 10, col 17 of module musical_chairs_pluscal: 15
@!@!@ENDMSG 2221 @!@!@
@!@!@STARTMSG 2221:0 @!@!@
  |||line 10, col 26 to line 10, col 33 of module musical_chairs_pluscal: 5
@!@!@ENDMSG 2221 @!@!@
@!@!@STARTMSG 2221:0 @!@!@
  ||line 141, col 45 to line 141, col 52 of module musical_chairs_pluscal: 5
@!@!@ENDMSG 2221 @!@!@
@!@!@STARTMSG 2221:0 @!@!@
  line 142, col 22 to line 142, col 86 of module musical_chairs_pluscal: 5
@!@!@ENDMSG 2221 @!@!@
@!@!@STARTMSG 2221:0 @!@!@
  line 143, col 22 to line 144, col 73 of module musical_chairs_pluscal: 5
@!@!@ENDMSG 2221 @!@!@
@!@!@STARTMSG 2221:0 @!@!@
  line 145, col 22 to line 145, col 37 of module musical_chairs_pluscal: 5
@!@!@ENDMSG 2221 @!@!@
@!@!@STARTMSG 2221:0 @!@!@
  line 146, col 22 to line 146, col 37 of module musical_chairs_pluscal: 5
@!@!@ENDMSG 2221 @!@!@
@!@!@STARTMSG 2221:0 @!@!@
  line 147, col 22 to line 147, col 67 of module musical_chairs_pluscal: 5
@!@!@ENDMSG 2221 @!@!@
@!@!@STARTMSG 2221:0 @!@!@
  line 148, col 22 to line 148, col 58 of module musical_chairs_pluscal: 5
@!@!@ENDMSG 2221 @!@!@
@!@!@STARTMSG 2772:0 @!@!@
<win line 152, col 1 to line 152, col 3 of module musical_chairs_pluscal>: 0:0
@!@!@ENDMSG 2772 @!@!@
@!@!@STARTMSG 2221:0 @!@!@
  line 152, col 11 to line 152, col 27 of module musical_chairs_pluscal: 20
@!@!@ENDMSG 2221 @!@!@
@!@!@STARTMSG 2221:0 @!@!@
  line 153, col 14 to line 153, col 30 of module musical_chairs_pluscal: 20
@!@!@ENDMSG 2221 @!@!@
@!@!@STARTMSG 2221:0 @!@!@
  line 154, col 14 to line 154, col 43 of module musical_chairs_pluscal: 4
@!@!@ENDMSG 2221 @!@!@
@!@!@STARTMSG 2221:0 @!@!@
  line 155, col 11 to line 155, col 24 of module musical_chairs_pluscal: 0
@!@!@ENDMSG 2221 @!@!@
@!@!@STARTMSG 2221:0 @!@!@
  line 156, col 11 to line 156, col 45 of module musical_chairs_pluscal: 0
@!@!@ENDMSG 2221 @!@!@
@!@!@STARTMSG 2221:0 @!@!@
  line 157, col 11 to line 158, col 33 of module musical_chairs_pluscal: 0
@!@!@ENDMSG 2221 @!@!@
@!@!@STARTMSG 2772:0 @!@!@
<cmp line 162, col 1 to line 162, col 3 of module musical_chairs_pluscal>: 4:20
@!@!@ENDMSG 2772 @!@!@
@!@!@STARTMSG 2221:0 @!@!@
  line 162, col 11 to line 162, col 42 of module musical_chairs_pluscal: 40
@!@!@ENDMSG 2221 @!@!@
@!@!@STARTMSG 2221:0 @!@!@
  |line 162, col 11 to line 162, col 34 of module musical_chairs_pluscal: 20
@!@!@ENDMSG 2221 @!@!@
@!@!@STARTMSG 2221:0 @!@!@
  line 163, col 11 to line 163, col 39 of module musical_chairs_pluscal: 20
@!@!@ENDMSG 2221 @!@!@
@!@!@STARTMSG 2221:0 @!@!@
  line 164, col 11 to line 164, col 59 of module musical_chairs_pluscal: 20
@!@!@ENDMSG 2221 @!@!@
@!@!@STARTMSG 2221:0 @!@!@
  line 165, col 11 to line 165, col 79 of module musical_chairs_pluscal: 20
@!@!@ENDMSG 2221 @!@!@
@!@!@STARTMSG 2772:0 @!@!@
<Terminating line 170, col 1 to line 170, col 11 of module musical_chairs_pluscal>: 0:0
@!@!@ENDMSG 2772 @!@!@
@!@!@STARTMSG 2221:0 @!@!@
  line 170, col 40 to line 170, col 56 of module musical_chairs_pluscal: 29
@!@!@ENDMSG 2221 @!@!@
@!@!@STARTMSG 2221:0 @!@!@
  line 170, col 31 to line 170, col 37 of module musical_chairs_pluscal: 17
@!@!@ENDMSG 2221 @!@!@
@!@!@STARTMSG 2221:0 @!@!@
  line 171, col 19 to line 171, col 32 of module musical_chairs_pluscal: 0
@!@!@ENDMSG 2221 @!@!@
@!@!@STARTMSG 2774:0 @!@!@
<OneMorePlayerThanChairs line 197, col 1 to line 197, col 23 of module musical_chairs_pluscal>
@!@!@ENDMSG 2774 @!@!@
@!@!@STARTMSG 2221:0 @!@!@
  line 198, col 5 to line 198, col 62 of module musical_chairs_pluscal: 8
@!@!@ENDMSG 2221 @!@!@
@!@!@STARTMSG 2774:0 @!@!@
<TypeOK line 188, col 1 to line 188, col 6 of module musical_chairs_pluscal>
@!@!@ENDMSG 2774 @!@!@
@!@!@STARTMSG 2221:0 @!@!@
  line 189, col 5 to line 193, col 23 of module musical_chairs_pluscal: 8
@!@!@ENDMSG 2221 @!@!@
@!@!@STARTMSG 2202:0 @!@!@
End of statistics.
@!@!@ENDMSG 2202 @!@!@
@!@!@STARTMSG 2200:0 @!@!@
Progress(6) at 2019-12-23 00:27:30: 13 states generated (798 s/min), 8 distinct states found (491 ds/min), 0 states left on queue.
@!@!@ENDMSG 2200 @!@!@
@!@!@STARTMSG 2199:0 @!@!@
13 states generated, 8 distinct states found, 0 states left on queue.
@!@!@ENDMSG 2199 @!@!@
@!@!@STARTMSG 2186:0 @!@!@
Finished in 979ms at (2019-12-23 00:27:30)
@!@!@ENDMSG 2186 @!@!@
