Picked up _JAVA_OPTIONS: -Dawt.useSystemAAFontSettings=on -Dswing.aatext=true
@!@!@STARTMSG 2262:0 @!@!@
TLC2 Version 2.14 of 10 July 2019
@!@!@ENDMSG 2262 @!@!@
@!@!@STARTMSG 2187:0 @!@!@
Running breadth-first search Model-Checking with fp 16 and seed 2087263734920844755 with 4 workers on 8 cores with 1156MB heap and 2597MB offheap memory [pid: 11172] (Linux 5.4.2-gnu amd64, AdoptOpenJDK 11.0.3 x86_64, OffHeapDiskFPSet, DiskStateQueue).
@!@!@ENDMSG 2187 @!@!@
@!@!@STARTMSG 2220:0 @!@!@
Starting SANY...
@!@!@ENDMSG 2220 @!@!@
Parsing file /home/bandali/src/git/masters-thesis/models/musical-chairs/pluscal/musical_chairs_pluscal.toolbox/Model_1/MC.tla
Parsing file /home/bandali/src/git/masters-thesis/models/musical-chairs/pluscal/musical_chairs_pluscal.toolbox/Model_1/musical_chairs_pluscal.tla
Parsing file /data/bandali/usr/dls/tla-toolbox/plugins/org.lamport.tlatools_1.0.0.201907102009/tla2sany/StandardModules/TLC.tla
Parsing file /data/bandali/usr/dls/tla-toolbox/plugins/org.lamport.tlatools_1.0.0.201907102009/tla2sany/StandardModules/Integers.tla
Parsing file /data/bandali/usr/dls/tla-toolbox/plugins/org.lamport.tlatools_1.0.0.201907102009/tla2sany/StandardModules/FiniteSets.tla
Parsing file /data/bandali/usr/dls/tla-toolbox/plugins/org.lamport.tlatools_1.0.0.201907102009/tla2sany/StandardModules/Sequences.tla
Parsing file /data/bandali/usr/dls/tla-toolbox/plugins/org.lamport.tlatools_1.0.0.201907102009/tla2sany/StandardModules/Naturals.tla
Semantic processing of module Naturals
Semantic processing of module Integers
Semantic processing of module Sequences
Semantic processing of module FiniteSets
Semantic processing of module TLC
Semantic processing of module musical_chairs_pluscal
Semantic processing of module MC
@!@!@STARTMSG 2219:0 @!@!@
SANY finished.
@!@!@ENDMSG 2219 @!@!@
@!@!@STARTMSG 2185:0 @!@!@
Starting... (2019-12-23 00:40:52)
@!@!@ENDMSG 2185 @!@!@
@!@!@STARTMSG 2212:0 @!@!@
Implied-temporal checking--satisfiability problem has 3 branches.
@!@!@ENDMSG 2212 @!@!@
@!@!@STARTMSG 2189:0 @!@!@
Computing initial states...
@!@!@ENDMSG 2189 @!@!@
@!@!@STARTMSG 2190:0 @!@!@
Finished computing initial states: 1 distinct state generated at 2019-12-23 00:40:53.
@!@!@ENDMSG 2190 @!@!@
@!@!@STARTMSG 1000:1 @!@!@
TLC threw an unexpected exception.
This was probably caused by an error in the spec or model.
See the User Output or TLC Console for clues to what happened.
The exception was a tlc2.tool.EvalException
: @!@!@STARTMSG 2132:0 @!@!@
The first argument of Assert evaluated to FALSE; the second argument was:
"Failure of assertion at line 62, column 9."
@!@!@ENDMSG 2132 @!@!@
@!@!@ENDMSG 1000 @!@!@
@!@!@STARTMSG 2121:1 @!@!@
The behavior up to this point is:
@!@!@ENDMSG 2121 @!@!@
@!@!@STARTMSG 2217:4 @!@!@
1: <Initial predicate>
/\ musicPlaying = TRUE
/\ activePlayers = {p1, p2, p3, p4}
/\ oldCard = 3
/\ pc = [ Walk |-> "walk",
  Sit |-> "sit",
  EliminateLoser |-> "eliminateloser",
  Win |-> "win",
  ChangeMusicPlaying |-> "cmp" ]
/\ state = "Start"
/\ activeChairs = {c1, c2, c3}
/\ occupied = <<>>

@!@!@ENDMSG 2217 @!@!@
@!@!@STARTMSG 2217:4 @!@!@
2: <walk line 110, col 9 to line 117, col 77 of module musical_chairs_pluscal>
/\ musicPlaying = TRUE
/\ activePlayers = {p1, p2, p3, p4}
/\ oldCard = 3
/\ pc = [ Walk |-> "walk",
  Sit |-> "sit",
  EliminateLoser |-> "eliminateloser",
  Win |-> "win",
  ChangeMusicPlaying |-> "cmp" ]
/\ state = "Walking"
/\ activeChairs = {c1, c2, c3}
/\ occupied = <<>>

@!@!@ENDMSG 2217 @!@!@
@!@!@STARTMSG 2217:4 @!@!@
3: <cmp line 166, col 8 to line 170, col 79 of module musical_chairs_pluscal>
/\ musicPlaying = FALSE
/\ activePlayers = {p1, p2, p3, p4}
/\ oldCard = 3
/\ pc = [ Walk |-> "walk",
  Sit |-> "sit",
  EliminateLoser |-> "eliminateloser",
  Win |-> "win",
  ChangeMusicPlaying |-> "cmp" ]
/\ state = "Walking"
/\ activeChairs = {c1, c2, c3}
/\ occupied = <<>>

@!@!@ENDMSG 2217 @!@!@
@!@!@STARTMSG 2217:4 @!@!@
4: <sit line 121, col 8 to line 137, col 76 of module musical_chairs_pluscal>
/\ musicPlaying = FALSE
/\ activePlayers = {p1, p2, p3, p4}
/\ oldCard = 3
/\ pc = [ Walk |-> "walk",
  Sit |-> "sit",
  EliminateLoser |-> "eliminateloser",
  Win |-> "win",
  ChangeMusicPlaying |-> "cmp" ]
/\ state = "Sitting"
/\ activeChairs = {c1, c2, c3}
/\ occupied = (c1 :> p1 @@ c2 :> p2 @@ c3 :> p3)

@!@!@ENDMSG 2217 @!@!@
@!@!@STARTMSG 2217:4 @!@!@
5: <eliminateloser line 141, col 19 to line 152, col 58 of module musical_chairs_pluscal>
/\ musicPlaying = FALSE
/\ activePlayers = {p1, p2, p3}
/\ oldCard = 3
/\ pc = [ Walk |-> "walk",
  Sit |-> "sit",
  EliminateLoser |-> "eliminateloser",
  Win |-> "win",
  ChangeMusicPlaying |-> "cmp" ]
/\ state = "Start"
/\ activeChairs = {c2, c3}
/\ occupied = <<>>

@!@!@ENDMSG 2217 @!@!@
@!@!@STARTMSG 2217:4 @!@!@
6: <cmp line 166, col 8 to line 170, col 79 of module musical_chairs_pluscal>
/\ musicPlaying = TRUE
/\ activePlayers = {p1, p2, p3}
/\ oldCard = 3
/\ pc = [ Walk |-> "walk",
  Sit |-> "sit",
  EliminateLoser |-> "eliminateloser",
  Win |-> "win",
  ChangeMusicPlaying |-> "cmp" ]
/\ state = "Start"
/\ activeChairs = {c2, c3}
/\ occupied = <<>>

@!@!@ENDMSG 2217 @!@!@
@!@!@STARTMSG 2217:4 @!@!@
7: <walk line 110, col 9 to line 117, col 77 of module musical_chairs_pluscal>
/\ musicPlaying = TRUE
/\ activePlayers = {p1, p2, p3}
/\ oldCard = 3
/\ pc = [ Walk |-> "walk",
  Sit |-> "sit",
  EliminateLoser |-> "eliminateloser",
  Win |-> "win",
  ChangeMusicPlaying |-> "cmp" ]
/\ state = "Walking"
/\ activeChairs = {c2, c3}
/\ occupied = <<>>

@!@!@ENDMSG 2217 @!@!@
@!@!@STARTMSG 2217:4 @!@!@
8: <cmp line 166, col 8 to line 170, col 79 of module musical_chairs_pluscal>
/\ musicPlaying = FALSE
/\ activePlayers = {p1, p2, p3}
/\ oldCard = 3
/\ pc = [ Walk |-> "walk",
  Sit |-> "sit",
  EliminateLoser |-> "eliminateloser",
  Win |-> "win",
  ChangeMusicPlaying |-> "cmp" ]
/\ state = "Walking"
/\ activeChairs = {c2, c3}
/\ occupied = <<>>

@!@!@ENDMSG 2217 @!@!@
@!@!@STARTMSG 2217:4 @!@!@
9: <sit line 121, col 8 to line 137, col 76 of module musical_chairs_pluscal>
/\ musicPlaying = FALSE
/\ activePlayers = {p1, p2, p3}
/\ oldCard = 3
/\ pc = [ Walk |-> "walk",
  Sit |-> "sit",
  EliminateLoser |-> "eliminateloser",
  Win |-> "win",
  ChangeMusicPlaying |-> "cmp" ]
/\ state = "Sitting"
/\ activeChairs = {c2, c3}
/\ occupied = (c2 :> p1 @@ c3 :> p2)

@!@!@ENDMSG 2217 @!@!@
@!@!@STARTMSG 2103:1 @!@!@
The error occurred when TLC was evaluating the nested
expressions at the following positions:
0. Line 141, column 19 to line 152, column 58 in musical_chairs_pluscal
1. Line 141, column 22 to line 141, column 60 in musical_chairs_pluscal
2. Line 142, column 22 to line 144, column 85 in musical_chairs_pluscal
3. Line 142, column 25 to line 142, column 41 in musical_chairs_pluscal
4. Line 143, column 25 to line 143, column 54 in musical_chairs_pluscal
5. Line 144, column 25 to line 144, column 85 in musical_chairs_pluscal
6. Line 145, column 22 to line 145, column 53 in musical_chairs_pluscal
7. Line 146, column 22 to line 146, column 86 in musical_chairs_pluscal
8. Line 147, column 22 to line 148, column 73 in musical_chairs_pluscal


@!@!@ENDMSG 2103 @!@!@
@!@!@STARTMSG 2201:0 @!@!@
The coverage statistics at 2019-12-23 00:40:53
@!@!@ENDMSG 2201 @!@!@
@!@!@STARTMSG 2773:0 @!@!@
<Init line 96, col 1 to line 96, col 4 of module musical_chairs_pluscal>: 2:2
@!@!@ENDMSG 2773 @!@!@
@!@!@STARTMSG 2221:0 @!@!@
  line 97, col 9 to line 108, col 80 of module musical_chairs_pluscal: 2
@!@!@ENDMSG 2221 @!@!@
@!@!@STARTMSG 2772:0 @!@!@
<walk line 110, col 1 to line 110, col 4 of module musical_chairs_pluscal>: 2:6
@!@!@ENDMSG 2772 @!@!@
@!@!@STARTMSG 2221:0 @!@!@
  line 110, col 12 to line 110, col 30 of module musical_chairs_pluscal: 34
@!@!@ENDMSG 2221 @!@!@
@!@!@STARTMSG 2221:0 @!@!@
  |line 110, col 12 to line 110, col 21 of module musical_chairs_pluscal: 28
@!@!@ENDMSG 2221 @!@!@
@!@!@STARTMSG 2221:0 @!@!@
  line 111, col 15 to line 111, col 29 of module musical_chairs_pluscal: 34
@!@!@ENDMSG 2221 @!@!@
@!@!@STARTMSG 2221:0 @!@!@
  |line 111, col 15 to line 111, col 19 of module musical_chairs_pluscal: 28
@!@!@ENDMSG 2221 @!@!@
@!@!@STARTMSG 2221:0 @!@!@
  line 112, col 15 to line 112, col 26 of module musical_chairs_pluscal: 6
@!@!@ENDMSG 2221 @!@!@
@!@!@STARTMSG 2221:0 @!@!@
  line 113, col 15 to line 113, col 44 of module musical_chairs_pluscal: 6
@!@!@ENDMSG 2221 @!@!@
@!@!@STARTMSG 2221:0 @!@!@
  line 114, col 12 to line 114, col 27 of module musical_chairs_pluscal: 6
@!@!@ENDMSG 2221 @!@!@
@!@!@STARTMSG 2221:0 @!@!@
  line 115, col 12 to line 115, col 29 of module musical_chairs_pluscal: 6
@!@!@ENDMSG 2221 @!@!@
@!@!@STARTMSG 2221:0 @!@!@
  line 116, col 12 to line 116, col 47 of module musical_chairs_pluscal: 6
@!@!@ENDMSG 2221 @!@!@
@!@!@STARTMSG 2221:0 @!@!@
  line 117, col 12 to line 117, col 77 of module musical_chairs_pluscal: 6
@!@!@ENDMSG 2221 @!@!@
@!@!@STARTMSG 2772:0 @!@!@
<sit line 121, col 1 to line 121, col 3 of module musical_chairs_pluscal>: 2:5
@!@!@ENDMSG 2772 @!@!@
@!@!@STARTMSG 2221:0 @!@!@
  line 121, col 11 to line 121, col 27 of module musical_chairs_pluscal: 31
@!@!@ENDMSG 2221 @!@!@
@!@!@STARTMSG 2221:0 @!@!@
  |line 121, col 11 to line 121, col 19 of module musical_chairs_pluscal: 26
@!@!@ENDMSG 2221 @!@!@
@!@!@STARTMSG 2221:0 @!@!@
  line 122, col 14 to line 122, col 30 of module musical_chairs_pluscal: 31
@!@!@ENDMSG 2221 @!@!@
@!@!@STARTMSG 2221:0 @!@!@
  |line 122, col 14 to line 122, col 18 of module musical_chairs_pluscal: 26
@!@!@ENDMSG 2221 @!@!@
@!@!@STARTMSG 2221:0 @!@!@
  line 123, col 14 to line 123, col 26 of module musical_chairs_pluscal: 16
@!@!@ENDMSG 2221 @!@!@
@!@!@STARTMSG 2221:0 @!@!@
  |line 123, col 15 to line 123, col 26 of module musical_chairs_pluscal: 11
@!@!@ENDMSG 2221 @!@!@
@!@!@STARTMSG 2221:0 @!@!@
  line 124, col 11 to line 132, col 69 of module musical_chairs_pluscal: 5
@!@!@ENDMSG 2221 @!@!@
@!@!@STARTMSG 2221:0 @!@!@
  |line 124, col 24 to line 132, col 68 of module musical_chairs_pluscal: 5
@!@!@ENDMSG 2221 @!@!@
@!@!@STARTMSG 2221:0 @!@!@
  ||line 125, col 28 to line 132, col 68 of module musical_chairs_pluscal: 20
@!@!@ENDMSG 2221 @!@!@
@!@!@STARTMSG 2221:0 @!@!@
  |||line 125, col 32 to line 128, col 67 of module musical_chairs_pluscal: 20
@!@!@ENDMSG 2221 @!@!@
@!@!@STARTMSG 2221:0 @!@!@
  ||||line 128, col 35 to line 128, col 67 of module musical_chairs_pluscal: 780
@!@!@ENDMSG 2221 @!@!@
@!@!@STARTMSG 2221:0 @!@!@
  |||||line 128, col 35 to line 128, col 56 of module musical_chairs_pluscal: 780
@!@!@ENDMSG 2221 @!@!@
@!@!@STARTMSG 2221:0 @!@!@
  ||||||line 128, col 35 to line 128, col 43 of module musical_chairs_pluscal: 780
@!@!@ENDMSG 2221 @!@!@
@!@!@STARTMSG 2221:0 @!@!@
  ||||||line 128, col 48 to line 128, col 56 of module musical_chairs_pluscal: 204
@!@!@ENDMSG 2221 @!@!@
@!@!@STARTMSG 2221:0 @!@!@
  |||||line 128, col 61 to line 128, col 67 of module musical_chairs_pluscal: 54
@!@!@ENDMSG 2221 @!@!@
@!@!@STARTMSG 2221:0 @!@!@
  ||||line 125, col 41 to line 125, col 52 of module musical_chairs_pluscal: 20
@!@!@ENDMSG 2221 @!@!@
@!@!@STARTMSG 2221:0 @!@!@
  ||||line 126, col 41 to line 126, col 53 of module musical_chairs_pluscal: 20
@!@!@ENDMSG 2221 @!@!@
@!@!@STARTMSG 2221:0 @!@!@
  ||||line 127, col 41 to line 127, col 53 of module musical_chairs_pluscal: 20
@!@!@ENDMSG 2221 @!@!@
@!@!@STARTMSG 2221:0 @!@!@
  |||line 129, col 32 to line 132, col 67 of module musical_chairs_pluscal: 20
@!@!@ENDMSG 2221 @!@!@
@!@!@STARTMSG 2221:0 @!@!@
  ||||line 132, col 35 to line 132, col 67 of module musical_chairs_pluscal: 140
@!@!@ENDMSG 2221 @!@!@
@!@!@STARTMSG 2221:0 @!@!@
  |||||line 132, col 35 to line 132, col 56 of module musical_chairs_pluscal: 140
@!@!@ENDMSG 2221 @!@!@
@!@!@STARTMSG 2221:0 @!@!@
  ||||||line 132, col 35 to line 132, col 43 of module musical_chairs_pluscal: 140
@!@!@ENDMSG 2221 @!@!@
@!@!@STARTMSG 2221:0 @!@!@
  ||||||line 132, col 48 to line 132, col 56 of module musical_chairs_pluscal: 70
@!@!@ENDMSG 2221 @!@!@
@!@!@STARTMSG 2221:0 @!@!@
  |||||line 132, col 61 to line 132, col 67 of module musical_chairs_pluscal: 44
@!@!@ENDMSG 2221 @!@!@
@!@!@STARTMSG 2221:0 @!@!@
  ||||line 129, col 41 to line 129, col 48 of module musical_chairs_pluscal: 20
@!@!@ENDMSG 2221 @!@!@
@!@!@STARTMSG 2775:0 @!@!@
  |||||line 10, col 13 to line 10, col 34 of module musical_chairs_pluscal: 20:222
@!@!@ENDMSG 2775 @!@!@
@!@!@STARTMSG 2221:0 @!@!@
  ||||||line 10, col 14 to line 10, col 17 of module musical_chairs_pluscal: 54
@!@!@ENDMSG 2221 @!@!@
@!@!@STARTMSG 2221:0 @!@!@
  ||||||line 10, col 26 to line 10, col 33 of module musical_chairs_pluscal: 20
@!@!@ENDMSG 2221 @!@!@
@!@!@STARTMSG 2221:0 @!@!@
  |||||line 129, col 47 to line 129, col 47 of module musical_chairs_pluscal: 20
@!@!@ENDMSG 2221 @!@!@
@!@!@STARTMSG 2221:0 @!@!@
  ||||line 130, col 41 to line 130, col 48 of module musical_chairs_pluscal: 20
@!@!@ENDMSG 2221 @!@!@
@!@!@STARTMSG 2221:0 @!@!@
  ||||line 131, col 41 to line 131, col 48 of module musical_chairs_pluscal: 20
@!@!@ENDMSG 2221 @!@!@
@!@!@STARTMSG 2775:0 @!@!@
  ||line 124, col 37 to line 124, col 67 of module musical_chairs_pluscal: 5:613
@!@!@ENDMSG 2775 @!@!@
@!@!@STARTMSG 2221:0 @!@!@
  line 133, col 11 to line 134, col 62 of module musical_chairs_pluscal: 5
@!@!@ENDMSG 2221 @!@!@
@!@!@STARTMSG 2221:0 @!@!@
  |line 133, col 19 to line 133, col 67 of module musical_chairs_pluscal: 5
@!@!@ENDMSG 2221 @!@!@
@!@!@STARTMSG 2221:0 @!@!@
  ||line 133, col 43 to line 133, col 67 of module musical_chairs_pluscal: 17
@!@!@ENDMSG 2221 @!@!@
@!@!@STARTMSG 2221:0 @!@!@
  |||line 133, col 43 to line 133, col 43 of module musical_chairs_pluscal: 17
@!@!@ENDMSG 2221 @!@!@
@!@!@STARTMSG 2221:0 @!@!@
  |||line 133, col 52 to line 133, col 67 of module musical_chairs_pluscal: 17
@!@!@ENDMSG 2221 @!@!@
@!@!@STARTMSG 2221:0 @!@!@
  ||||line 10, col 13 to line 10, col 34 of module musical_chairs_pluscal: 17
@!@!@ENDMSG 2221 @!@!@
@!@!@STARTMSG 2221:0 @!@!@
  |||||line 10, col 14 to line 10, col 17 of module musical_chairs_pluscal: 42
@!@!@ENDMSG 2221 @!@!@
@!@!@STARTMSG 2221:0 @!@!@
  |||||line 10, col 26 to line 10, col 33 of module musical_chairs_pluscal: 17
@!@!@ENDMSG 2221 @!@!@
@!@!@STARTMSG 2221:0 @!@!@
  ||||line 133, col 58 to line 133, col 66 of module musical_chairs_pluscal: 59
@!@!@ENDMSG 2221 @!@!@
@!@!@STARTMSG 2221:0 @!@!@
  ||line 133, col 28 to line 133, col 40 of module musical_chairs_pluscal: 5
@!@!@ENDMSG 2221 @!@!@
@!@!@STARTMSG 2221:0 @!@!@
  line 135, col 11 to line 135, col 28 of module musical_chairs_pluscal: 5
@!@!@ENDMSG 2221 @!@!@
@!@!@STARTMSG 2221:0 @!@!@
  line 136, col 11 to line 136, col 44 of module musical_chairs_pluscal: 5
@!@!@ENDMSG 2221 @!@!@
@!@!@STARTMSG 2221:0 @!@!@
  line 137, col 11 to line 137, col 76 of module musical_chairs_pluscal: 5
@!@!@ENDMSG 2221 @!@!@
@!@!@STARTMSG 2772:0 @!@!@
<eliminateloser line 141, col 1 to line 141, col 14 of module musical_chairs_pluscal>: 1:3
@!@!@ENDMSG 2772 @!@!@
@!@!@STARTMSG 2221:0 @!@!@
  line 141, col 22 to line 141, col 60 of module musical_chairs_pluscal: 27
@!@!@ENDMSG 2221 @!@!@
@!@!@STARTMSG 2221:0 @!@!@
  |line 141, col 22 to line 141, col 41 of module musical_chairs_pluscal: 24
@!@!@ENDMSG 2221 @!@!@
@!@!@STARTMSG 2221:0 @!@!@
  line 142, col 25 to line 142, col 41 of module musical_chairs_pluscal: 27
@!@!@ENDMSG 2221 @!@!@
@!@!@STARTMSG 2221:0 @!@!@
  |line 142, col 25 to line 142, col 29 of module musical_chairs_pluscal: 24
@!@!@ENDMSG 2221 @!@!@
@!@!@STARTMSG 2221:0 @!@!@
  line 143, col 25 to line 143, col 54 of module musical_chairs_pluscal: 3
@!@!@ENDMSG 2221 @!@!@
@!@!@STARTMSG 2221:0 @!@!@
  |line 143, col 25 to line 143, col 50 of module musical_chairs_pluscal: 5
@!@!@ENDMSG 2221 @!@!@
@!@!@STARTMSG 2221:0 @!@!@
  line 144, col 25 to line 144, col 85 of module musical_chairs_pluscal: 8
@!@!@ENDMSG 2221 @!@!@
@!@!@STARTMSG 2221:0 @!@!@
  |line 144, col 25 to line 144, col 81 of module musical_chairs_pluscal: 5
@!@!@ENDMSG 2221 @!@!@
@!@!@STARTMSG 2221:0 @!@!@
  ||line 144, col 25 to line 144, col 50 of module musical_chairs_pluscal: 5
@!@!@ENDMSG 2221 @!@!@
@!@!@STARTMSG 2221:0 @!@!@
  ||line 144, col 54 to line 144, col 81 of module musical_chairs_pluscal: 5
@!@!@ENDMSG 2221 @!@!@
@!@!@STARTMSG 2221:0 @!@!@
  |||line 144, col 66 to line 144, col 80 of module musical_chairs_pluscal: 5
@!@!@ENDMSG 2221 @!@!@
@!@!@STARTMSG 2221:0 @!@!@
  ||||line 10, col 13 to line 10, col 34 of module musical_chairs_pluscal: 5
@!@!@ENDMSG 2221 @!@!@
@!@!@STARTMSG 2221:0 @!@!@
  |||||line 10, col 14 to line 10, col 17 of module musical_chairs_pluscal: 13
@!@!@ENDMSG 2221 @!@!@
@!@!@STARTMSG 2221:0 @!@!@
  |||||line 10, col 26 to line 10, col 33 of module musical_chairs_pluscal: 5
@!@!@ENDMSG 2221 @!@!@
@!@!@STARTMSG 2221:0 @!@!@
  ||||line 144, col 72 to line 144, col 79 of module musical_chairs_pluscal: 5
@!@!@ENDMSG 2221 @!@!@
@!@!@STARTMSG 2221:0 @!@!@
  line 145, col 22 to line 145, col 53 of module musical_chairs_pluscal: 3
@!@!@ENDMSG 2221 @!@!@
@!@!@STARTMSG 2221:0 @!@!@
  |line 145, col 39 to line 145, col 53 of module musical_chairs_pluscal: 5
@!@!@ENDMSG 2221 @!@!@
@!@!@STARTMSG 2775:0 @!@!@
  ||line 10, col 13 to line 10, col 34 of module musical_chairs_pluscal: 5:1379
@!@!@ENDMSG 2775 @!@!@
@!@!@STARTMSG 2221:0 @!@!@
  |||line 10, col 14 to line 10, col 17 of module musical_chairs_pluscal: 13
@!@!@ENDMSG 2221 @!@!@
@!@!@STARTMSG 2221:0 @!@!@
  |||line 10, col 26 to line 10, col 33 of module musical_chairs_pluscal: 5
@!@!@ENDMSG 2221 @!@!@
@!@!@STARTMSG 2221:0 @!@!@
  ||line 145, col 45 to line 145, col 52 of module musical_chairs_pluscal: 5
@!@!@ENDMSG 2221 @!@!@
@!@!@STARTMSG 2221:0 @!@!@
  line 146, col 22 to line 146, col 86 of module musical_chairs_pluscal: 3
@!@!@ENDMSG 2221 @!@!@
@!@!@STARTMSG 2221:0 @!@!@
  |line 146, col 38 to line 146, col 86 of module musical_chairs_pluscal: 5
@!@!@ENDMSG 2221 @!@!@
@!@!@STARTMSG 2221:0 @!@!@
  line 147, col 22 to line 148, col 73 of module musical_chairs_pluscal: 3
@!@!@ENDMSG 2221 @!@!@
@!@!@STARTMSG 2221:0 @!@!@
  |line 147, col 30 to line 147, col 69 of module musical_chairs_pluscal: 5
@!@!@ENDMSG 2221 @!@!@
@!@!@STARTMSG 2221:0 @!@!@
  line 149, col 22 to line 149, col 37 of module musical_chairs_pluscal: 3
@!@!@ENDMSG 2221 @!@!@
@!@!@STARTMSG 2221:0 @!@!@
  line 150, col 22 to line 150, col 37 of module musical_chairs_pluscal: 3
@!@!@ENDMSG 2221 @!@!@
@!@!@STARTMSG 2221:0 @!@!@
  line 151, col 22 to line 151, col 77 of module musical_chairs_pluscal: 3
@!@!@ENDMSG 2221 @!@!@
@!@!@STARTMSG 2221:0 @!@!@
  line 152, col 22 to line 152, col 58 of module musical_chairs_pluscal: 3
@!@!@ENDMSG 2221 @!@!@
@!@!@STARTMSG 2772:0 @!@!@
<win line 156, col 1 to line 156, col 3 of module musical_chairs_pluscal>: 0:0
@!@!@ENDMSG 2772 @!@!@
@!@!@STARTMSG 2221:0 @!@!@
  line 156, col 11 to line 156, col 27 of module musical_chairs_pluscal: 21
@!@!@ENDMSG 2221 @!@!@
@!@!@STARTMSG 2221:0 @!@!@
  line 157, col 14 to line 157, col 30 of module musical_chairs_pluscal: 21
@!@!@ENDMSG 2221 @!@!@
@!@!@STARTMSG 2221:0 @!@!@
  line 158, col 14 to line 158, col 43 of module musical_chairs_pluscal: 2
@!@!@ENDMSG 2221 @!@!@
@!@!@STARTMSG 2221:0 @!@!@
  line 159, col 11 to line 159, col 24 of module musical_chairs_pluscal: 0
@!@!@ENDMSG 2221 @!@!@
@!@!@STARTMSG 2221:0 @!@!@
  line 160, col 11 to line 160, col 45 of module musical_chairs_pluscal: 0
@!@!@ENDMSG 2221 @!@!@
@!@!@STARTMSG 2221:0 @!@!@
  line 161, col 11 to line 162, col 33 of module musical_chairs_pluscal: 0
@!@!@ENDMSG 2221 @!@!@
@!@!@STARTMSG 2772:0 @!@!@
<cmp line 166, col 1 to line 166, col 3 of module musical_chairs_pluscal>: 4:19
@!@!@ENDMSG 2772 @!@!@
@!@!@STARTMSG 2221:0 @!@!@
  line 166, col 11 to line 166, col 42 of module musical_chairs_pluscal: 40
@!@!@ENDMSG 2221 @!@!@
@!@!@STARTMSG 2221:0 @!@!@
  |line 166, col 11 to line 166, col 34 of module musical_chairs_pluscal: 21
@!@!@ENDMSG 2221 @!@!@
@!@!@STARTMSG 2221:0 @!@!@
  line 167, col 11 to line 167, col 40 of module musical_chairs_pluscal: 40
@!@!@ENDMSG 2221 @!@!@
@!@!@STARTMSG 2221:0 @!@!@
  |line 167, col 11 to line 167, col 15 of module musical_chairs_pluscal: 21
@!@!@ENDMSG 2221 @!@!@
@!@!@STARTMSG 2221:0 @!@!@
  |line 167, col 21 to line 167, col 40 of module musical_chairs_pluscal: 21
@!@!@ENDMSG 2221 @!@!@
@!@!@STARTMSG 2221:0 @!@!@
  line 168, col 11 to line 168, col 39 of module musical_chairs_pluscal: 19
@!@!@ENDMSG 2221 @!@!@
@!@!@STARTMSG 2221:0 @!@!@
  line 169, col 11 to line 169, col 59 of module musical_chairs_pluscal: 19
@!@!@ENDMSG 2221 @!@!@
@!@!@STARTMSG 2221:0 @!@!@
  line 170, col 11 to line 170, col 79 of module musical_chairs_pluscal: 19
@!@!@ENDMSG 2221 @!@!@
@!@!@STARTMSG 2772:0 @!@!@
<Terminating line 175, col 1 to line 175, col 11 of module musical_chairs_pluscal>: 0:0
@!@!@ENDMSG 2772 @!@!@
@!@!@STARTMSG 2221:0 @!@!@
  line 175, col 19 to line 175, col 56 of module musical_chairs_pluscal: 18
@!@!@ENDMSG 2221 @!@!@
@!@!@STARTMSG 2221:0 @!@!@
  line 176, col 19 to line 176, col 32 of module musical_chairs_pluscal: 0
@!@!@ENDMSG 2221 @!@!@
@!@!@STARTMSG 2774:0 @!@!@
<OneMorePlayerThanChairs line 202, col 1 to line 202, col 23 of module musical_chairs_pluscal>
@!@!@ENDMSG 2774 @!@!@
@!@!@STARTMSG 2221:0 @!@!@
  line 203, col 5 to line 203, col 62 of module musical_chairs_pluscal: 10
@!@!@ENDMSG 2221 @!@!@
@!@!@STARTMSG 2774:0 @!@!@
<TypeOK line 193, col 1 to line 193, col 6 of module musical_chairs_pluscal>
@!@!@ENDMSG 2774 @!@!@
@!@!@STARTMSG 2221:0 @!@!@
  line 194, col 5 to line 198, col 23 of module musical_chairs_pluscal: 10
@!@!@ENDMSG 2221 @!@!@
@!@!@STARTMSG 2202:0 @!@!@
End of statistics.
@!@!@ENDMSG 2202 @!@!@
@!@!@STARTMSG 2200:0 @!@!@
Progress(9) at 2019-12-23 00:40:53: 14 states generated (926 s/min), 10 distinct states found (661 ds/min), 0 states left on queue.
@!@!@ENDMSG 2200 @!@!@
@!@!@STARTMSG 2199:0 @!@!@
14 states generated, 10 distinct states found, 0 states left on queue.
@!@!@ENDMSG 2199 @!@!@
@!@!@STARTMSG 2186:0 @!@!@
Finished in 909ms at (2019-12-23 00:40:53)
@!@!@ENDMSG 2186 @!@!@
