Picked up _JAVA_OPTIONS: -Dawt.useSystemAAFontSettings=on -Dswing.aatext=true
@!@!@STARTMSG 2262:0 @!@!@
TLC2 Version 2.16 of 31 December 2020 (rev: cdddf55)
@!@!@ENDMSG 2262 @!@!@
@!@!@STARTMSG 2187:0 @!@!@
Running breadth-first search Model-Checking with fp 126 and seed -3993093486287198671 with 4 workers on 8 cores with 1156MB heap and 2597MB offheap memory [pid: 988340] (Linux 5.4.0-89-generic amd64, AdoptOpenJDK 14.0.1 x86_64, OffHeapDiskFPSet, DiskStateQueue).
@!@!@ENDMSG 2187 @!@!@
@!@!@STARTMSG 2220:0 @!@!@
Starting SANY...
@!@!@ENDMSG 2220 @!@!@
Parsing file /home/bandali/src/watform-models/2020-bandali-thesis/landing-gear/tla/landing_gear.toolbox/Model_1/MC.tla
Parsing file /home/bandali/src/watform-models/2020-bandali-thesis/landing-gear/tla/landing_gear.toolbox/Model_1/landing_gear.tla
Parsing file /home/bandali/usr/dl/tla-toolbox/plugins/org.lamport.tlatools_1.0.0.202012311918/tla2sany/StandardModules/TLC.tla
Parsing file /home/bandali/usr/dl/tla-toolbox/plugins/org.lamport.tlatools_1.0.0.202012311918/tla2sany/StandardModules/Naturals.tla
Parsing file /home/bandali/usr/dl/tla-toolbox/plugins/org.lamport.tlatools_1.0.0.202012311918/tla2sany/StandardModules/Sequences.tla
Parsing file /home/bandali/usr/dl/tla-toolbox/plugins/org.lamport.tlatools_1.0.0.202012311918/tla2sany/StandardModules/FiniteSets.tla
Semantic processing of module landing_gear
Semantic processing of module Naturals
Semantic processing of module Sequences
Semantic processing of module FiniteSets
Semantic processing of module TLC
Semantic processing of module MC
@!@!@STARTMSG 2219:0 @!@!@
SANY finished.
@!@!@ENDMSG 2219 @!@!@
@!@!@STARTMSG 2185:0 @!@!@
Starting... (2021-11-18 17:32:57)
@!@!@ENDMSG 2185 @!@!@
@!@!@STARTMSG 2212:0 @!@!@
Implied-temporal checking--satisfiability problem has 4 branches.
@!@!@ENDMSG 2212 @!@!@
@!@!@STARTMSG 2189:0 @!@!@
Computing initial states...
@!@!@ENDMSG 2189 @!@!@
@!@!@STARTMSG 2269:0 @!@!@
Computed 2 initial states...
@!@!@ENDMSG 2269 @!@!@
@!@!@STARTMSG 2269:0 @!@!@
Computed 4 initial states...
@!@!@ENDMSG 2269 @!@!@
@!@!@STARTMSG 2269:0 @!@!@
Computed 8 initial states...
@!@!@ENDMSG 2269 @!@!@
@!@!@STARTMSG 2269:0 @!@!@
Computed 16 initial states...
@!@!@ENDMSG 2269 @!@!@
@!@!@STARTMSG 2269:0 @!@!@
Computed 32 initial states...
@!@!@ENDMSG 2269 @!@!@
@!@!@STARTMSG 2269:0 @!@!@
Computed 64 initial states...
@!@!@ENDMSG 2269 @!@!@
@!@!@STARTMSG 2269:0 @!@!@
Computed 128 initial states...
@!@!@ENDMSG 2269 @!@!@
@!@!@STARTMSG 2269:0 @!@!@
Computed 256 initial states...
@!@!@ENDMSG 2269 @!@!@
@!@!@STARTMSG 2269:0 @!@!@
Computed 512 initial states...
@!@!@ENDMSG 2269 @!@!@
@!@!@STARTMSG 2269:0 @!@!@
Computed 1024 initial states...
@!@!@ENDMSG 2269 @!@!@
@!@!@STARTMSG 2269:0 @!@!@
Computed 2048 initial states...
@!@!@ENDMSG 2269 @!@!@
@!@!@STARTMSG 2269:0 @!@!@
Computed 4096 initial states...
@!@!@ENDMSG 2269 @!@!@
@!@!@STARTMSG 2190:0 @!@!@
Finished computing initial states: 8192 distinct states generated at 2021-11-18 17:32:58.
@!@!@ENDMSG 2190 @!@!@
@!@!@STARTMSG 2192:0 @!@!@
Checking 4 branches of temporal properties for the current state space with 49152 total distinct states at (2021-11-18 17:33:01)
@!@!@ENDMSG 2192 @!@!@
@!@!@STARTMSG 2267:0 @!@!@
Finished checking temporal properties in 00s at 2021-11-18 17:33:02
@!@!@ENDMSG 2267 @!@!@
@!@!@STARTMSG 2200:0 @!@!@
Progress(2) at 2021-11-18 17:33:02: 121,462 states generated (121,462 s/min), 12,288 distinct states found (12,288 ds/min), 4,197 states left on queue.
@!@!@ENDMSG 2200 @!@!@
@!@!@STARTMSG 2200:0 @!@!@
Progress(17) at 2021-11-18 17:33:23: 1,155,072 states generated, 81,920 distinct states found, 0 states left on queue.
@!@!@ENDMSG 2200 @!@!@
@!@!@STARTMSG 2192:0 @!@!@
Checking 4 branches of temporal properties for the complete state space with 327680 total distinct states at (2021-11-18 17:33:23)
@!@!@ENDMSG 2192 @!@!@
@!@!@STARTMSG 2267:0 @!@!@
Finished checking temporal properties in 06s at 2021-11-18 17:33:30
@!@!@ENDMSG 2267 @!@!@
@!@!@STARTMSG 2193:0 @!@!@
Model checking completed. No error has been found.
  Estimates of the probability that TLC did not check all reachable states
  because two distinct states had the same fingerprint:
  calculated (optimistic):  val = 4.8E-9
  based on the actual fingerprints:  val = 3.9E-10
@!@!@ENDMSG 2193 @!@!@
@!@!@STARTMSG 2201:0 @!@!@
The coverage statistics at 2021-11-18 17:33:33
@!@!@ENDMSG 2201 @!@!@
@!@!@STARTMSG 2773:0 @!@!@
<Init line 357, col 1 to line 357, col 4 of module landing_gear>: 8192:8192
@!@!@ENDMSG 2773 @!@!@
@!@!@STARTMSG 2221:0 @!@!@
  line 358, col 8 to line 358, col 30 of module landing_gear: 1
@!@!@ENDMSG 2221 @!@!@
@!@!@STARTMSG 2221:0 @!@!@
  line 361, col 8 to line 361, col 36 of module landing_gear: 2
@!@!@ENDMSG 2221 @!@!@
@!@!@STARTMSG 2221:0 @!@!@
  line 362, col 8 to line 362, col 39 of module landing_gear: 2
@!@!@ENDMSG 2221 @!@!@
@!@!@STARTMSG 2221:0 @!@!@
  line 363, col 8 to line 363, col 40 of module landing_gear: 2
@!@!@ENDMSG 2221 @!@!@
@!@!@STARTMSG 2221:0 @!@!@
  line 364, col 8 to line 364, col 42 of module landing_gear: 2
@!@!@ENDMSG 2221 @!@!@
@!@!@STARTMSG 2221:0 @!@!@
  line 365, col 8 to line 365, col 41 of module landing_gear: 2
@!@!@ENDMSG 2221 @!@!@
@!@!@STARTMSG 2221:0 @!@!@
  line 366, col 8 to line 366, col 51 of module landing_gear: 2
@!@!@ENDMSG 2221 @!@!@
@!@!@STARTMSG 2221:0 @!@!@
  line 367, col 8 to line 367, col 52 of module landing_gear: 16
@!@!@ENDMSG 2221 @!@!@
@!@!@STARTMSG 2221:0 @!@!@
  line 368, col 8 to line 368, col 49 of module landing_gear: 128
@!@!@ENDMSG 2221 @!@!@
@!@!@STARTMSG 2221:0 @!@!@
  line 369, col 8 to line 369, col 47 of module landing_gear: 8192
@!@!@ENDMSG 2221 @!@!@
@!@!@STARTMSG 2775:0 @!@!@
  |line 369, col 25 to line 369, col 47 of module landing_gear: 1024:24576
@!@!@ENDMSG 2775 @!@!@
@!@!@STARTMSG 2772:0 @!@!@
<toggle_handle line 289, col 1 to line 289, col 13 of module landing_gear>: 9946:81934
@!@!@ENDMSG 2772 @!@!@
@!@!@STARTMSG 2221:0 @!@!@
  line 290, col 11 to line 290, col 23 of module landing_gear: 81934
@!@!@ENDMSG 2221 @!@!@
@!@!@STARTMSG 2221:0 @!@!@
  line 291, col 13 to line 291, col 28 of module landing_gear: 40967
@!@!@ENDMSG 2221 @!@!@
@!@!@STARTMSG 2221:0 @!@!@
  line 292, col 13 to line 292, col 26 of module landing_gear: 40967
@!@!@ENDMSG 2221 @!@!@
@!@!@STARTMSG 2221:0 @!@!@
  line 293, col 8 to line 300, col 51 of module landing_gear: 81934
@!@!@ENDMSG 2221 @!@!@
@!@!@STARTMSG 2772:0 @!@!@
<toggle_gears_extended line 302, col 1 to line 302, col 24 of module landing_gear>: 0:245802
@!@!@ENDMSG 2772 @!@!@
@!@!@STARTMSG 2221:0 @!@!@
  line 303, col 11 to line 303, col 29 of module landing_gear: 245802
@!@!@ENDMSG 2221 @!@!@
@!@!@STARTMSG 2221:0 @!@!@
  line 304, col 13 to line 304, col 70 of module landing_gear: 122880
@!@!@ENDMSG 2221 @!@!@
@!@!@STARTMSG 2221:0 @!@!@
  line 305, col 13 to line 305, col 69 of module landing_gear: 122922
@!@!@ENDMSG 2221 @!@!@
@!@!@STARTMSG 2221:0 @!@!@
  line 306, col 8 to line 313, col 51 of module landing_gear: 245802
@!@!@ENDMSG 2221 @!@!@
@!@!@STARTMSG 2772:0 @!@!@
<toggle_gears_retracted line 315, col 1 to line 315, col 25 of module landing_gear>: 9252:245802
@!@!@ENDMSG 2772 @!@!@
@!@!@STARTMSG 2221:0 @!@!@
  line 316, col 11 to line 316, col 30 of module landing_gear: 245802
@!@!@ENDMSG 2221 @!@!@
@!@!@STARTMSG 2221:0 @!@!@
  line 317, col 13 to line 317, col 72 of module landing_gear: 122892
@!@!@ENDMSG 2221 @!@!@
@!@!@STARTMSG 2221:0 @!@!@
  line 318, col 13 to line 318, col 71 of module landing_gear: 122910
@!@!@ENDMSG 2221 @!@!@
@!@!@STARTMSG 2221:0 @!@!@
  line 319, col 8 to line 326, col 51 of module landing_gear: 245802
@!@!@ENDMSG 2221 @!@!@
@!@!@STARTMSG 2772:0 @!@!@
<toggle_doors_closed line 328, col 1 to line 328, col 22 of module landing_gear>: 2336:245802
@!@!@ENDMSG 2772 @!@!@
@!@!@STARTMSG 2221:0 @!@!@
  line 329, col 11 to line 329, col 27 of module landing_gear: 245802
@!@!@ENDMSG 2221 @!@!@
@!@!@STARTMSG 2221:0 @!@!@
  line 330, col 13 to line 330, col 66 of module landing_gear: 122883
@!@!@ENDMSG 2221 @!@!@
@!@!@STARTMSG 2221:0 @!@!@
  line 331, col 13 to line 331, col 65 of module landing_gear: 122919
@!@!@ENDMSG 2221 @!@!@
@!@!@STARTMSG 2221:0 @!@!@
  line 332, col 8 to line 339, col 35 of module landing_gear: 245802
@!@!@ENDMSG 2221 @!@!@
@!@!@STARTMSG 2772:0 @!@!@
<toggle_doors_open line 341, col 1 to line 341, col 20 of module landing_gear>: 42249:245802
@!@!@ENDMSG 2772 @!@!@
@!@!@STARTMSG 2221:0 @!@!@
  line 342, col 11 to line 342, col 25 of module landing_gear: 245802
@!@!@ENDMSG 2221 @!@!@
@!@!@STARTMSG 2221:0 @!@!@
  line 343, col 13 to line 343, col 62 of module landing_gear: 122912
@!@!@ENDMSG 2221 @!@!@
@!@!@STARTMSG 2221:0 @!@!@
  line 344, col 13 to line 344, col 61 of module landing_gear: 122890
@!@!@ENDMSG 2221 @!@!@
@!@!@STARTMSG 2221:0 @!@!@
  line 345, col 8 to line 352, col 37 of module landing_gear: 245802
@!@!@ENDMSG 2221 @!@!@
@!@!@STARTMSG 2772:0 @!@!@
<Next line 372, col 1 to line 372, col 4 of module landing_gear (373 8 375 29)>: 9945:81934
@!@!@ENDMSG 2772 @!@!@
@!@!@STARTMSG 2221:0 @!@!@
  line 373, col 11 to line 373, col 23 of module landing_gear: 81934
@!@!@ENDMSG 2221 @!@!@
@!@!@STARTMSG 2221:0 @!@!@
  line 190, col 11 to line 190, col 29 of module landing_gear: 40967
@!@!@ENDMSG 2221 @!@!@
@!@!@STARTMSG 2221:0 @!@!@
  line 192, col 15 to line 192, col 28 of module landing_gear: 24582
@!@!@ENDMSG 2221 @!@!@
@!@!@STARTMSG 2221:0 @!@!@
  line 193, col 20 to line 197, col 61 of module landing_gear: 12290
@!@!@ENDMSG 2221 @!@!@
@!@!@STARTMSG 2221:0 @!@!@
  |line 194, col 22 to line 197, col 60 of module landing_gear: 12290
@!@!@ENDMSG 2221 @!@!@
@!@!@STARTMSG 2221:0 @!@!@
  ||line 194, col 27 to line 194, col 60 of module landing_gear: 12290
@!@!@ENDMSG 2221 @!@!@
@!@!@STARTMSG 2221:0 @!@!@
  ||line 195, col 27 to line 195, col 46 of module landing_gear: 8194
@!@!@ENDMSG 2221 @!@!@
@!@!@STARTMSG 2221:0 @!@!@
  ||line 195, col 51 to line 195, col 96 of module landing_gear: 4096
@!@!@ENDMSG 2221 @!@!@
@!@!@STARTMSG 2221:0 @!@!@
  |||line 195, col 54 to line 195, col 68 of module landing_gear: 4096
@!@!@ENDMSG 2221 @!@!@
@!@!@STARTMSG 2221:0 @!@!@
  ||||line 136, col 3 to line 136, col 43 of module landing_gear: 4096
@!@!@ENDMSG 2221 @!@!@
@!@!@STARTMSG 2221:0 @!@!@
  |||||line 136, col 24 to line 136, col 43 of module landing_gear: 7168
@!@!@ENDMSG 2221 @!@!@
@!@!@STARTMSG 2221:0 @!@!@
  |||||line 136, col 12 to line 136, col 21 of module landing_gear: 4096
@!@!@ENDMSG 2221 @!@!@
@!@!@STARTMSG 2221:0 @!@!@
  |||line 195, col 92 to line 195, col 96 of module landing_gear: 3584
@!@!@ENDMSG 2221 @!@!@
@!@!@STARTMSG 2221:0 @!@!@
  ||line 196, col 27 to line 196, col 61 of module landing_gear: 4098
@!@!@ENDMSG 2221 @!@!@
@!@!@STARTMSG 2221:0 @!@!@
  line 198, col 20 to line 202, col 78 of module landing_gear: 12290
@!@!@ENDMSG 2221 @!@!@
@!@!@STARTMSG 2221:0 @!@!@
  |line 199, col 22 to line 202, col 77 of module landing_gear: 12290
@!@!@ENDMSG 2221 @!@!@
@!@!@STARTMSG 2221:0 @!@!@
  ||line 199, col 27 to line 199, col 53 of module landing_gear: 12290
@!@!@ENDMSG 2221 @!@!@
@!@!@STARTMSG 2221:0 @!@!@
  ||line 200, col 27 to line 200, col 47 of module landing_gear: 12290
@!@!@ENDMSG 2221 @!@!@
@!@!@STARTMSG 2221:0 @!@!@
  ||line 200, col 52 to line 200, col 113 of module landing_gear: 11778
@!@!@ENDMSG 2221 @!@!@
@!@!@STARTMSG 2221:0 @!@!@
  |||line 200, col 55 to line 200, col 69 of module landing_gear: 11778
@!@!@ENDMSG 2221 @!@!@
@!@!@STARTMSG 2221:0 @!@!@
  ||||line 136, col 3 to line 136, col 43 of module landing_gear: 11778
@!@!@ENDMSG 2221 @!@!@
@!@!@STARTMSG 2221:0 @!@!@
  |||||line 136, col 24 to line 136, col 43 of module landing_gear: 19970
@!@!@ENDMSG 2221 @!@!@
@!@!@STARTMSG 2221:0 @!@!@
  |||||line 136, col 12 to line 136, col 21 of module landing_gear: 11778
@!@!@ENDMSG 2221 @!@!@
@!@!@STARTMSG 2221:0 @!@!@
  |||line 200, col 76 to line 200, col 80 of module landing_gear: 1024
@!@!@ENDMSG 2221 @!@!@
@!@!@STARTMSG 2221:0 @!@!@
  |||line 200, col 87 to line 200, col 113 of module landing_gear: 10754
@!@!@ENDMSG 2221 @!@!@
@!@!@STARTMSG 2221:0 @!@!@
  ||line 201, col 27 to line 201, col 54 of module landing_gear: 512
@!@!@ENDMSG 2221 @!@!@
@!@!@STARTMSG 2221:0 @!@!@
  ||line 202, col 27 to line 202, col 77 of module landing_gear: 512
@!@!@ENDMSG 2221 @!@!@
@!@!@STARTMSG 2221:0 @!@!@
  line 203, col 20 to line 207, col 77 of module landing_gear: 12290
@!@!@ENDMSG 2221 @!@!@
@!@!@STARTMSG 2221:0 @!@!@
  |line 204, col 22 to line 207, col 76 of module landing_gear: 12290
@!@!@ENDMSG 2221 @!@!@
@!@!@STARTMSG 2221:0 @!@!@
  ||line 204, col 27 to line 204, col 75 of module landing_gear: 12290
@!@!@ENDMSG 2221 @!@!@
@!@!@STARTMSG 2221:0 @!@!@
  ||line 205, col 27 to line 205, col 47 of module landing_gear: 12290
@!@!@ENDMSG 2221 @!@!@
@!@!@STARTMSG 2221:0 @!@!@
  ||line 205, col 52 to line 205, col 77 of module landing_gear: 11778
@!@!@ENDMSG 2221 @!@!@
@!@!@STARTMSG 2221:0 @!@!@
  ||line 206, col 27 to line 206, col 55 of module landing_gear: 512
@!@!@ENDMSG 2221 @!@!@
@!@!@STARTMSG 2221:0 @!@!@
  ||line 207, col 27 to line 207, col 76 of module landing_gear: 512
@!@!@ENDMSG 2221 @!@!@
@!@!@STARTMSG 2221:0 @!@!@
  line 208, col 20 to line 211, col 60 of module landing_gear: 12290
@!@!@ENDMSG 2221 @!@!@
@!@!@STARTMSG 2221:0 @!@!@
  line 212, col 20 to line 215, col 84 of module landing_gear: 12292
@!@!@ENDMSG 2221 @!@!@
@!@!@STARTMSG 2221:0 @!@!@
  |line 213, col 22 to line 215, col 83 of module landing_gear: 12292
@!@!@ENDMSG 2221 @!@!@
@!@!@STARTMSG 2221:0 @!@!@
  ||line 213, col 27 to line 213, col 55 of module landing_gear: 12292
@!@!@ENDMSG 2221 @!@!@
@!@!@STARTMSG 2221:0 @!@!@
  ||line 214, col 27 to line 214, col 56 of module landing_gear: 8194
@!@!@ENDMSG 2221 @!@!@
@!@!@STARTMSG 2221:0 @!@!@
  ||line 215, col 27 to line 215, col 43 of module landing_gear: 4096
@!@!@ENDMSG 2221 @!@!@
@!@!@STARTMSG 2221:0 @!@!@
  ||line 215, col 48 to line 215, col 83 of module landing_gear: 4096
@!@!@ENDMSG 2221 @!@!@
@!@!@STARTMSG 2221:0 @!@!@
  |||line 215, col 51 to line 215, col 60 of module landing_gear: 4096
@!@!@ENDMSG 2221 @!@!@
@!@!@STARTMSG 2221:0 @!@!@
  ||||line 142, col 3 to line 142, col 38 of module landing_gear: 4096
@!@!@ENDMSG 2221 @!@!@
@!@!@STARTMSG 2221:0 @!@!@
  |||||line 142, col 24 to line 142, col 38 of module landing_gear: 7168
@!@!@ENDMSG 2221 @!@!@
@!@!@STARTMSG 2221:0 @!@!@
  |||||line 142, col 12 to line 142, col 21 of module landing_gear: 4096
@!@!@ENDMSG 2221 @!@!@
@!@!@STARTMSG 2221:0 @!@!@
  |||line 215, col 79 to line 215, col 83 of module landing_gear: 3584
@!@!@ENDMSG 2221 @!@!@
@!@!@STARTMSG 2221:0 @!@!@
  line 216, col 20 to line 220, col 67 of module landing_gear: 12292
@!@!@ENDMSG 2221 @!@!@
@!@!@STARTMSG 2221:0 @!@!@
  |line 217, col 22 to line 220, col 66 of module landing_gear: 12292
@!@!@ENDMSG 2221 @!@!@
@!@!@STARTMSG 2221:0 @!@!@
  ||line 217, col 27 to line 217, col 51 of module landing_gear: 12292
@!@!@ENDMSG 2221 @!@!@
@!@!@STARTMSG 2221:0 @!@!@
  ||line 218, col 27 to line 218, col 69 of module landing_gear: 12292
@!@!@ENDMSG 2221 @!@!@
@!@!@STARTMSG 2221:0 @!@!@
  ||line 219, col 27 to line 219, col 44 of module landing_gear: 12292
@!@!@ENDMSG 2221 @!@!@
@!@!@STARTMSG 2221:0 @!@!@
  ||line 219, col 49 to line 219, col 69 of module landing_gear: 11780
@!@!@ENDMSG 2221 @!@!@
@!@!@STARTMSG 2221:0 @!@!@
  ||line 220, col 27 to line 220, col 66 of module landing_gear: 512
@!@!@ENDMSG 2221 @!@!@
@!@!@STARTMSG 2221:0 @!@!@
  line 221, col 20 to line 225, col 71 of module landing_gear: 12292
@!@!@ENDMSG 2221 @!@!@
@!@!@STARTMSG 2221:0 @!@!@
  |line 222, col 22 to line 225, col 70 of module landing_gear: 12292
@!@!@ENDMSG 2221 @!@!@
@!@!@STARTMSG 2221:0 @!@!@
  ||line 222, col 27 to line 222, col 72 of module landing_gear: 12292
@!@!@ENDMSG 2221 @!@!@
@!@!@STARTMSG 2221:0 @!@!@
  ||line 223, col 27 to line 223, col 53 of module landing_gear: 12292
@!@!@ENDMSG 2221 @!@!@
@!@!@STARTMSG 2221:0 @!@!@
  ||line 224, col 27 to line 224, col 44 of module landing_gear: 12292
@!@!@ENDMSG 2221 @!@!@
@!@!@STARTMSG 2221:0 @!@!@
  ||line 224, col 49 to line 224, col 73 of module landing_gear: 11780
@!@!@ENDMSG 2221 @!@!@
@!@!@STARTMSG 2221:0 @!@!@
  ||line 225, col 27 to line 225, col 70 of module landing_gear: 512
@!@!@ENDMSG 2221 @!@!@
@!@!@STARTMSG 2221:0 @!@!@
  line 226, col 20 to line 230, col 70 of module landing_gear: 12292
@!@!@ENDMSG 2221 @!@!@
@!@!@STARTMSG 2221:0 @!@!@
  |line 227, col 22 to line 230, col 69 of module landing_gear: 12292
@!@!@ENDMSG 2221 @!@!@
@!@!@STARTMSG 2221:0 @!@!@
  ||line 227, col 27 to line 227, col 51 of module landing_gear: 12292
@!@!@ENDMSG 2221 @!@!@
@!@!@STARTMSG 2221:0 @!@!@
  ||line 228, col 27 to line 228, col 52 of module landing_gear: 12292
@!@!@ENDMSG 2221 @!@!@
@!@!@STARTMSG 2221:0 @!@!@
  ||line 229, col 27 to line 229, col 44 of module landing_gear: 12292
@!@!@ENDMSG 2221 @!@!@
@!@!@STARTMSG 2221:0 @!@!@
  ||line 229, col 49 to line 229, col 102 of module landing_gear: 11780
@!@!@ENDMSG 2221 @!@!@
@!@!@STARTMSG 2221:0 @!@!@
  |||line 229, col 52 to line 229, col 61 of module landing_gear: 11780
@!@!@ENDMSG 2221 @!@!@
@!@!@STARTMSG 2221:0 @!@!@
  ||||line 142, col 3 to line 142, col 38 of module landing_gear: 11780
@!@!@ENDMSG 2221 @!@!@
@!@!@STARTMSG 2221:0 @!@!@
  |||||line 142, col 24 to line 142, col 38 of module landing_gear: 19972
@!@!@ENDMSG 2221 @!@!@
@!@!@STARTMSG 2221:0 @!@!@
  |||||line 142, col 12 to line 142, col 21 of module landing_gear: 11780
@!@!@ENDMSG 2221 @!@!@
@!@!@STARTMSG 2221:0 @!@!@
  |||line 229, col 68 to line 229, col 72 of module landing_gear: 1024
@!@!@ENDMSG 2221 @!@!@
@!@!@STARTMSG 2221:0 @!@!@
  |||line 229, col 79 to line 229, col 102 of module landing_gear: 10756
@!@!@ENDMSG 2221 @!@!@
@!@!@STARTMSG 2221:0 @!@!@
  ||line 230, col 27 to line 230, col 69 of module landing_gear: 512
@!@!@ENDMSG 2221 @!@!@
@!@!@STARTMSG 2221:0 @!@!@
  line 231, col 20 to line 233, col 61 of module landing_gear: 12292
@!@!@ENDMSG 2221 @!@!@
@!@!@STARTMSG 2221:0 @!@!@
  line 167, col 8 to line 171, col 41 of module landing_gear: 16385
@!@!@ENDMSG 2221 @!@!@
@!@!@STARTMSG 2221:0 @!@!@
  |line 168, col 9 to line 171, col 41 of module landing_gear: 16385
@!@!@ENDMSG 2221 @!@!@
@!@!@STARTMSG 2221:0 @!@!@
  ||line 168, col 14 to line 168, col 40 of module landing_gear: 16385
@!@!@ENDMSG 2221 @!@!@
@!@!@STARTMSG 2221:0 @!@!@
  ||line 169, col 14 to line 169, col 30 of module landing_gear: 12289
@!@!@ENDMSG 2221 @!@!@
@!@!@STARTMSG 2221:0 @!@!@
  ||line 169, col 35 to line 169, col 74 of module landing_gear: 4096
@!@!@ENDMSG 2221 @!@!@
@!@!@STARTMSG 2221:0 @!@!@
  |||line 169, col 38 to line 169, col 49 of module landing_gear: 4096
@!@!@ENDMSG 2221 @!@!@
@!@!@STARTMSG 2221:0 @!@!@
  ||||line 139, col 3 to line 139, col 40 of module landing_gear: 4096
@!@!@ENDMSG 2221 @!@!@
@!@!@STARTMSG 2221:0 @!@!@
  |||||line 139, col 24 to line 139, col 40 of module landing_gear: 7168
@!@!@ENDMSG 2221 @!@!@
@!@!@STARTMSG 2221:0 @!@!@
  |||||line 139, col 12 to line 139, col 21 of module landing_gear: 4096
@!@!@ENDMSG 2221 @!@!@
@!@!@STARTMSG 2221:0 @!@!@
  |||line 169, col 70 to line 169, col 74 of module landing_gear: 3584
@!@!@ENDMSG 2221 @!@!@
@!@!@STARTMSG 2221:0 @!@!@
  ||line 170, col 14 to line 170, col 43 of module landing_gear: 8193
@!@!@ENDMSG 2221 @!@!@
@!@!@STARTMSG 2221:0 @!@!@
  ||line 171, col 14 to line 171, col 41 of module landing_gear: 4096
@!@!@ENDMSG 2221 @!@!@
@!@!@STARTMSG 2221:0 @!@!@
  line 172, col 8 to line 176, col 55 of module landing_gear: 16385
@!@!@ENDMSG 2221 @!@!@
@!@!@STARTMSG 2221:0 @!@!@
  |line 173, col 9 to line 176, col 55 of module landing_gear: 16385
@!@!@ENDMSG 2221 @!@!@
@!@!@STARTMSG 2221:0 @!@!@
  ||line 173, col 14 to line 173, col 53 of module landing_gear: 16385
@!@!@ENDMSG 2221 @!@!@
@!@!@STARTMSG 2221:0 @!@!@
  ||line 174, col 14 to line 174, col 31 of module landing_gear: 16385
@!@!@ENDMSG 2221 @!@!@
@!@!@STARTMSG 2221:0 @!@!@
  ||line 174, col 36 to line 174, col 88 of module landing_gear: 11777
@!@!@ENDMSG 2221 @!@!@
@!@!@STARTMSG 2221:0 @!@!@
  |||line 174, col 39 to line 174, col 50 of module landing_gear: 11777
@!@!@ENDMSG 2221 @!@!@
@!@!@STARTMSG 2221:0 @!@!@
  ||||line 139, col 3 to line 139, col 40 of module landing_gear: 11777
@!@!@ENDMSG 2221 @!@!@
@!@!@STARTMSG 2221:0 @!@!@
  |||||line 139, col 24 to line 139, col 40 of module landing_gear: 19969
@!@!@ENDMSG 2221 @!@!@
@!@!@STARTMSG 2221:0 @!@!@
  |||||line 139, col 12 to line 139, col 21 of module landing_gear: 11777
@!@!@ENDMSG 2221 @!@!@
@!@!@STARTMSG 2221:0 @!@!@
  |||line 174, col 57 to line 174, col 61 of module landing_gear: 1024
@!@!@ENDMSG 2221 @!@!@
@!@!@STARTMSG 2221:0 @!@!@
  |||line 174, col 68 to line 174, col 88 of module landing_gear: 10753
@!@!@ENDMSG 2221 @!@!@
@!@!@STARTMSG 2221:0 @!@!@
  ||line 175, col 14 to line 175, col 56 of module landing_gear: 4608
@!@!@ENDMSG 2221 @!@!@
@!@!@STARTMSG 2221:0 @!@!@
  ||line 176, col 14 to line 176, col 55 of module landing_gear: 4608
@!@!@ENDMSG 2221 @!@!@
@!@!@STARTMSG 2221:0 @!@!@
  line 177, col 8 to line 181, col 59 of module landing_gear: 16385
@!@!@ENDMSG 2221 @!@!@
@!@!@STARTMSG 2221:0 @!@!@
  |line 178, col 9 to line 181, col 59 of module landing_gear: 16385
@!@!@ENDMSG 2221 @!@!@
@!@!@STARTMSG 2221:0 @!@!@
  ||line 178, col 14 to line 178, col 36 of module landing_gear: 16385
@!@!@ENDMSG 2221 @!@!@
@!@!@STARTMSG 2221:0 @!@!@
  ||line 179, col 14 to line 179, col 31 of module landing_gear: 16385
@!@!@ENDMSG 2221 @!@!@
@!@!@STARTMSG 2221:0 @!@!@
  ||line 179, col 36 to line 179, col 92 of module landing_gear: 11777
@!@!@ENDMSG 2221 @!@!@
@!@!@STARTMSG 2221:0 @!@!@
  |||line 179, col 39 to line 179, col 50 of module landing_gear: 11777
@!@!@ENDMSG 2221 @!@!@
@!@!@STARTMSG 2221:0 @!@!@
  ||||line 139, col 3 to line 139, col 40 of module landing_gear: 11777
@!@!@ENDMSG 2221 @!@!@
@!@!@STARTMSG 2221:0 @!@!@
  |||||line 139, col 24 to line 139, col 40 of module landing_gear: 19969
@!@!@ENDMSG 2221 @!@!@
@!@!@STARTMSG 2221:0 @!@!@
  |||||line 139, col 12 to line 139, col 21 of module landing_gear: 11777
@!@!@ENDMSG 2221 @!@!@
@!@!@STARTMSG 2221:0 @!@!@
  |||line 179, col 57 to line 179, col 61 of module landing_gear: 1024
@!@!@ENDMSG 2221 @!@!@
@!@!@STARTMSG 2221:0 @!@!@
  |||line 179, col 68 to line 179, col 92 of module landing_gear: 10753
@!@!@ENDMSG 2221 @!@!@
@!@!@STARTMSG 2221:0 @!@!@
  ||line 180, col 14 to line 180, col 39 of module landing_gear: 4608
@!@!@ENDMSG 2221 @!@!@
@!@!@STARTMSG 2221:0 @!@!@
  ||line 181, col 14 to line 181, col 59 of module landing_gear: 4608
@!@!@ENDMSG 2221 @!@!@
@!@!@STARTMSG 2221:0 @!@!@
  line 182, col 8 to line 186, col 58 of module landing_gear: 16385
@!@!@ENDMSG 2221 @!@!@
@!@!@STARTMSG 2221:0 @!@!@
  |line 183, col 9 to line 186, col 58 of module landing_gear: 16385
@!@!@ENDMSG 2221 @!@!@
@!@!@STARTMSG 2221:0 @!@!@
  ||line 183, col 14 to line 183, col 56 of module landing_gear: 16385
@!@!@ENDMSG 2221 @!@!@
@!@!@STARTMSG 2221:0 @!@!@
  ||line 184, col 14 to line 184, col 31 of module landing_gear: 16385
@!@!@ENDMSG 2221 @!@!@
@!@!@STARTMSG 2221:0 @!@!@
  ||line 184, col 36 to line 184, col 59 of module landing_gear: 11777
@!@!@ENDMSG 2221 @!@!@
@!@!@STARTMSG 2221:0 @!@!@
  ||line 185, col 14 to line 185, col 40 of module landing_gear: 4608
@!@!@ENDMSG 2221 @!@!@
@!@!@STARTMSG 2221:0 @!@!@
  ||line 186, col 14 to line 186, col 58 of module landing_gear: 4608
@!@!@ENDMSG 2221 @!@!@
@!@!@STARTMSG 2221:0 @!@!@
  line 235, col 16 to line 237, col 57 of module landing_gear: 16385
@!@!@ENDMSG 2221 @!@!@
@!@!@STARTMSG 2221:0 @!@!@
  line 238, col 8 to line 240, col 51 of module landing_gear: 40967
@!@!@ENDMSG 2221 @!@!@
@!@!@STARTMSG 2221:0 @!@!@
  line 243, col 11 to line 243, col 28 of module landing_gear: 40967
@!@!@ENDMSG 2221 @!@!@
@!@!@STARTMSG 2221:0 @!@!@
  line 244, col 19 to line 244, col 32 of module landing_gear: 24581
@!@!@ENDMSG 2221 @!@!@
@!@!@STARTMSG 2221:0 @!@!@
  line 245, col 24 to line 249, col 58 of module landing_gear: 12291
@!@!@ENDMSG 2221 @!@!@
@!@!@STARTMSG 2221:0 @!@!@
  |line 246, col 26 to line 249, col 57 of module landing_gear: 12291
@!@!@ENDMSG 2221 @!@!@
@!@!@STARTMSG 2221:0 @!@!@
  ||line 246, col 31 to line 246, col 64 of module landing_gear: 12291
@!@!@ENDMSG 2221 @!@!@
@!@!@STARTMSG 2221:0 @!@!@
  ||line 247, col 31 to line 247, col 49 of module landing_gear: 8194
@!@!@ENDMSG 2221 @!@!@
@!@!@STARTMSG 2221:0 @!@!@
  ||line 247, col 54 to line 247, col 97 of module landing_gear: 4096
@!@!@ENDMSG 2221 @!@!@
@!@!@STARTMSG 2221:0 @!@!@
  |||line 247, col 57 to line 247, col 70 of module landing_gear: 4096
@!@!@ENDMSG 2221 @!@!@
@!@!@STARTMSG 2221:0 @!@!@
  ||||line 133, col 3 to line 133, col 42 of module landing_gear: 4096
@!@!@ENDMSG 2221 @!@!@
@!@!@STARTMSG 2221:0 @!@!@
  |||||line 133, col 24 to line 133, col 42 of module landing_gear: 7168
@!@!@ENDMSG 2221 @!@!@
@!@!@STARTMSG 2221:0 @!@!@
  |||||line 133, col 12 to line 133, col 21 of module landing_gear: 4096
@!@!@ENDMSG 2221 @!@!@
@!@!@STARTMSG 2221:0 @!@!@
  |||line 247, col 93 to line 247, col 97 of module landing_gear: 3584
@!@!@ENDMSG 2221 @!@!@
@!@!@STARTMSG 2221:0 @!@!@
  ||line 248, col 31 to line 248, col 65 of module landing_gear: 4098
@!@!@ENDMSG 2221 @!@!@
@!@!@STARTMSG 2221:0 @!@!@
  line 250, col 24 to line 254, col 80 of module landing_gear: 12291
@!@!@ENDMSG 2221 @!@!@
@!@!@STARTMSG 2221:0 @!@!@
  |line 251, col 26 to line 254, col 79 of module landing_gear: 12291
@!@!@ENDMSG 2221 @!@!@
@!@!@STARTMSG 2221:0 @!@!@
  ||line 251, col 31 to line 251, col 58 of module landing_gear: 12291
@!@!@ENDMSG 2221 @!@!@
@!@!@STARTMSG 2221:0 @!@!@
  ||line 252, col 31 to line 252, col 50 of module landing_gear: 12291
@!@!@ENDMSG 2221 @!@!@
@!@!@STARTMSG 2221:0 @!@!@
  ||line 252, col 55 to line 252, col 114 of module landing_gear: 11779
@!@!@ENDMSG 2221 @!@!@
@!@!@STARTMSG 2221:0 @!@!@
  |||line 252, col 58 to line 252, col 71 of module landing_gear: 11779
@!@!@ENDMSG 2221 @!@!@
@!@!@STARTMSG 2221:0 @!@!@
  ||||line 133, col 3 to line 133, col 42 of module landing_gear: 11779
@!@!@ENDMSG 2221 @!@!@
@!@!@STARTMSG 2221:0 @!@!@
  |||||line 133, col 24 to line 133, col 42 of module landing_gear: 19971
@!@!@ENDMSG 2221 @!@!@
@!@!@STARTMSG 2221:0 @!@!@
  |||||line 133, col 12 to line 133, col 21 of module landing_gear: 11779
@!@!@ENDMSG 2221 @!@!@
@!@!@STARTMSG 2221:0 @!@!@
  |||line 252, col 78 to line 252, col 82 of module landing_gear: 1024
@!@!@ENDMSG 2221 @!@!@
@!@!@STARTMSG 2221:0 @!@!@
  |||line 252, col 89 to line 252, col 114 of module landing_gear: 10755
@!@!@ENDMSG 2221 @!@!@
@!@!@STARTMSG 2221:0 @!@!@
  ||line 253, col 31 to line 253, col 59 of module landing_gear: 512
@!@!@ENDMSG 2221 @!@!@
@!@!@STARTMSG 2221:0 @!@!@
  ||line 254, col 31 to line 254, col 79 of module landing_gear: 512
@!@!@ENDMSG 2221 @!@!@
@!@!@STARTMSG 2221:0 @!@!@
  line 255, col 24 to line 259, col 81 of module landing_gear: 12291
@!@!@ENDMSG 2221 @!@!@
@!@!@STARTMSG 2221:0 @!@!@
  |line 256, col 26 to line 259, col 80 of module landing_gear: 12291
@!@!@ENDMSG 2221 @!@!@
@!@!@STARTMSG 2221:0 @!@!@
  ||line 256, col 31 to line 256, col 81 of module landing_gear: 12291
@!@!@ENDMSG 2221 @!@!@
@!@!@STARTMSG 2221:0 @!@!@
  ||line 257, col 31 to line 257, col 50 of module landing_gear: 12291
@!@!@ENDMSG 2221 @!@!@
@!@!@STARTMSG 2221:0 @!@!@
  ||line 257, col 55 to line 257, col 81 of module landing_gear: 11779
@!@!@ENDMSG 2221 @!@!@
@!@!@STARTMSG 2221:0 @!@!@
  ||line 258, col 31 to line 258, col 60 of module landing_gear: 512
@!@!@ENDMSG 2221 @!@!@
@!@!@STARTMSG 2221:0 @!@!@
  ||line 259, col 31 to line 259, col 80 of module landing_gear: 512
@!@!@ENDMSG 2221 @!@!@
@!@!@STARTMSG 2221:0 @!@!@
  line 260, col 24 to line 262, col 63 of module landing_gear: 12291
@!@!@ENDMSG 2221 @!@!@
@!@!@STARTMSG 2221:0 @!@!@
  line 263, col 24 to line 266, col 61 of module landing_gear: 12290
@!@!@ENDMSG 2221 @!@!@
@!@!@STARTMSG 2221:0 @!@!@
  |line 264, col 26 to line 266, col 60 of module landing_gear: 12290
@!@!@ENDMSG 2221 @!@!@
@!@!@STARTMSG 2221:0 @!@!@
  ||line 264, col 31 to line 264, col 59 of module landing_gear: 12290
@!@!@ENDMSG 2221 @!@!@
@!@!@STARTMSG 2221:0 @!@!@
  ||line 265, col 31 to line 265, col 47 of module landing_gear: 8193
@!@!@ENDMSG 2221 @!@!@
@!@!@STARTMSG 2221:0 @!@!@
  ||line 265, col 52 to line 265, col 87 of module landing_gear: 4096
@!@!@ENDMSG 2221 @!@!@
@!@!@STARTMSG 2221:0 @!@!@
  |||line 265, col 55 to line 265, col 64 of module landing_gear: 4096
@!@!@ENDMSG 2221 @!@!@
@!@!@STARTMSG 2221:0 @!@!@
  ||||line 142, col 3 to line 142, col 38 of module landing_gear: 4096
@!@!@ENDMSG 2221 @!@!@
@!@!@STARTMSG 2221:0 @!@!@
  |||||line 142, col 24 to line 142, col 38 of module landing_gear: 7168
@!@!@ENDMSG 2221 @!@!@
@!@!@STARTMSG 2221:0 @!@!@
  |||||line 142, col 12 to line 142, col 21 of module landing_gear: 4096
@!@!@ENDMSG 2221 @!@!@
@!@!@STARTMSG 2221:0 @!@!@
  |||line 265, col 83 to line 265, col 87 of module landing_gear: 3584
@!@!@ENDMSG 2221 @!@!@
@!@!@STARTMSG 2221:0 @!@!@
  ||line 266, col 31 to line 266, col 60 of module landing_gear: 4097
@!@!@ENDMSG 2221 @!@!@
@!@!@STARTMSG 2221:0 @!@!@
  line 267, col 24 to line 271, col 71 of module landing_gear: 12290
@!@!@ENDMSG 2221 @!@!@
@!@!@STARTMSG 2221:0 @!@!@
  |line 268, col 26 to line 271, col 70 of module landing_gear: 12290
@!@!@ENDMSG 2221 @!@!@
@!@!@STARTMSG 2221:0 @!@!@
  ||line 268, col 31 to line 268, col 55 of module landing_gear: 12290
@!@!@ENDMSG 2221 @!@!@
@!@!@STARTMSG 2221:0 @!@!@
  ||line 269, col 31 to line 269, col 48 of module landing_gear: 12290
@!@!@ENDMSG 2221 @!@!@
@!@!@STARTMSG 2221:0 @!@!@
  ||line 269, col 53 to line 269, col 73 of module landing_gear: 11778
@!@!@ENDMSG 2221 @!@!@
@!@!@STARTMSG 2221:0 @!@!@
  ||line 270, col 31 to line 270, col 73 of module landing_gear: 512
@!@!@ENDMSG 2221 @!@!@
@!@!@STARTMSG 2221:0 @!@!@
  ||line 271, col 31 to line 271, col 70 of module landing_gear: 512
@!@!@ENDMSG 2221 @!@!@
@!@!@STARTMSG 2221:0 @!@!@
  line 272, col 24 to line 276, col 74 of module landing_gear: 12290
@!@!@ENDMSG 2221 @!@!@
@!@!@STARTMSG 2221:0 @!@!@
  |line 273, col 26 to line 276, col 73 of module landing_gear: 12290
@!@!@ENDMSG 2221 @!@!@
@!@!@STARTMSG 2221:0 @!@!@
  ||line 273, col 31 to line 273, col 55 of module landing_gear: 12290
@!@!@ENDMSG 2221 @!@!@
@!@!@STARTMSG 2221:0 @!@!@
  ||line 274, col 31 to line 274, col 48 of module landing_gear: 12290
@!@!@ENDMSG 2221 @!@!@
@!@!@STARTMSG 2221:0 @!@!@
  ||line 274, col 53 to line 274, col 106 of module landing_gear: 11778
@!@!@ENDMSG 2221 @!@!@
@!@!@STARTMSG 2221:0 @!@!@
  |||line 274, col 56 to line 274, col 65 of module landing_gear: 11778
@!@!@ENDMSG 2221 @!@!@
@!@!@STARTMSG 2221:0 @!@!@
  ||||line 142, col 3 to line 142, col 38 of module landing_gear: 11778
@!@!@ENDMSG 2221 @!@!@
@!@!@STARTMSG 2221:0 @!@!@
  |||||line 142, col 24 to line 142, col 38 of module landing_gear: 19974
@!@!@ENDMSG 2221 @!@!@
@!@!@STARTMSG 2221:0 @!@!@
  |||||line 142, col 12 to line 142, col 21 of module landing_gear: 11778
@!@!@ENDMSG 2221 @!@!@
@!@!@STARTMSG 2221:0 @!@!@
  |||line 274, col 72 to line 274, col 76 of module landing_gear: 1026
@!@!@ENDMSG 2221 @!@!@
@!@!@STARTMSG 2221:0 @!@!@
  |||line 274, col 83 to line 274, col 106 of module landing_gear: 10752
@!@!@ENDMSG 2221 @!@!@
@!@!@STARTMSG 2221:0 @!@!@
  ||line 275, col 31 to line 275, col 76 of module landing_gear: 512
@!@!@ENDMSG 2221 @!@!@
@!@!@STARTMSG 2221:0 @!@!@
  ||line 276, col 31 to line 276, col 73 of module landing_gear: 512
@!@!@ENDMSG 2221 @!@!@
@!@!@STARTMSG 2221:0 @!@!@
  line 277, col 24 to line 279, col 65 of module landing_gear: 12290
@!@!@ENDMSG 2221 @!@!@
@!@!@STARTMSG 2221:0 @!@!@
  line 280, col 16 to line 280, col 50 of module landing_gear: 24581
@!@!@ENDMSG 2221 @!@!@
@!@!@STARTMSG 2221:0 @!@!@
  line 167, col 8 to line 171, col 41 of module landing_gear: 16386
@!@!@ENDMSG 2221 @!@!@
@!@!@STARTMSG 2221:0 @!@!@
  |line 168, col 9 to line 171, col 41 of module landing_gear: 16386
@!@!@ENDMSG 2221 @!@!@
@!@!@STARTMSG 2221:0 @!@!@
  ||line 168, col 14 to line 168, col 40 of module landing_gear: 16386
@!@!@ENDMSG 2221 @!@!@
@!@!@STARTMSG 2221:0 @!@!@
  ||line 169, col 14 to line 169, col 30 of module landing_gear: 12289
@!@!@ENDMSG 2221 @!@!@
@!@!@STARTMSG 2221:0 @!@!@
  ||line 169, col 35 to line 169, col 74 of module landing_gear: 4096
@!@!@ENDMSG 2221 @!@!@
@!@!@STARTMSG 2221:0 @!@!@
  |||line 169, col 38 to line 169, col 49 of module landing_gear: 4096
@!@!@ENDMSG 2221 @!@!@
@!@!@STARTMSG 2221:0 @!@!@
  ||||line 139, col 3 to line 139, col 40 of module landing_gear: 4096
@!@!@ENDMSG 2221 @!@!@
@!@!@STARTMSG 2221:0 @!@!@
  |||||line 139, col 24 to line 139, col 40 of module landing_gear: 7168
@!@!@ENDMSG 2221 @!@!@
@!@!@STARTMSG 2221:0 @!@!@
  |||||line 139, col 12 to line 139, col 21 of module landing_gear: 4096
@!@!@ENDMSG 2221 @!@!@
@!@!@STARTMSG 2221:0 @!@!@
  |||line 169, col 70 to line 169, col 74 of module landing_gear: 3584
@!@!@ENDMSG 2221 @!@!@
@!@!@STARTMSG 2221:0 @!@!@
  ||line 170, col 14 to line 170, col 43 of module landing_gear: 8193
@!@!@ENDMSG 2221 @!@!@
@!@!@STARTMSG 2221:0 @!@!@
  ||line 171, col 14 to line 171, col 41 of module landing_gear: 4096
@!@!@ENDMSG 2221 @!@!@
@!@!@STARTMSG 2221:0 @!@!@
  line 172, col 8 to line 176, col 55 of module landing_gear: 16386
@!@!@ENDMSG 2221 @!@!@
@!@!@STARTMSG 2221:0 @!@!@
  |line 173, col 9 to line 176, col 55 of module landing_gear: 16386
@!@!@ENDMSG 2221 @!@!@
@!@!@STARTMSG 2221:0 @!@!@
  ||line 173, col 14 to line 173, col 53 of module landing_gear: 16386
@!@!@ENDMSG 2221 @!@!@
@!@!@STARTMSG 2221:0 @!@!@
  ||line 174, col 14 to line 174, col 31 of module landing_gear: 16386
@!@!@ENDMSG 2221 @!@!@
@!@!@STARTMSG 2221:0 @!@!@
  ||line 174, col 36 to line 174, col 88 of module landing_gear: 11778
@!@!@ENDMSG 2221 @!@!@
@!@!@STARTMSG 2221:0 @!@!@
  |||line 174, col 39 to line 174, col 50 of module landing_gear: 11778
@!@!@ENDMSG 2221 @!@!@
@!@!@STARTMSG 2221:0 @!@!@
  ||||line 139, col 3 to line 139, col 40 of module landing_gear: 11778
@!@!@ENDMSG 2221 @!@!@
@!@!@STARTMSG 2221:0 @!@!@
  |||||line 139, col 24 to line 139, col 40 of module landing_gear: 19970
@!@!@ENDMSG 2221 @!@!@
@!@!@STARTMSG 2221:0 @!@!@
  |||||line 139, col 12 to line 139, col 21 of module landing_gear: 11778
@!@!@ENDMSG 2221 @!@!@
@!@!@STARTMSG 2221:0 @!@!@
  |||line 174, col 57 to line 174, col 61 of module landing_gear: 1024
@!@!@ENDMSG 2221 @!@!@
@!@!@STARTMSG 2221:0 @!@!@
  |||line 174, col 68 to line 174, col 88 of module landing_gear: 10754
@!@!@ENDMSG 2221 @!@!@
@!@!@STARTMSG 2221:0 @!@!@
  ||line 175, col 14 to line 175, col 56 of module landing_gear: 4608
@!@!@ENDMSG 2221 @!@!@
@!@!@STARTMSG 2221:0 @!@!@
  ||line 176, col 14 to line 176, col 55 of module landing_gear: 4608
@!@!@ENDMSG 2221 @!@!@
@!@!@STARTMSG 2221:0 @!@!@
  line 177, col 8 to line 181, col 59 of module landing_gear: 16386
@!@!@ENDMSG 2221 @!@!@
@!@!@STARTMSG 2221:0 @!@!@
  |line 178, col 9 to line 181, col 59 of module landing_gear: 16386
@!@!@ENDMSG 2221 @!@!@
@!@!@STARTMSG 2221:0 @!@!@
  ||line 178, col 14 to line 178, col 36 of module landing_gear: 16386
@!@!@ENDMSG 2221 @!@!@
@!@!@STARTMSG 2221:0 @!@!@
  ||line 179, col 14 to line 179, col 31 of module landing_gear: 16386
@!@!@ENDMSG 2221 @!@!@
@!@!@STARTMSG 2221:0 @!@!@
  ||line 179, col 36 to line 179, col 92 of module landing_gear: 11778
@!@!@ENDMSG 2221 @!@!@
@!@!@STARTMSG 2221:0 @!@!@
  |||line 179, col 39 to line 179, col 50 of module landing_gear: 11778
@!@!@ENDMSG 2221 @!@!@
@!@!@STARTMSG 2221:0 @!@!@
  ||||line 139, col 3 to line 139, col 40 of module landing_gear: 11778
@!@!@ENDMSG 2221 @!@!@
@!@!@STARTMSG 2221:0 @!@!@
  |||||line 139, col 24 to line 139, col 40 of module landing_gear: 19970
@!@!@ENDMSG 2221 @!@!@
@!@!@STARTMSG 2221:0 @!@!@
  |||||line 139, col 12 to line 139, col 21 of module landing_gear: 11778
@!@!@ENDMSG 2221 @!@!@
@!@!@STARTMSG 2221:0 @!@!@
  |||line 179, col 57 to line 179, col 61 of module landing_gear: 1024
@!@!@ENDMSG 2221 @!@!@
@!@!@STARTMSG 2221:0 @!@!@
  |||line 179, col 68 to line 179, col 92 of module landing_gear: 10754
@!@!@ENDMSG 2221 @!@!@
@!@!@STARTMSG 2221:0 @!@!@
  ||line 180, col 14 to line 180, col 39 of module landing_gear: 4608
@!@!@ENDMSG 2221 @!@!@
@!@!@STARTMSG 2221:0 @!@!@
  ||line 181, col 14 to line 181, col 59 of module landing_gear: 4608
@!@!@ENDMSG 2221 @!@!@
@!@!@STARTMSG 2221:0 @!@!@
  line 182, col 8 to line 186, col 58 of module landing_gear: 16386
@!@!@ENDMSG 2221 @!@!@
@!@!@STARTMSG 2221:0 @!@!@
  |line 183, col 9 to line 186, col 58 of module landing_gear: 16386
@!@!@ENDMSG 2221 @!@!@
@!@!@STARTMSG 2221:0 @!@!@
  ||line 183, col 14 to line 183, col 56 of module landing_gear: 16386
@!@!@ENDMSG 2221 @!@!@
@!@!@STARTMSG 2221:0 @!@!@
  ||line 184, col 14 to line 184, col 31 of module landing_gear: 16386
@!@!@ENDMSG 2221 @!@!@
@!@!@STARTMSG 2221:0 @!@!@
  ||line 184, col 36 to line 184, col 59 of module landing_gear: 11778
@!@!@ENDMSG 2221 @!@!@
@!@!@STARTMSG 2221:0 @!@!@
  ||line 185, col 14 to line 185, col 40 of module landing_gear: 4608
@!@!@ENDMSG 2221 @!@!@
@!@!@STARTMSG 2221:0 @!@!@
  ||line 186, col 14 to line 186, col 58 of module landing_gear: 4608
@!@!@ENDMSG 2221 @!@!@
@!@!@STARTMSG 2221:0 @!@!@
  line 282, col 16 to line 284, col 57 of module landing_gear: 16386
@!@!@ENDMSG 2221 @!@!@
@!@!@STARTMSG 2221:0 @!@!@
  line 285, col 8 to line 287, col 51 of module landing_gear: 40967
@!@!@ENDMSG 2221 @!@!@
@!@!@STARTMSG 2774:0 @!@!@
<TypeOK line 145, col 1 to line 145, col 6 of module landing_gear>
@!@!@ENDMSG 2774 @!@!@
@!@!@STARTMSG 2221:0 @!@!@
  line 146, col 5 to line 163, col 41 of module landing_gear: 81920
@!@!@ENDMSG 2221 @!@!@
@!@!@STARTMSG 2221:0 @!@!@
  |line 146, col 8 to line 146, col 30 of module landing_gear: 81920
@!@!@ENDMSG 2221 @!@!@
@!@!@STARTMSG 2221:0 @!@!@
  |line 147, col 8 to line 147, col 27 of module landing_gear: 81920
@!@!@ENDMSG 2221 @!@!@
@!@!@STARTMSG 2221:0 @!@!@
  |line 148, col 8 to line 148, col 27 of module landing_gear: 81920
@!@!@ENDMSG 2221 @!@!@
@!@!@STARTMSG 2221:0 @!@!@
  |line 149, col 8 to line 149, col 40 of module landing_gear: 81920
@!@!@ENDMSG 2221 @!@!@
@!@!@STARTMSG 2221:0 @!@!@
  |line 150, col 8 to line 150, col 43 of module landing_gear: 81920
@!@!@ENDMSG 2221 @!@!@
@!@!@STARTMSG 2221:0 @!@!@
  |line 151, col 8 to line 151, col 44 of module landing_gear: 81920
@!@!@ENDMSG 2221 @!@!@
@!@!@STARTMSG 2221:0 @!@!@
  |line 152, col 8 to line 152, col 46 of module landing_gear: 81920
@!@!@ENDMSG 2221 @!@!@
@!@!@STARTMSG 2221:0 @!@!@
  |line 153, col 8 to line 153, col 45 of module landing_gear: 81920
@!@!@ENDMSG 2221 @!@!@
@!@!@STARTMSG 2221:0 @!@!@
  |line 154, col 8 to line 154, col 51 of module landing_gear: 81920
@!@!@ENDMSG 2221 @!@!@
@!@!@STARTMSG 2221:0 @!@!@
  |line 155, col 8 to line 155, col 52 of module landing_gear: 81920
@!@!@ENDMSG 2221 @!@!@
@!@!@STARTMSG 2221:0 @!@!@
  |line 156, col 8 to line 156, col 49 of module landing_gear: 81920
@!@!@ENDMSG 2221 @!@!@
@!@!@STARTMSG 2221:0 @!@!@
  |line 157, col 8 to line 157, col 47 of module landing_gear: 81920
@!@!@ENDMSG 2221 @!@!@
@!@!@STARTMSG 2221:0 @!@!@
  |line 158, col 8 to line 158, col 33 of module landing_gear: 81920
@!@!@ENDMSG 2221 @!@!@
@!@!@STARTMSG 2221:0 @!@!@
  ||line 158, col 8 to line 158, col 21 of module landing_gear: 81920
@!@!@ENDMSG 2221 @!@!@
@!@!@STARTMSG 2221:0 @!@!@
  |||line 133, col 3 to line 133, col 42 of module landing_gear: 81920
@!@!@ENDMSG 2221 @!@!@
@!@!@STARTMSG 2221:0 @!@!@
  ||||line 133, col 24 to line 133, col 42 of module landing_gear: 143360
@!@!@ENDMSG 2221 @!@!@
@!@!@STARTMSG 2221:0 @!@!@
  ||||line 133, col 12 to line 133, col 21 of module landing_gear: 81920
@!@!@ENDMSG 2221 @!@!@
@!@!@STARTMSG 2221:0 @!@!@
  ||line 158, col 27 to line 158, col 33 of module landing_gear: 81920
@!@!@ENDMSG 2221 @!@!@
@!@!@STARTMSG 2221:0 @!@!@
  |line 159, col 8 to line 159, col 34 of module landing_gear: 81920
@!@!@ENDMSG 2221 @!@!@
@!@!@STARTMSG 2221:0 @!@!@
  ||line 159, col 8 to line 159, col 22 of module landing_gear: 81920
@!@!@ENDMSG 2221 @!@!@
@!@!@STARTMSG 2221:0 @!@!@
  |||line 136, col 3 to line 136, col 43 of module landing_gear: 81920
@!@!@ENDMSG 2221 @!@!@
@!@!@STARTMSG 2221:0 @!@!@
  ||||line 136, col 24 to line 136, col 43 of module landing_gear: 143360
@!@!@ENDMSG 2221 @!@!@
@!@!@STARTMSG 2221:0 @!@!@
  ||||line 136, col 12 to line 136, col 21 of module landing_gear: 81920
@!@!@ENDMSG 2221 @!@!@
@!@!@STARTMSG 2221:0 @!@!@
  ||line 159, col 28 to line 159, col 34 of module landing_gear: 81920
@!@!@ENDMSG 2221 @!@!@
@!@!@STARTMSG 2221:0 @!@!@
  |line 160, col 8 to line 160, col 31 of module landing_gear: 81920
@!@!@ENDMSG 2221 @!@!@
@!@!@STARTMSG 2221:0 @!@!@
  ||line 160, col 8 to line 160, col 19 of module landing_gear: 81920
@!@!@ENDMSG 2221 @!@!@
@!@!@STARTMSG 2221:0 @!@!@
  |||line 139, col 3 to line 139, col 40 of module landing_gear: 81920
@!@!@ENDMSG 2221 @!@!@
@!@!@STARTMSG 2221:0 @!@!@
  ||||line 139, col 24 to line 139, col 40 of module landing_gear: 143360
@!@!@ENDMSG 2221 @!@!@
@!@!@STARTMSG 2221:0 @!@!@
  ||||line 139, col 12 to line 139, col 21 of module landing_gear: 81920
@!@!@ENDMSG 2221 @!@!@
@!@!@STARTMSG 2221:0 @!@!@
  ||line 160, col 25 to line 160, col 31 of module landing_gear: 81920
@!@!@ENDMSG 2221 @!@!@
@!@!@STARTMSG 2221:0 @!@!@
  |line 161, col 8 to line 161, col 29 of module landing_gear: 81920
@!@!@ENDMSG 2221 @!@!@
@!@!@STARTMSG 2221:0 @!@!@
  ||line 161, col 8 to line 161, col 17 of module landing_gear: 81920
@!@!@ENDMSG 2221 @!@!@
@!@!@STARTMSG 2221:0 @!@!@
  |||line 142, col 3 to line 142, col 38 of module landing_gear: 81920
@!@!@ENDMSG 2221 @!@!@
@!@!@STARTMSG 2221:0 @!@!@
  ||||line 142, col 24 to line 142, col 38 of module landing_gear: 143360
@!@!@ENDMSG 2221 @!@!@
@!@!@STARTMSG 2221:0 @!@!@
  ||||line 142, col 12 to line 142, col 21 of module landing_gear: 81920
@!@!@ENDMSG 2221 @!@!@
@!@!@STARTMSG 2221:0 @!@!@
  ||line 161, col 23 to line 161, col 29 of module landing_gear: 81920
@!@!@ENDMSG 2221 @!@!@
@!@!@STARTMSG 2221:0 @!@!@
  |line 162, col 8 to line 162, col 41 of module landing_gear: 81920
@!@!@ENDMSG 2221 @!@!@
@!@!@STARTMSG 2221:0 @!@!@
  ||line 162, col 8 to line 162, col 22 of module landing_gear: 81920
@!@!@ENDMSG 2221 @!@!@
@!@!@STARTMSG 2221:0 @!@!@
  |||line 121, col 5 to line 124, col 49 of module landing_gear: 81920
@!@!@ENDMSG 2221 @!@!@
@!@!@STARTMSG 2221:0 @!@!@
  ||||line 121, col 10 to line 121, col 46 of module landing_gear: 81920
@!@!@ENDMSG 2221 @!@!@
@!@!@STARTMSG 2221:0 @!@!@
  ||||line 122, col 10 to line 122, col 50 of module landing_gear: 49152
@!@!@ENDMSG 2221 @!@!@
@!@!@STARTMSG 2221:0 @!@!@
  ||||line 123, col 10 to line 123, col 51 of module landing_gear: 32768
@!@!@ENDMSG 2221 @!@!@
@!@!@STARTMSG 2221:0 @!@!@
  ||||line 124, col 10 to line 124, col 49 of module landing_gear: 16384
@!@!@ENDMSG 2221 @!@!@
@!@!@STARTMSG 2221:0 @!@!@
  ||line 162, col 28 to line 162, col 41 of module landing_gear: 81920
@!@!@ENDMSG 2221 @!@!@
@!@!@STARTMSG 2221:0 @!@!@
  |line 163, col 8 to line 163, col 41 of module landing_gear: 81920
@!@!@ENDMSG 2221 @!@!@
@!@!@STARTMSG 2221:0 @!@!@
  ||line 163, col 8 to line 163, col 22 of module landing_gear: 81920
@!@!@ENDMSG 2221 @!@!@
@!@!@STARTMSG 2221:0 @!@!@
  |||line 127, col 5 to line 130, col 54 of module landing_gear: 81920
@!@!@ENDMSG 2221 @!@!@
@!@!@STARTMSG 2221:0 @!@!@
  ||||line 127, col 10 to line 127, col 52 of module landing_gear: 81920
@!@!@ENDMSG 2221 @!@!@
@!@!@STARTMSG 2221:0 @!@!@
  ||||line 128, col 10 to line 128, col 52 of module landing_gear: 49152
@!@!@ENDMSG 2221 @!@!@
@!@!@STARTMSG 2221:0 @!@!@
  ||||line 129, col 10 to line 129, col 50 of module landing_gear: 40960
@!@!@ENDMSG 2221 @!@!@
@!@!@STARTMSG 2221:0 @!@!@
  ||||line 130, col 10 to line 130, col 54 of module landing_gear: 8192
@!@!@ENDMSG 2221 @!@!@
@!@!@STARTMSG 2221:0 @!@!@
  ||line 163, col 28 to line 163, col 41 of module landing_gear: 81920
@!@!@ENDMSG 2221 @!@!@
@!@!@STARTMSG 2774:0 @!@!@
<Inv1 line 397, col 1 to line 397, col 4 of module landing_gear>
@!@!@ENDMSG 2774 @!@!@
@!@!@STARTMSG 2221:0 @!@!@
  line 398, col 3 to line 398, col 65 of module landing_gear: 81920
@!@!@ENDMSG 2221 @!@!@
@!@!@STARTMSG 2221:0 @!@!@
  |line 398, col 4 to line 398, col 46 of module landing_gear: 81920
@!@!@ENDMSG 2221 @!@!@
@!@!@STARTMSG 2221:0 @!@!@
  ||line 398, col 4 to line 398, col 22 of module landing_gear: 81920
@!@!@ENDMSG 2221 @!@!@
@!@!@STARTMSG 2221:0 @!@!@
  ||line 398, col 27 to line 398, col 46 of module landing_gear: 73728
@!@!@ENDMSG 2221 @!@!@
@!@!@STARTMSG 2221:0 @!@!@
  |line 398, col 52 to line 398, col 65 of module landing_gear: 16384
@!@!@ENDMSG 2221 @!@!@
@!@!@STARTMSG 2774:0 @!@!@
<Inv2 line 399, col 1 to line 399, col 4 of module landing_gear>
@!@!@ENDMSG 2774 @!@!@
@!@!@STARTMSG 2221:0 @!@!@
  line 400, col 3 to line 400, col 65 of module landing_gear: 81920
@!@!@ENDMSG 2221 @!@!@
@!@!@STARTMSG 2221:0 @!@!@
  |line 400, col 3 to line 400, col 18 of module landing_gear: 81920
@!@!@ENDMSG 2221 @!@!@
@!@!@STARTMSG 2221:0 @!@!@
  |line 400, col 24 to line 400, col 64 of module landing_gear: 16384
@!@!@ENDMSG 2221 @!@!@
@!@!@STARTMSG 2221:0 @!@!@
  ||line 400, col 24 to line 400, col 41 of module landing_gear: 16384
@!@!@ENDMSG 2221 @!@!@
@!@!@STARTMSG 2221:0 @!@!@
  ||line 400, col 46 to line 400, col 64 of module landing_gear: 8192
@!@!@ENDMSG 2221 @!@!@
@!@!@STARTMSG 2774:0 @!@!@
<Action line 417, col 6 to line 418, col 20 of module landing_gear>
@!@!@ENDMSG 2774 @!@!@
@!@!@STARTMSG 2221:0 @!@!@
  line 417, col 6 to line 418, col 20 of module landing_gear: 81920
@!@!@ENDMSG 2221 @!@!@
@!@!@STARTMSG 2774:0 @!@!@
<Action line 420, col 6 to line 421, col 49 of module landing_gear>
@!@!@ENDMSG 2774 @!@!@
@!@!@STARTMSG 2221:0 @!@!@
  line 420, col 6 to line 421, col 49 of module landing_gear: 81920
@!@!@ENDMSG 2221 @!@!@
@!@!@STARTMSG 2774:0 @!@!@
<Action line 423, col 6 to line 423, col 61 of module landing_gear>
@!@!@ENDMSG 2774 @!@!@
@!@!@STARTMSG 2221:0 @!@!@
  line 423, col 6 to line 423, col 61 of module landing_gear: 81920
@!@!@ENDMSG 2221 @!@!@
@!@!@STARTMSG 2774:0 @!@!@
<Action line 425, col 6 to line 425, col 65 of module landing_gear>
@!@!@ENDMSG 2774 @!@!@
@!@!@STARTMSG 2221:0 @!@!@
  line 425, col 6 to line 425, col 65 of module landing_gear: 81920
@!@!@ENDMSG 2221 @!@!@
@!@!@STARTMSG 2774:0 @!@!@
<Action line 427, col 6 to line 430, col 62 of module landing_gear>
@!@!@ENDMSG 2774 @!@!@
@!@!@STARTMSG 2221:0 @!@!@
  line 427, col 6 to line 430, col 62 of module landing_gear: 81920
@!@!@ENDMSG 2221 @!@!@
@!@!@STARTMSG 2202:0 @!@!@
End of statistics.
@!@!@ENDMSG 2202 @!@!@
@!@!@STARTMSG 2200:0 @!@!@
Progress(17) at 2021-11-18 17:33:33: 1,155,072 states generated (1,932,312 s/min), 81,920 distinct states found (137,043 ds/min), 0 states left on queue.
@!@!@ENDMSG 2200 @!@!@
@!@!@STARTMSG 2199:0 @!@!@
1155072 states generated, 81920 distinct states found, 0 states left on queue.
@!@!@ENDMSG 2199 @!@!@
@!@!@STARTMSG 2194:0 @!@!@
The depth of the complete state graph search is 17.
@!@!@ENDMSG 2194 @!@!@
@!@!@STARTMSG 2268:0 @!@!@
The average outdegree of the complete state graph is 1 (minimum is 0, the maximum 10 and the 95th percentile is 3).
@!@!@ENDMSG 2268 @!@!@
@!@!@STARTMSG 2186:0 @!@!@
Finished in 35881ms at (2021-11-18 17:33:33)
@!@!@ENDMSG 2186 @!@!@
