Picked up _JAVA_OPTIONS: -Dawt.useSystemAAFontSettings=on -Dswing.aatext=true
@!@!@STARTMSG 2262:0 @!@!@
TLC2 Version 2.14 of 10 July 2019
@!@!@ENDMSG 2262 @!@!@
@!@!@STARTMSG 2187:0 @!@!@
Running breadth-first search Model-Checking with fp 98 and seed 6873936593525579110 with 4 workers on 8 cores with 1156MB heap and 2597MB offheap memory [pid: 13049] (Linux 5.4.2-gnu amd64, AdoptOpenJDK 11.0.3 x86_64, OffHeapDiskFPSet, DiskStateQueue).
@!@!@ENDMSG 2187 @!@!@
@!@!@STARTMSG 2220:0 @!@!@
Starting SANY...
@!@!@ENDMSG 2220 @!@!@
Parsing file /home/bandali/src/git/masters-thesis/models/musical-chairs/pluscal/musical_chairs_pluscal.toolbox/Model_1/MC.tla
Parsing file /home/bandali/src/git/masters-thesis/models/musical-chairs/pluscal/musical_chairs_pluscal.toolbox/Model_1/musical_chairs_pluscal.tla
Parsing file /data/bandali/usr/dls/tla-toolbox/plugins/org.lamport.tlatools_1.0.0.201907102009/tla2sany/StandardModules/TLC.tla
Parsing file /data/bandali/usr/dls/tla-toolbox/plugins/org.lamport.tlatools_1.0.0.201907102009/tla2sany/StandardModules/Integers.tla
Parsing file /data/bandali/usr/dls/tla-toolbox/plugins/org.lamport.tlatools_1.0.0.201907102009/tla2sany/StandardModules/FiniteSets.tla
Parsing file /data/bandali/usr/dls/tla-toolbox/plugins/org.lamport.tlatools_1.0.0.201907102009/tla2sany/StandardModules/Sequences.tla
Parsing file /data/bandali/usr/dls/tla-toolbox/plugins/org.lamport.tlatools_1.0.0.201907102009/tla2sany/StandardModules/Naturals.tla
Semantic processing of module Naturals
Semantic processing of module Integers
Semantic processing of module Sequences
Semantic processing of module FiniteSets
Semantic processing of module TLC
Semantic processing of module musical_chairs_pluscal
Semantic processing of module MC
@!@!@STARTMSG 2219:0 @!@!@
SANY finished.
@!@!@ENDMSG 2219 @!@!@
@!@!@STARTMSG 2185:0 @!@!@
Starting... (2019-12-23 01:12:22)
@!@!@ENDMSG 2185 @!@!@
@!@!@STARTMSG 2212:0 @!@!@
Implied-temporal checking--satisfiability problem has 3 branches.
@!@!@ENDMSG 2212 @!@!@
@!@!@STARTMSG 2189:0 @!@!@
Computing initial states...
@!@!@ENDMSG 2189 @!@!@
@!@!@STARTMSG 2190:0 @!@!@
Finished computing initial states: 1 distinct state generated at 2019-12-23 01:12:22.
@!@!@ENDMSG 2190 @!@!@
@!@!@STARTMSG 2114:1 @!@!@
Deadlock reached.
@!@!@ENDMSG 2114 @!@!@
@!@!@STARTMSG 2121:1 @!@!@
The behavior up to this point is:
@!@!@ENDMSG 2121 @!@!@
@!@!@STARTMSG 2217:4 @!@!@
1: <Initial predicate>
/\ musicPlaying = TRUE
/\ activePlayers = {p1, p2, p3, p4}
/\ oldCard = 3
/\ pc = [ Walk |-> "walk",
  Sit |-> "sit",
  EliminateLoser |-> "eliminateloser",
  Win |-> "win",
  ChangeMusicPlaying |-> "cmp" ]
/\ state = "Start"
/\ activeChairs = {c1, c2, c3}
/\ occupied = <<>>

@!@!@ENDMSG 2217 @!@!@
@!@!@STARTMSG 2217:4 @!@!@
2: <walk line 116, col 9 to line 123, col 77 of module musical_chairs_pluscal>
/\ musicPlaying = TRUE
/\ activePlayers = {p1, p2, p3, p4}
/\ oldCard = 3
/\ pc = [ Walk |-> "walk",
  Sit |-> "sit",
  EliminateLoser |-> "eliminateloser",
  Win |-> "win",
  ChangeMusicPlaying |-> "cmp" ]
/\ state = "Walking"
/\ activeChairs = {c1, c2, c3}
/\ occupied = <<>>

@!@!@ENDMSG 2217 @!@!@
@!@!@STARTMSG 2217:4 @!@!@
3: <cmp line 176, col 8 to line 180, col 79 of module musical_chairs_pluscal>
/\ musicPlaying = FALSE
/\ activePlayers = {p1, p2, p3, p4}
/\ oldCard = 3
/\ pc = [ Walk |-> "walk",
  Sit |-> "sit",
  EliminateLoser |-> "eliminateloser",
  Win |-> "win",
  ChangeMusicPlaying |-> "cmp" ]
/\ state = "Walking"
/\ activeChairs = {c1, c2, c3}
/\ occupied = <<>>

@!@!@ENDMSG 2217 @!@!@
@!@!@STARTMSG 2217:4 @!@!@
4: <sit line 127, col 8 to line 143, col 76 of module musical_chairs_pluscal>
/\ musicPlaying = FALSE
/\ activePlayers = {p1, p2, p3, p4}
/\ oldCard = 3
/\ pc = [ Walk |-> "walk",
  Sit |-> "sit",
  EliminateLoser |-> "eliminateloser",
  Win |-> "win",
  ChangeMusicPlaying |-> "cmp" ]
/\ state = "Sitting"
/\ activeChairs = {c1, c2, c3}
/\ occupied = (c1 :> p1 @@ c2 :> p2 @@ c3 :> p3)

@!@!@ENDMSG 2217 @!@!@
@!@!@STARTMSG 2217:4 @!@!@
5: <eliminateloser line 147, col 19 to line 162, col 43 of module musical_chairs_pluscal>
/\ musicPlaying = FALSE
/\ activePlayers = {p1, p2, p3}
/\ oldCard = 2
/\ pc = [ Walk |-> "walk",
  Sit |-> "sit",
  EliminateLoser |-> "eliminateloser",
  Win |-> "win",
  ChangeMusicPlaying |-> "cmp" ]
/\ state = "Start"
/\ activeChairs = {c2, c3}
/\ occupied = <<>>

@!@!@ENDMSG 2217 @!@!@
@!@!@STARTMSG 2217:4 @!@!@
6: <cmp line 176, col 8 to line 180, col 79 of module musical_chairs_pluscal>
/\ musicPlaying = TRUE
/\ activePlayers = {p1, p2, p3}
/\ oldCard = 2
/\ pc = [ Walk |-> "walk",
  Sit |-> "sit",
  EliminateLoser |-> "eliminateloser",
  Win |-> "win",
  ChangeMusicPlaying |-> "cmp" ]
/\ state = "Start"
/\ activeChairs = {c2, c3}
/\ occupied = <<>>

@!@!@ENDMSG 2217 @!@!@
@!@!@STARTMSG 2217:4 @!@!@
7: <walk line 116, col 9 to line 123, col 77 of module musical_chairs_pluscal>
/\ musicPlaying = TRUE
/\ activePlayers = {p1, p2, p3}
/\ oldCard = 2
/\ pc = [ Walk |-> "walk",
  Sit |-> "sit",
  EliminateLoser |-> "eliminateloser",
  Win |-> "win",
  ChangeMusicPlaying |-> "cmp" ]
/\ state = "Walking"
/\ activeChairs = {c2, c3}
/\ occupied = <<>>

@!@!@ENDMSG 2217 @!@!@
@!@!@STARTMSG 2217:4 @!@!@
8: <cmp line 176, col 8 to line 180, col 79 of module musical_chairs_pluscal>
/\ musicPlaying = FALSE
/\ activePlayers = {p1, p2, p3}
/\ oldCard = 2
/\ pc = [ Walk |-> "walk",
  Sit |-> "sit",
  EliminateLoser |-> "eliminateloser",
  Win |-> "win",
  ChangeMusicPlaying |-> "cmp" ]
/\ state = "Walking"
/\ activeChairs = {c2, c3}
/\ occupied = <<>>

@!@!@ENDMSG 2217 @!@!@
@!@!@STARTMSG 2217:4 @!@!@
9: <sit line 127, col 8 to line 143, col 76 of module musical_chairs_pluscal>
/\ musicPlaying = FALSE
/\ activePlayers = {p1, p2, p3}
/\ oldCard = 2
/\ pc = [ Walk |-> "walk",
  Sit |-> "sit",
  EliminateLoser |-> "eliminateloser",
  Win |-> "win",
  ChangeMusicPlaying |-> "cmp" ]
/\ state = "Sitting"
/\ activeChairs = {c2, c3}
/\ occupied = (c2 :> p1 @@ c3 :> p2)

@!@!@ENDMSG 2217 @!@!@
@!@!@STARTMSG 2217:4 @!@!@
10: <eliminateloser line 147, col 19 to line 162, col 43 of module musical_chairs_pluscal>
/\ musicPlaying = FALSE
/\ activePlayers = {p1, p2}
/\ oldCard = 1
/\ pc = [ Walk |-> "walk",
  Sit |-> "sit",
  EliminateLoser |-> "eliminateloser",
  Win |-> "win",
  ChangeMusicPlaying |-> "cmp" ]
/\ state = "Start"
/\ activeChairs = {c3}
/\ occupied = <<>>

@!@!@ENDMSG 2217 @!@!@
@!@!@STARTMSG 2217:4 @!@!@
11: <cmp line 176, col 8 to line 180, col 79 of module musical_chairs_pluscal>
/\ musicPlaying = TRUE
/\ activePlayers = {p1, p2}
/\ oldCard = 1
/\ pc = [ Walk |-> "walk",
  Sit |-> "sit",
  EliminateLoser |-> "eliminateloser",
  Win |-> "win",
  ChangeMusicPlaying |-> "cmp" ]
/\ state = "Start"
/\ activeChairs = {c3}
/\ occupied = <<>>

@!@!@ENDMSG 2217 @!@!@
@!@!@STARTMSG 2217:4 @!@!@
12: <walk line 116, col 9 to line 123, col 77 of module musical_chairs_pluscal>
/\ musicPlaying = TRUE
/\ activePlayers = {p1, p2}
/\ oldCard = 1
/\ pc = [ Walk |-> "walk",
  Sit |-> "sit",
  EliminateLoser |-> "eliminateloser",
  Win |-> "win",
  ChangeMusicPlaying |-> "cmp" ]
/\ state = "Walking"
/\ activeChairs = {c3}
/\ occupied = <<>>

@!@!@ENDMSG 2217 @!@!@
@!@!@STARTMSG 2217:4 @!@!@
13: <cmp line 176, col 8 to line 180, col 79 of module musical_chairs_pluscal>
/\ musicPlaying = FALSE
/\ activePlayers = {p1, p2}
/\ oldCard = 1
/\ pc = [ Walk |-> "walk",
  Sit |-> "sit",
  EliminateLoser |-> "eliminateloser",
  Win |-> "win",
  ChangeMusicPlaying |-> "cmp" ]
/\ state = "Walking"
/\ activeChairs = {c3}
/\ occupied = <<>>

@!@!@ENDMSG 2217 @!@!@
@!@!@STARTMSG 2217:4 @!@!@
14: <sit line 127, col 8 to line 143, col 76 of module musical_chairs_pluscal>
/\ musicPlaying = FALSE
/\ activePlayers = {p1, p2}
/\ oldCard = 1
/\ pc = [ Walk |-> "walk",
  Sit |-> "sit",
  EliminateLoser |-> "eliminateloser",
  Win |-> "win",
  ChangeMusicPlaying |-> "cmp" ]
/\ state = "Sitting"
/\ activeChairs = {c3}
/\ occupied = (c3 :> p1)

@!@!@ENDMSG 2217 @!@!@
@!@!@STARTMSG 2217:4 @!@!@
15: <eliminateloser line 147, col 19 to line 162, col 43 of module musical_chairs_pluscal>
/\ musicPlaying = FALSE
/\ activePlayers = {p1}
/\ oldCard = 0
/\ pc = [ Walk |-> "walk",
  Sit |-> "sit",
  EliminateLoser |-> "Done",
  Win |-> "win",
  ChangeMusicPlaying |-> "cmp" ]
/\ state = "Sitting"
/\ activeChairs = {}
/\ occupied = <<>>

@!@!@ENDMSG 2217 @!@!@
@!@!@STARTMSG 2217:4 @!@!@
16: <win line 166, col 8 to line 172, col 33 of module musical_chairs_pluscal>
/\ musicPlaying = FALSE
/\ activePlayers = {p1}
/\ oldCard = 0
/\ pc = [ Walk |-> "walk",
  Sit |-> "sit",
  EliminateLoser |-> "Done",
  Win |-> "Done",
  ChangeMusicPlaying |-> "cmp" ]
/\ state = "Won"
/\ activeChairs = {}
/\ occupied = <<>>

@!@!@ENDMSG 2217 @!@!@
@!@!@STARTMSG 2201:0 @!@!@
The coverage statistics at 2019-12-23 01:12:23
@!@!@ENDMSG 2201 @!@!@
@!@!@STARTMSG 2773:0 @!@!@
<Init line 102, col 1 to line 102, col 4 of module musical_chairs_pluscal>: 2:2
@!@!@ENDMSG 2773 @!@!@
@!@!@STARTMSG 2221:0 @!@!@
  line 103, col 9 to line 114, col 80 of module musical_chairs_pluscal: 2
@!@!@ENDMSG 2221 @!@!@
@!@!@STARTMSG 2772:0 @!@!@
<walk line 116, col 1 to line 116, col 4 of module musical_chairs_pluscal>: 3:9
@!@!@ENDMSG 2772 @!@!@
@!@!@STARTMSG 2221:0 @!@!@
  line 116, col 12 to line 116, col 30 of module musical_chairs_pluscal: 57
@!@!@ENDMSG 2221 @!@!@
@!@!@STARTMSG 2221:0 @!@!@
  |line 116, col 12 to line 116, col 21 of module musical_chairs_pluscal: 48
@!@!@ENDMSG 2221 @!@!@
@!@!@STARTMSG 2221:0 @!@!@
  line 117, col 15 to line 117, col 29 of module musical_chairs_pluscal: 57
@!@!@ENDMSG 2221 @!@!@
@!@!@STARTMSG 2221:0 @!@!@
  |line 117, col 15 to line 117, col 19 of module musical_chairs_pluscal: 48
@!@!@ENDMSG 2221 @!@!@
@!@!@STARTMSG 2221:0 @!@!@
  line 118, col 15 to line 118, col 26 of module musical_chairs_pluscal: 9
@!@!@ENDMSG 2221 @!@!@
@!@!@STARTMSG 2221:0 @!@!@
  line 119, col 15 to line 119, col 44 of module musical_chairs_pluscal: 9
@!@!@ENDMSG 2221 @!@!@
@!@!@STARTMSG 2221:0 @!@!@
  line 120, col 12 to line 120, col 27 of module musical_chairs_pluscal: 9
@!@!@ENDMSG 2221 @!@!@
@!@!@STARTMSG 2221:0 @!@!@
  line 121, col 12 to line 121, col 29 of module musical_chairs_pluscal: 9
@!@!@ENDMSG 2221 @!@!@
@!@!@STARTMSG 2221:0 @!@!@
  line 122, col 12 to line 122, col 47 of module musical_chairs_pluscal: 9
@!@!@ENDMSG 2221 @!@!@
@!@!@STARTMSG 2221:0 @!@!@
  line 123, col 12 to line 123, col 77 of module musical_chairs_pluscal: 9
@!@!@ENDMSG 2221 @!@!@
@!@!@STARTMSG 2772:0 @!@!@
<sit line 127, col 1 to line 127, col 3 of module musical_chairs_pluscal>: 3:8
@!@!@ENDMSG 2772 @!@!@
@!@!@STARTMSG 2221:0 @!@!@
  line 127, col 11 to line 127, col 27 of module musical_chairs_pluscal: 53
@!@!@ENDMSG 2221 @!@!@
@!@!@STARTMSG 2221:0 @!@!@
  |line 127, col 11 to line 127, col 19 of module musical_chairs_pluscal: 45
@!@!@ENDMSG 2221 @!@!@
@!@!@STARTMSG 2221:0 @!@!@
  line 128, col 14 to line 128, col 30 of module musical_chairs_pluscal: 53
@!@!@ENDMSG 2221 @!@!@
@!@!@STARTMSG 2221:0 @!@!@
  |line 128, col 14 to line 128, col 18 of module musical_chairs_pluscal: 45
@!@!@ENDMSG 2221 @!@!@
@!@!@STARTMSG 2221:0 @!@!@
  line 129, col 14 to line 129, col 26 of module musical_chairs_pluscal: 26
@!@!@ENDMSG 2221 @!@!@
@!@!@STARTMSG 2221:0 @!@!@
  |line 129, col 15 to line 129, col 26 of module musical_chairs_pluscal: 18
@!@!@ENDMSG 2221 @!@!@
@!@!@STARTMSG 2221:0 @!@!@
  line 130, col 11 to line 138, col 69 of module musical_chairs_pluscal: 8
@!@!@ENDMSG 2221 @!@!@
@!@!@STARTMSG 2221:0 @!@!@
  |line 130, col 24 to line 138, col 68 of module musical_chairs_pluscal: 8
@!@!@ENDMSG 2221 @!@!@
@!@!@STARTMSG 2221:0 @!@!@
  ||line 131, col 28 to line 138, col 68 of module musical_chairs_pluscal: 23
@!@!@ENDMSG 2221 @!@!@
@!@!@STARTMSG 2221:0 @!@!@
  |||line 131, col 32 to line 134, col 67 of module musical_chairs_pluscal: 23
@!@!@ENDMSG 2221 @!@!@
@!@!@STARTMSG 2221:0 @!@!@
  ||||line 134, col 35 to line 134, col 67 of module musical_chairs_pluscal: 792
@!@!@ENDMSG 2221 @!@!@
@!@!@STARTMSG 2221:0 @!@!@
  |||||line 134, col 35 to line 134, col 56 of module musical_chairs_pluscal: 792
@!@!@ENDMSG 2221 @!@!@
@!@!@STARTMSG 2221:0 @!@!@
  ||||||line 134, col 35 to line 134, col 43 of module musical_chairs_pluscal: 792
@!@!@ENDMSG 2221 @!@!@
@!@!@STARTMSG 2221:0 @!@!@
  ||||||line 134, col 48 to line 134, col 56 of module musical_chairs_pluscal: 210
@!@!@ENDMSG 2221 @!@!@
@!@!@STARTMSG 2221:0 @!@!@
  |||||line 134, col 61 to line 134, col 67 of module musical_chairs_pluscal: 57
@!@!@ENDMSG 2221 @!@!@
@!@!@STARTMSG 2221:0 @!@!@
  ||||line 131, col 41 to line 131, col 52 of module musical_chairs_pluscal: 23
@!@!@ENDMSG 2221 @!@!@
@!@!@STARTMSG 2221:0 @!@!@
  ||||line 132, col 41 to line 132, col 53 of module musical_chairs_pluscal: 23
@!@!@ENDMSG 2221 @!@!@
@!@!@STARTMSG 2221:0 @!@!@
  ||||line 133, col 41 to line 133, col 53 of module musical_chairs_pluscal: 23
@!@!@ENDMSG 2221 @!@!@
@!@!@STARTMSG 2221:0 @!@!@
  |||line 135, col 32 to line 138, col 67 of module musical_chairs_pluscal: 23
@!@!@ENDMSG 2221 @!@!@
@!@!@STARTMSG 2221:0 @!@!@
  ||||line 138, col 35 to line 138, col 67 of module musical_chairs_pluscal: 143
@!@!@ENDMSG 2221 @!@!@
@!@!@STARTMSG 2221:0 @!@!@
  |||||line 138, col 35 to line 138, col 56 of module musical_chairs_pluscal: 143
@!@!@ENDMSG 2221 @!@!@
@!@!@STARTMSG 2221:0 @!@!@
  ||||||line 138, col 35 to line 138, col 43 of module musical_chairs_pluscal: 143
@!@!@ENDMSG 2221 @!@!@
@!@!@STARTMSG 2221:0 @!@!@
  ||||||line 138, col 48 to line 138, col 56 of module musical_chairs_pluscal: 73
@!@!@ENDMSG 2221 @!@!@
@!@!@STARTMSG 2221:0 @!@!@
  |||||line 138, col 61 to line 138, col 67 of module musical_chairs_pluscal: 47
@!@!@ENDMSG 2221 @!@!@
@!@!@STARTMSG 2221:0 @!@!@
  ||||line 135, col 41 to line 135, col 48 of module musical_chairs_pluscal: 23
@!@!@ENDMSG 2221 @!@!@
@!@!@STARTMSG 2775:0 @!@!@
  |||||line 10, col 13 to line 10, col 34 of module musical_chairs_pluscal: 23:231
@!@!@ENDMSG 2775 @!@!@
@!@!@STARTMSG 2221:0 @!@!@
  ||||||line 10, col 14 to line 10, col 17 of module musical_chairs_pluscal: 57
@!@!@ENDMSG 2221 @!@!@
@!@!@STARTMSG 2221:0 @!@!@
  ||||||line 10, col 26 to line 10, col 33 of module musical_chairs_pluscal: 23
@!@!@ENDMSG 2221 @!@!@
@!@!@STARTMSG 2221:0 @!@!@
  |||||line 135, col 47 to line 135, col 47 of module musical_chairs_pluscal: 23
@!@!@ENDMSG 2221 @!@!@
@!@!@STARTMSG 2221:0 @!@!@
  ||||line 136, col 41 to line 136, col 48 of module musical_chairs_pluscal: 23
@!@!@ENDMSG 2221 @!@!@
@!@!@STARTMSG 2221:0 @!@!@
  ||||line 137, col 41 to line 137, col 48 of module musical_chairs_pluscal: 23
@!@!@ENDMSG 2221 @!@!@
@!@!@STARTMSG 2775:0 @!@!@
  ||line 130, col 37 to line 130, col 67 of module musical_chairs_pluscal: 8:628
@!@!@ENDMSG 2775 @!@!@
@!@!@STARTMSG 2221:0 @!@!@
  line 139, col 11 to line 140, col 62 of module musical_chairs_pluscal: 8
@!@!@ENDMSG 2221 @!@!@
@!@!@STARTMSG 2221:0 @!@!@
  |line 139, col 19 to line 139, col 67 of module musical_chairs_pluscal: 8
@!@!@ENDMSG 2221 @!@!@
@!@!@STARTMSG 2221:0 @!@!@
  ||line 139, col 43 to line 139, col 67 of module musical_chairs_pluscal: 23
@!@!@ENDMSG 2221 @!@!@
@!@!@STARTMSG 2221:0 @!@!@
  |||line 139, col 43 to line 139, col 43 of module musical_chairs_pluscal: 23
@!@!@ENDMSG 2221 @!@!@
@!@!@STARTMSG 2221:0 @!@!@
  |||line 139, col 52 to line 139, col 67 of module musical_chairs_pluscal: 23
@!@!@ENDMSG 2221 @!@!@
@!@!@STARTMSG 2221:0 @!@!@
  ||||line 10, col 13 to line 10, col 34 of module musical_chairs_pluscal: 23
@!@!@ENDMSG 2221 @!@!@
@!@!@STARTMSG 2221:0 @!@!@
  |||||line 10, col 14 to line 10, col 17 of module musical_chairs_pluscal: 48
@!@!@ENDMSG 2221 @!@!@
@!@!@STARTMSG 2221:0 @!@!@
  |||||line 10, col 26 to line 10, col 33 of module musical_chairs_pluscal: 23
@!@!@ENDMSG 2221 @!@!@
@!@!@STARTMSG 2221:0 @!@!@
  ||||line 139, col 58 to line 139, col 66 of module musical_chairs_pluscal: 71
@!@!@ENDMSG 2221 @!@!@
@!@!@STARTMSG 2221:0 @!@!@
  ||line 139, col 28 to line 139, col 40 of module musical_chairs_pluscal: 8
@!@!@ENDMSG 2221 @!@!@
@!@!@STARTMSG 2221:0 @!@!@
  line 141, col 11 to line 141, col 28 of module musical_chairs_pluscal: 8
@!@!@ENDMSG 2221 @!@!@
@!@!@STARTMSG 2221:0 @!@!@
  line 142, col 11 to line 142, col 44 of module musical_chairs_pluscal: 8
@!@!@ENDMSG 2221 @!@!@
@!@!@STARTMSG 2221:0 @!@!@
  line 143, col 11 to line 143, col 76 of module musical_chairs_pluscal: 8
@!@!@ENDMSG 2221 @!@!@
@!@!@STARTMSG 2772:0 @!@!@
<eliminateloser line 147, col 1 to line 147, col 14 of module musical_chairs_pluscal>: 3:9
@!@!@ENDMSG 2772 @!@!@
@!@!@STARTMSG 2221:0 @!@!@
  line 147, col 22 to line 147, col 60 of module musical_chairs_pluscal: 51
@!@!@ENDMSG 2221 @!@!@
@!@!@STARTMSG 2221:0 @!@!@
  |line 147, col 22 to line 147, col 41 of module musical_chairs_pluscal: 42
@!@!@ENDMSG 2221 @!@!@
@!@!@STARTMSG 2221:0 @!@!@
  line 148, col 25 to line 148, col 41 of module musical_chairs_pluscal: 48
@!@!@ENDMSG 2221 @!@!@
@!@!@STARTMSG 2221:0 @!@!@
  |line 148, col 25 to line 148, col 29 of module musical_chairs_pluscal: 39
@!@!@ENDMSG 2221 @!@!@
@!@!@STARTMSG 2221:0 @!@!@
  line 149, col 25 to line 149, col 54 of module musical_chairs_pluscal: 9
@!@!@ENDMSG 2221 @!@!@
@!@!@STARTMSG 2221:0 @!@!@
  line 150, col 25 to line 150, col 85 of module musical_chairs_pluscal: 18
@!@!@ENDMSG 2221 @!@!@
@!@!@STARTMSG 2221:0 @!@!@
  |line 150, col 25 to line 150, col 81 of module musical_chairs_pluscal: 9
@!@!@ENDMSG 2221 @!@!@
@!@!@STARTMSG 2221:0 @!@!@
  ||line 150, col 25 to line 150, col 50 of module musical_chairs_pluscal: 9
@!@!@ENDMSG 2221 @!@!@
@!@!@STARTMSG 2221:0 @!@!@
  ||line 150, col 54 to line 150, col 81 of module musical_chairs_pluscal: 9
@!@!@ENDMSG 2221 @!@!@
@!@!@STARTMSG 2221:0 @!@!@
  |||line 150, col 66 to line 150, col 80 of module musical_chairs_pluscal: 9
@!@!@ENDMSG 2221 @!@!@
@!@!@STARTMSG 2221:0 @!@!@
  ||||line 10, col 13 to line 10, col 34 of module musical_chairs_pluscal: 9
@!@!@ENDMSG 2221 @!@!@
@!@!@STARTMSG 2221:0 @!@!@
  |||||line 10, col 14 to line 10, col 17 of module musical_chairs_pluscal: 18
@!@!@ENDMSG 2221 @!@!@
@!@!@STARTMSG 2221:0 @!@!@
  |||||line 10, col 26 to line 10, col 33 of module musical_chairs_pluscal: 9
@!@!@ENDMSG 2221 @!@!@
@!@!@STARTMSG 2221:0 @!@!@
  ||||line 150, col 72 to line 150, col 79 of module musical_chairs_pluscal: 9
@!@!@ENDMSG 2221 @!@!@
@!@!@STARTMSG 2221:0 @!@!@
  line 151, col 22 to line 151, col 53 of module musical_chairs_pluscal: 9
@!@!@ENDMSG 2221 @!@!@
@!@!@STARTMSG 2221:0 @!@!@
  |line 151, col 39 to line 151, col 53 of module musical_chairs_pluscal: 9
@!@!@ENDMSG 2221 @!@!@
@!@!@STARTMSG 2775:0 @!@!@
  ||line 10, col 13 to line 10, col 34 of module musical_chairs_pluscal: 9:1786
@!@!@ENDMSG 2775 @!@!@
@!@!@STARTMSG 2221:0 @!@!@
  |||line 10, col 14 to line 10, col 17 of module musical_chairs_pluscal: 18
@!@!@ENDMSG 2221 @!@!@
@!@!@STARTMSG 2221:0 @!@!@
  |||line 10, col 26 to line 10, col 33 of module musical_chairs_pluscal: 9
@!@!@ENDMSG 2221 @!@!@
@!@!@STARTMSG 2221:0 @!@!@
  ||line 151, col 45 to line 151, col 52 of module musical_chairs_pluscal: 9
@!@!@ENDMSG 2221 @!@!@
@!@!@STARTMSG 2221:0 @!@!@
  line 152, col 22 to line 152, col 86 of module musical_chairs_pluscal: 9
@!@!@ENDMSG 2221 @!@!@
@!@!@STARTMSG 2221:0 @!@!@
  line 153, col 22 to line 154, col 73 of module musical_chairs_pluscal: 9
@!@!@ENDMSG 2221 @!@!@
@!@!@STARTMSG 2221:0 @!@!@
  line 155, col 22 to line 155, col 37 of module musical_chairs_pluscal: 9
@!@!@ENDMSG 2221 @!@!@
@!@!@STARTMSG 2221:0 @!@!@
  line 156, col 22 to line 156, col 58 of module musical_chairs_pluscal: 9
@!@!@ENDMSG 2221 @!@!@
@!@!@STARTMSG 2221:0 @!@!@
  line 157, col 25 to line 157, col 55 of module musical_chairs_pluscal: 9
@!@!@ENDMSG 2221 @!@!@
@!@!@STARTMSG 2221:0 @!@!@
  line 158, col 30 to line 159, col 78 of module musical_chairs_pluscal: 3
@!@!@ENDMSG 2221 @!@!@
@!@!@STARTMSG 2221:0 @!@!@
  line 160, col 30 to line 161, col 88 of module musical_chairs_pluscal: 6
@!@!@ENDMSG 2221 @!@!@
@!@!@STARTMSG 2221:0 @!@!@
  line 162, col 22 to line 162, col 43 of module musical_chairs_pluscal: 9
@!@!@ENDMSG 2221 @!@!@
@!@!@STARTMSG 2772:0 @!@!@
<win line 166, col 1 to line 166, col 3 of module musical_chairs_pluscal>: 1:2
@!@!@ENDMSG 2772 @!@!@
@!@!@STARTMSG 2221:0 @!@!@
  line 166, col 11 to line 166, col 27 of module musical_chairs_pluscal: 41
@!@!@ENDMSG 2221 @!@!@
@!@!@STARTMSG 2221:0 @!@!@
  |line 166, col 11 to line 166, col 19 of module musical_chairs_pluscal: 39
@!@!@ENDMSG 2221 @!@!@
@!@!@STARTMSG 2221:0 @!@!@
  line 167, col 14 to line 167, col 30 of module musical_chairs_pluscal: 40
@!@!@ENDMSG 2221 @!@!@
@!@!@STARTMSG 2221:0 @!@!@
  |line 167, col 14 to line 167, col 18 of module musical_chairs_pluscal: 38
@!@!@ENDMSG 2221 @!@!@
@!@!@STARTMSG 2221:0 @!@!@
  line 168, col 14 to line 168, col 43 of module musical_chairs_pluscal: 10
@!@!@ENDMSG 2221 @!@!@
@!@!@STARTMSG 2221:0 @!@!@
  |line 168, col 14 to line 168, col 39 of module musical_chairs_pluscal: 8
@!@!@ENDMSG 2221 @!@!@
@!@!@STARTMSG 2221:0 @!@!@
  line 169, col 11 to line 169, col 24 of module musical_chairs_pluscal: 2
@!@!@ENDMSG 2221 @!@!@
@!@!@STARTMSG 2221:0 @!@!@
  line 170, col 11 to line 170, col 45 of module musical_chairs_pluscal: 2
@!@!@ENDMSG 2221 @!@!@
@!@!@STARTMSG 2221:0 @!@!@
  line 171, col 11 to line 172, col 33 of module musical_chairs_pluscal: 2
@!@!@ENDMSG 2221 @!@!@
@!@!@STARTMSG 2772:0 @!@!@
<cmp line 176, col 1 to line 176, col 3 of module musical_chairs_pluscal>: 6:30
@!@!@ENDMSG 2772 @!@!@
@!@!@STARTMSG 2221:0 @!@!@
  line 176, col 11 to line 176, col 42 of module musical_chairs_pluscal: 68
@!@!@ENDMSG 2221 @!@!@
@!@!@STARTMSG 2221:0 @!@!@
  |line 176, col 11 to line 176, col 34 of module musical_chairs_pluscal: 38
@!@!@ENDMSG 2221 @!@!@
@!@!@STARTMSG 2221:0 @!@!@
  line 177, col 11 to line 177, col 40 of module musical_chairs_pluscal: 68
@!@!@ENDMSG 2221 @!@!@
@!@!@STARTMSG 2221:0 @!@!@
  |line 177, col 11 to line 177, col 15 of module musical_chairs_pluscal: 38
@!@!@ENDMSG 2221 @!@!@
@!@!@STARTMSG 2221:0 @!@!@
  |line 177, col 21 to line 177, col 40 of module musical_chairs_pluscal: 38
@!@!@ENDMSG 2221 @!@!@
@!@!@STARTMSG 2221:0 @!@!@
  line 178, col 11 to line 178, col 39 of module musical_chairs_pluscal: 30
@!@!@ENDMSG 2221 @!@!@
@!@!@STARTMSG 2221:0 @!@!@
  line 179, col 11 to line 179, col 59 of module musical_chairs_pluscal: 30
@!@!@ENDMSG 2221 @!@!@
@!@!@STARTMSG 2221:0 @!@!@
  line 180, col 11 to line 180, col 79 of module musical_chairs_pluscal: 30
@!@!@ENDMSG 2221 @!@!@
@!@!@STARTMSG 2772:0 @!@!@
<Terminating line 185, col 1 to line 185, col 11 of module musical_chairs_pluscal>: 0:0
@!@!@ENDMSG 2772 @!@!@
@!@!@STARTMSG 2221:0 @!@!@
  line 185, col 19 to line 185, col 56 of module musical_chairs_pluscal: 33
@!@!@ENDMSG 2221 @!@!@
@!@!@STARTMSG 2221:0 @!@!@
  line 186, col 19 to line 186, col 32 of module musical_chairs_pluscal: 0
@!@!@ENDMSG 2221 @!@!@
@!@!@STARTMSG 2774:0 @!@!@
<OneMorePlayerThanChairs line 212, col 1 to line 212, col 23 of module musical_chairs_pluscal>
@!@!@ENDMSG 2774 @!@!@
@!@!@STARTMSG 2221:0 @!@!@
  line 213, col 5 to line 213, col 62 of module musical_chairs_pluscal: 17
@!@!@ENDMSG 2221 @!@!@
@!@!@STARTMSG 2774:0 @!@!@
<TypeOK line 203, col 1 to line 203, col 6 of module musical_chairs_pluscal>
@!@!@ENDMSG 2774 @!@!@
@!@!@STARTMSG 2221:0 @!@!@
  line 204, col 5 to line 208, col 23 of module musical_chairs_pluscal: 17
@!@!@ENDMSG 2221 @!@!@
@!@!@STARTMSG 2202:0 @!@!@
End of statistics.
@!@!@ENDMSG 2202 @!@!@
@!@!@STARTMSG 2200:0 @!@!@
Progress(16) at 2019-12-23 01:12:23: 23 states generated (1,518 s/min), 17 distinct states found (1,122 ds/min), 0 states left on queue.
@!@!@ENDMSG 2200 @!@!@
@!@!@STARTMSG 2199:0 @!@!@
23 states generated, 17 distinct states found, 0 states left on queue.
@!@!@ENDMSG 2199 @!@!@
@!@!@STARTMSG 2194:0 @!@!@
The depth of the complete state graph search is 16.
@!@!@ENDMSG 2194 @!@!@
@!@!@STARTMSG 2268:0 @!@!@
The average outdegree of the complete state graph is 1 (minimum is 0, the maximum 2 and the 95th percentile is 2).
@!@!@ENDMSG 2268 @!@!@
@!@!@STARTMSG 2186:0 @!@!@
Finished in 913ms at (2019-12-23 01:12:23)
@!@!@ENDMSG 2186 @!@!@
