@!@!@STARTMSG 2262:0 @!@!@
TLC2 Version 2.14 of 10 July 2019
@!@!@ENDMSG 2262 @!@!@
@!@!@STARTMSG 2187:0 @!@!@
Running breadth-first search Model-Checking with fp 67 and seed -3122546887377738627 with 4 workers on 8 cores with 1157MB heap and 2601MB offheap memory [pid: 25936] (Linux 4.19.0-10-amd64 amd64, AdoptOpenJDK 11.0.3 x86_64, OffHeapDiskFPSet, DiskStateQueue).
@!@!@ENDMSG 2187 @!@!@
@!@!@STARTMSG 2220:0 @!@!@
Starting SANY...
@!@!@ENDMSG 2220 @!@!@
Parsing file /home/bandali/src/git/models/bandali-nday-2020/landing-gear/pluscal/landing_gear_pluscal.toolbox/Model_1/MC.tla
Parsing file /home/bandali/src/git/models/bandali-nday-2020/landing-gear/pluscal/landing_gear_pluscal.toolbox/Model_1/landing_gear_pluscal.tla
Parsing file /data/bandali/usr/dls/tla-toolbox/plugins/org.lamport.tlatools_1.0.0.201907102009/tla2sany/StandardModules/TLC.tla
Parsing file /data/bandali/usr/dls/tla-toolbox/plugins/org.lamport.tlatools_1.0.0.201907102009/tla2sany/StandardModules/Naturals.tla
Parsing file /data/bandali/usr/dls/tla-toolbox/plugins/org.lamport.tlatools_1.0.0.201907102009/tla2sany/StandardModules/Sequences.tla
Parsing file /data/bandali/usr/dls/tla-toolbox/plugins/org.lamport.tlatools_1.0.0.201907102009/tla2sany/StandardModules/FiniteSets.tla
Semantic processing of module landing_gear_pluscal
Semantic processing of module Naturals
Semantic processing of module Sequences
Semantic processing of module FiniteSets
Semantic processing of module TLC
Semantic processing of module MC
@!@!@STARTMSG 2219:0 @!@!@
SANY finished.
@!@!@ENDMSG 2219 @!@!@
@!@!@STARTMSG 2185:0 @!@!@
Starting... (2020-08-31 12:15:41)
@!@!@ENDMSG 2185 @!@!@
@!@!@STARTMSG 2212:0 @!@!@
Implied-temporal checking--satisfiability problem has 4 branches.
@!@!@ENDMSG 2212 @!@!@
@!@!@STARTMSG 2189:0 @!@!@
Computing initial states...
@!@!@ENDMSG 2189 @!@!@
@!@!@STARTMSG 2269:0 @!@!@
Computed 2 initial states...
@!@!@ENDMSG 2269 @!@!@
@!@!@STARTMSG 2269:0 @!@!@
Computed 4 initial states...
@!@!@ENDMSG 2269 @!@!@
@!@!@STARTMSG 2269:0 @!@!@
Computed 8 initial states...
@!@!@ENDMSG 2269 @!@!@
@!@!@STARTMSG 2269:0 @!@!@
Computed 16 initial states...
@!@!@ENDMSG 2269 @!@!@
@!@!@STARTMSG 2190:0 @!@!@
Finished computing initial states: 32 distinct states generated at 2020-08-31 12:15:42.
@!@!@ENDMSG 2190 @!@!@
@!@!@STARTMSG 2200:0 @!@!@
Progress(11) at 2020-08-31 12:15:42: 1,952 states generated, 320 distinct states found, 0 states left on queue.
@!@!@ENDMSG 2200 @!@!@
@!@!@STARTMSG 2192:0 @!@!@
Checking 4 branches of temporal properties for the complete state space with 1280 total distinct states at (2020-08-31 12:15:42)
@!@!@ENDMSG 2192 @!@!@
@!@!@STARTMSG 2267:0 @!@!@
Finished checking temporal properties in 00s at 2020-08-31 12:15:42
@!@!@ENDMSG 2267 @!@!@
@!@!@STARTMSG 2193:0 @!@!@
Model checking completed. No error has been found.
  Estimates of the probability that TLC did not check all reachable states
  because two distinct states had the same fingerprint:
  calculated (optimistic):  val = 2.8E-14
@!@!@ENDMSG 2193 @!@!@
@!@!@STARTMSG 2201:0 @!@!@
The coverage statistics at 2020-08-31 12:15:42
@!@!@ENDMSG 2201 @!@!@
@!@!@STARTMSG 2773:0 @!@!@
<Init line 362, col 1 to line 362, col 4 of module landing_gear_pluscal>: 32:32
@!@!@ENDMSG 2773 @!@!@
@!@!@STARTMSG 2221:0 @!@!@
  line 363, col 12 to line 363, col 34 of module landing_gear_pluscal: 1
@!@!@ENDMSG 2221 @!@!@
@!@!@STARTMSG 2221:0 @!@!@
  line 366, col 12 to line 366, col 40 of module landing_gear_pluscal: 2
@!@!@ENDMSG 2221 @!@!@
@!@!@STARTMSG 2221:0 @!@!@
  line 367, col 12 to line 367, col 43 of module landing_gear_pluscal: 2
@!@!@ENDMSG 2221 @!@!@
@!@!@STARTMSG 2221:0 @!@!@
  line 368, col 12 to line 368, col 44 of module landing_gear_pluscal: 2
@!@!@ENDMSG 2221 @!@!@
@!@!@STARTMSG 2221:0 @!@!@
  line 369, col 12 to line 369, col 46 of module landing_gear_pluscal: 2
@!@!@ENDMSG 2221 @!@!@
@!@!@STARTMSG 2221:0 @!@!@
  line 370, col 12 to line 370, col 45 of module landing_gear_pluscal: 2
@!@!@ENDMSG 2221 @!@!@
@!@!@STARTMSG 2221:0 @!@!@
  line 371, col 12 to line 371, col 37 of module landing_gear_pluscal: 2
@!@!@ENDMSG 2221 @!@!@
@!@!@STARTMSG 2221:0 @!@!@
  line 372, col 12 to line 372, col 38 of module landing_gear_pluscal: 4
@!@!@ENDMSG 2221 @!@!@
@!@!@STARTMSG 2221:0 @!@!@
  line 373, col 12 to line 373, col 35 of module landing_gear_pluscal: 8
@!@!@ENDMSG 2221 @!@!@
@!@!@STARTMSG 2221:0 @!@!@
  line 374, col 12 to line 374, col 33 of module landing_gear_pluscal: 16
@!@!@ENDMSG 2221 @!@!@
@!@!@STARTMSG 2221:0 @!@!@
  line 375, col 12 to line 381, col 94 of module landing_gear_pluscal: 32
@!@!@ENDMSG 2221 @!@!@
@!@!@STARTMSG 2772:0 @!@!@
<toggle_handle_ line 504, col 1 to line 504, col 14 of module landing_gear_pluscal>: 76:332
@!@!@ENDMSG 2772 @!@!@
@!@!@STARTMSG 2221:0 @!@!@
  line 504, col 22 to line 504, col 59 of module landing_gear_pluscal: 664
@!@!@ENDMSG 2221 @!@!@
@!@!@STARTMSG 2221:0 @!@!@
  |line 504, col 22 to line 504, col 40 of module landing_gear_pluscal: 332
@!@!@ENDMSG 2221 @!@!@
@!@!@STARTMSG 2221:0 @!@!@
  line 505, col 25 to line 505, col 37 of module landing_gear_pluscal: 332
@!@!@ENDMSG 2221 @!@!@
@!@!@STARTMSG 2221:0 @!@!@
  line 506, col 30 to line 506, col 48 of module landing_gear_pluscal: 165
@!@!@ENDMSG 2221 @!@!@
@!@!@STARTMSG 2221:0 @!@!@
  line 507, col 30 to line 507, col 46 of module landing_gear_pluscal: 167
@!@!@ENDMSG 2221 @!@!@
@!@!@STARTMSG 2221:0 @!@!@
  line 508, col 22 to line 508, col 76 of module landing_gear_pluscal: 332
@!@!@ENDMSG 2221 @!@!@
@!@!@STARTMSG 2221:0 @!@!@
  line 509, col 22 to line 514, col 78 of module landing_gear_pluscal: 332
@!@!@ENDMSG 2221 @!@!@
@!@!@STARTMSG 2772:0 @!@!@
<toggle_gears_extended_ line 518, col 1 to line 518, col 22 of module landing_gear_pluscal>: 0:332
@!@!@ENDMSG 2772 @!@!@
@!@!@STARTMSG 2221:0 @!@!@
  line 518, col 30 to line 518, col 83 of module landing_gear_pluscal: 664
@!@!@ENDMSG 2221 @!@!@
@!@!@STARTMSG 2221:0 @!@!@
  |line 518, col 30 to line 518, col 56 of module landing_gear_pluscal: 332
@!@!@ENDMSG 2221 @!@!@
@!@!@STARTMSG 2221:0 @!@!@
  line 519, col 33 to line 519, col 54 of module landing_gear_pluscal: 332
@!@!@ENDMSG 2221 @!@!@
@!@!@STARTMSG 2221:0 @!@!@
  line 520, col 38 to line 520, col 62 of module landing_gear_pluscal: 172
@!@!@ENDMSG 2221 @!@!@
@!@!@STARTMSG 2221:0 @!@!@
  line 521, col 38 to line 521, col 63 of module landing_gear_pluscal: 160
@!@!@ENDMSG 2221 @!@!@
@!@!@STARTMSG 2221:0 @!@!@
  line 522, col 30 to line 522, col 100 of module landing_gear_pluscal: 332
@!@!@ENDMSG 2221 @!@!@
@!@!@STARTMSG 2221:0 @!@!@
  line 523, col 30 to line 530, col 55 of module landing_gear_pluscal: 332
@!@!@ENDMSG 2221 @!@!@
@!@!@STARTMSG 2772:0 @!@!@
<toggle_gears_retracted_ line 534, col 1 to line 534, col 23 of module landing_gear_pluscal>: 20:332
@!@!@ENDMSG 2772 @!@!@
@!@!@STARTMSG 2221:0 @!@!@
  line 534, col 31 to line 534, col 86 of module landing_gear_pluscal: 664
@!@!@ENDMSG 2221 @!@!@
@!@!@STARTMSG 2221:0 @!@!@
  |line 534, col 31 to line 534, col 58 of module landing_gear_pluscal: 332
@!@!@ENDMSG 2221 @!@!@
@!@!@STARTMSG 2221:0 @!@!@
  line 535, col 34 to line 535, col 56 of module landing_gear_pluscal: 332
@!@!@ENDMSG 2221 @!@!@
@!@!@STARTMSG 2221:0 @!@!@
  line 536, col 39 to line 536, col 64 of module landing_gear_pluscal: 168
@!@!@ENDMSG 2221 @!@!@
@!@!@STARTMSG 2221:0 @!@!@
  line 537, col 39 to line 537, col 65 of module landing_gear_pluscal: 164
@!@!@ENDMSG 2221 @!@!@
@!@!@STARTMSG 2221:0 @!@!@
  line 538, col 31 to line 538, col 103 of module landing_gear_pluscal: 332
@!@!@ENDMSG 2221 @!@!@
@!@!@STARTMSG 2221:0 @!@!@
  line 539, col 31 to line 546, col 56 of module landing_gear_pluscal: 332
@!@!@ENDMSG 2221 @!@!@
@!@!@STARTMSG 2772:0 @!@!@
<toggle_doors_closed_ line 550, col 1 to line 550, col 20 of module landing_gear_pluscal>: 9:332
@!@!@ENDMSG 2772 @!@!@
@!@!@STARTMSG 2221:0 @!@!@
  line 550, col 28 to line 550, col 77 of module landing_gear_pluscal: 664
@!@!@ENDMSG 2221 @!@!@
@!@!@STARTMSG 2221:0 @!@!@
  |line 550, col 28 to line 550, col 52 of module landing_gear_pluscal: 332
@!@!@ENDMSG 2221 @!@!@
@!@!@STARTMSG 2221:0 @!@!@
  line 551, col 31 to line 551, col 50 of module landing_gear_pluscal: 332
@!@!@ENDMSG 2221 @!@!@
@!@!@STARTMSG 2221:0 @!@!@
  line 552, col 36 to line 552, col 58 of module landing_gear_pluscal: 171
@!@!@ENDMSG 2221 @!@!@
@!@!@STARTMSG 2221:0 @!@!@
  line 553, col 36 to line 553, col 59 of module landing_gear_pluscal: 161
@!@!@ENDMSG 2221 @!@!@
@!@!@STARTMSG 2221:0 @!@!@
  line 554, col 28 to line 554, col 94 of module landing_gear_pluscal: 332
@!@!@ENDMSG 2221 @!@!@
@!@!@STARTMSG 2221:0 @!@!@
  line 555, col 28 to line 562, col 53 of module landing_gear_pluscal: 332
@!@!@ENDMSG 2221 @!@!@
@!@!@STARTMSG 2772:0 @!@!@
<toggle_doors_open_ line 566, col 1 to line 566, col 18 of module landing_gear_pluscal>: 105:332
@!@!@ENDMSG 2772 @!@!@
@!@!@STARTMSG 2221:0 @!@!@
  line 566, col 26 to line 566, col 71 of module landing_gear_pluscal: 664
@!@!@ENDMSG 2221 @!@!@
@!@!@STARTMSG 2221:0 @!@!@
  |line 566, col 26 to line 566, col 48 of module landing_gear_pluscal: 332
@!@!@ENDMSG 2221 @!@!@
@!@!@STARTMSG 2221:0 @!@!@
  line 567, col 29 to line 567, col 46 of module landing_gear_pluscal: 332
@!@!@ENDMSG 2221 @!@!@
@!@!@STARTMSG 2221:0 @!@!@
  line 568, col 34 to line 568, col 54 of module landing_gear_pluscal: 163
@!@!@ENDMSG 2221 @!@!@
@!@!@STARTMSG 2221:0 @!@!@
  line 569, col 34 to line 569, col 55 of module landing_gear_pluscal: 169
@!@!@ENDMSG 2221 @!@!@
@!@!@STARTMSG 2221:0 @!@!@
  line 570, col 26 to line 570, col 88 of module landing_gear_pluscal: 332
@!@!@ENDMSG 2221 @!@!@
@!@!@STARTMSG 2221:0 @!@!@
  line 571, col 26 to line 578, col 53 of module landing_gear_pluscal: 332
@!@!@ENDMSG 2221 @!@!@
@!@!@STARTMSG 2772:0 @!@!@
<Terminating line 583, col 1 to line 583, col 11 of module landing_gear_pluscal>: 0:0
@!@!@ENDMSG 2772 @!@!@
@!@!@STARTMSG 2221:0 @!@!@
  line 583, col 19 to line 583, col 56 of module landing_gear_pluscal: 332
@!@!@ENDMSG 2221 @!@!@
@!@!@STARTMSG 2221:0 @!@!@
  line 584, col 19 to line 584, col 32 of module landing_gear_pluscal: 0
@!@!@ENDMSG 2221 @!@!@
@!@!@STARTMSG 2772:0 @!@!@
<MyNext line 604, col 1 to line 604, col 6 of module landing_gear_pluscal (605 6 605 69)>: 78:332
@!@!@ENDMSG 2772 @!@!@
@!@!@STARTMSG 2221:0 @!@!@
  line 605, col 9 to line 605, col 21 of module landing_gear_pluscal: 332
@!@!@ENDMSG 2221 @!@!@
@!@!@STARTMSG 2221:0 @!@!@
  line 383, col 28 to line 383, col 77 of module landing_gear_pluscal: 330
@!@!@ENDMSG 2221 @!@!@
@!@!@STARTMSG 2221:0 @!@!@
  |line 383, col 28 to line 383, col 52 of module landing_gear_pluscal: 165
@!@!@ENDMSG 2221 @!@!@
@!@!@STARTMSG 2221:0 @!@!@
  line 384, col 31 to line 384, col 49 of module landing_gear_pluscal: 165
@!@!@ENDMSG 2221 @!@!@
@!@!@STARTMSG 2221:0 @!@!@
  line 385, col 42 to line 385, col 55 of module landing_gear_pluscal: 100
@!@!@ENDMSG 2221 @!@!@
@!@!@STARTMSG 2221:0 @!@!@
  line 386, col 50 to line 389, col 99 of module landing_gear_pluscal: 50
@!@!@ENDMSG 2221 @!@!@
@!@!@STARTMSG 2221:0 @!@!@
  |line 386, col 60 to line 389, col 98 of module landing_gear_pluscal: 50
@!@!@ENDMSG 2221 @!@!@
@!@!@STARTMSG 2221:0 @!@!@
  ||line 386, col 65 to line 386, col 98 of module landing_gear_pluscal: 50
@!@!@ENDMSG 2221 @!@!@
@!@!@STARTMSG 2221:0 @!@!@
  ||line 387, col 65 to line 387, col 84 of module landing_gear_pluscal: 34
@!@!@ENDMSG 2221 @!@!@
@!@!@STARTMSG 2221:0 @!@!@
  ||line 387, col 89 to line 387, col 134 of module landing_gear_pluscal: 16
@!@!@ENDMSG 2221 @!@!@
@!@!@STARTMSG 2221:0 @!@!@
  |||line 387, col 92 to line 387, col 106 of module landing_gear_pluscal: 16
@!@!@ENDMSG 2221 @!@!@
@!@!@STARTMSG 2221:0 @!@!@
  |||line 387, col 130 to line 387, col 134 of module landing_gear_pluscal: 8
@!@!@ENDMSG 2221 @!@!@
@!@!@STARTMSG 2221:0 @!@!@
  ||line 388, col 65 to line 388, col 99 of module landing_gear_pluscal: 18
@!@!@ENDMSG 2221 @!@!@
@!@!@STARTMSG 2221:0 @!@!@
  line 390, col 50 to line 393, col 138 of module landing_gear_pluscal: 50
@!@!@ENDMSG 2221 @!@!@
@!@!@STARTMSG 2221:0 @!@!@
  |line 390, col 82 to line 393, col 137 of module landing_gear_pluscal: 50
@!@!@ENDMSG 2221 @!@!@
@!@!@STARTMSG 2221:0 @!@!@
  ||line 390, col 87 to line 390, col 113 of module landing_gear_pluscal: 50
@!@!@ENDMSG 2221 @!@!@
@!@!@STARTMSG 2221:0 @!@!@
  ||line 391, col 87 to line 391, col 107 of module landing_gear_pluscal: 50
@!@!@ENDMSG 2221 @!@!@
@!@!@STARTMSG 2221:0 @!@!@
  ||line 391, col 112 to line 391, col 173 of module landing_gear_pluscal: 42
@!@!@ENDMSG 2221 @!@!@
@!@!@STARTMSG 2221:0 @!@!@
  |||line 391, col 115 to line 391, col 129 of module landing_gear_pluscal: 42
@!@!@ENDMSG 2221 @!@!@
@!@!@STARTMSG 2221:0 @!@!@
  |||line 391, col 136 to line 391, col 140 of module landing_gear_pluscal: 16
@!@!@ENDMSG 2221 @!@!@
@!@!@STARTMSG 2221:0 @!@!@
  |||line 391, col 147 to line 391, col 173 of module landing_gear_pluscal: 26
@!@!@ENDMSG 2221 @!@!@
@!@!@STARTMSG 2221:0 @!@!@
  ||line 392, col 87 to line 392, col 114 of module landing_gear_pluscal: 8
@!@!@ENDMSG 2221 @!@!@
@!@!@STARTMSG 2221:0 @!@!@
  ||line 393, col 87 to line 393, col 137 of module landing_gear_pluscal: 8
@!@!@ENDMSG 2221 @!@!@
@!@!@STARTMSG 2221:0 @!@!@
  line 394, col 50 to line 397, col 136 of module landing_gear_pluscal: 50
@!@!@ENDMSG 2221 @!@!@
@!@!@STARTMSG 2221:0 @!@!@
  |line 394, col 81 to line 397, col 135 of module landing_gear_pluscal: 50
@!@!@ENDMSG 2221 @!@!@
@!@!@STARTMSG 2221:0 @!@!@
  ||line 394, col 86 to line 394, col 134 of module landing_gear_pluscal: 50
@!@!@ENDMSG 2221 @!@!@
@!@!@STARTMSG 2221:0 @!@!@
  ||line 395, col 86 to line 395, col 106 of module landing_gear_pluscal: 50
@!@!@ENDMSG 2221 @!@!@
@!@!@STARTMSG 2221:0 @!@!@
  ||line 395, col 111 to line 395, col 136 of module landing_gear_pluscal: 42
@!@!@ENDMSG 2221 @!@!@
@!@!@STARTMSG 2221:0 @!@!@
  ||line 396, col 86 to line 396, col 114 of module landing_gear_pluscal: 8
@!@!@ENDMSG 2221 @!@!@
@!@!@STARTMSG 2221:0 @!@!@
  ||line 397, col 86 to line 397, col 135 of module landing_gear_pluscal: 8
@!@!@ENDMSG 2221 @!@!@
@!@!@STARTMSG 2221:0 @!@!@
  line 398, col 50 to line 401, col 90 of module landing_gear_pluscal: 50
@!@!@ENDMSG 2221 @!@!@
@!@!@STARTMSG 2221:0 @!@!@
  line 402, col 50 to line 404, col 122 of module landing_gear_pluscal: 50
@!@!@ENDMSG 2221 @!@!@
@!@!@STARTMSG 2221:0 @!@!@
  |line 402, col 60 to line 404, col 121 of module landing_gear_pluscal: 50
@!@!@ENDMSG 2221 @!@!@
@!@!@STARTMSG 2221:0 @!@!@
  ||line 402, col 65 to line 402, col 93 of module landing_gear_pluscal: 50
@!@!@ENDMSG 2221 @!@!@
@!@!@STARTMSG 2221:0 @!@!@
  ||line 403, col 65 to line 403, col 94 of module landing_gear_pluscal: 33
@!@!@ENDMSG 2221 @!@!@
@!@!@STARTMSG 2221:0 @!@!@
  ||line 404, col 65 to line 404, col 81 of module landing_gear_pluscal: 16
@!@!@ENDMSG 2221 @!@!@
@!@!@STARTMSG 2221:0 @!@!@
  ||line 404, col 86 to line 404, col 121 of module landing_gear_pluscal: 16
@!@!@ENDMSG 2221 @!@!@
@!@!@STARTMSG 2221:0 @!@!@
  |||line 404, col 89 to line 404, col 98 of module landing_gear_pluscal: 16
@!@!@ENDMSG 2221 @!@!@
@!@!@STARTMSG 2221:0 @!@!@
  |||line 404, col 117 to line 404, col 121 of module landing_gear_pluscal: 8
@!@!@ENDMSG 2221 @!@!@
@!@!@STARTMSG 2221:0 @!@!@
  line 405, col 50 to line 408, col 121 of module landing_gear_pluscal: 50
@!@!@ENDMSG 2221 @!@!@
@!@!@STARTMSG 2221:0 @!@!@
  |line 405, col 76 to line 408, col 120 of module landing_gear_pluscal: 50
@!@!@ENDMSG 2221 @!@!@
@!@!@STARTMSG 2221:0 @!@!@
  ||line 405, col 81 to line 405, col 105 of module landing_gear_pluscal: 50
@!@!@ENDMSG 2221 @!@!@
@!@!@STARTMSG 2221:0 @!@!@
  ||line 406, col 81 to line 406, col 123 of module landing_gear_pluscal: 50
@!@!@ENDMSG 2221 @!@!@
@!@!@STARTMSG 2221:0 @!@!@
  ||line 407, col 81 to line 407, col 98 of module landing_gear_pluscal: 50
@!@!@ENDMSG 2221 @!@!@
@!@!@STARTMSG 2221:0 @!@!@
  ||line 407, col 103 to line 407, col 123 of module landing_gear_pluscal: 42
@!@!@ENDMSG 2221 @!@!@
@!@!@STARTMSG 2221:0 @!@!@
  ||line 408, col 81 to line 408, col 120 of module landing_gear_pluscal: 8
@!@!@ENDMSG 2221 @!@!@
@!@!@STARTMSG 2221:0 @!@!@
  line 409, col 50 to line 412, col 129 of module landing_gear_pluscal: 50
@!@!@ENDMSG 2221 @!@!@
@!@!@STARTMSG 2221:0 @!@!@
  |line 409, col 80 to line 412, col 128 of module landing_gear_pluscal: 50
@!@!@ENDMSG 2221 @!@!@
@!@!@STARTMSG 2221:0 @!@!@
  ||line 409, col 85 to line 409, col 130 of module landing_gear_pluscal: 50
@!@!@ENDMSG 2221 @!@!@
@!@!@STARTMSG 2221:0 @!@!@
  ||line 410, col 85 to line 410, col 111 of module landing_gear_pluscal: 50
@!@!@ENDMSG 2221 @!@!@
@!@!@STARTMSG 2221:0 @!@!@
  ||line 411, col 85 to line 411, col 102 of module landing_gear_pluscal: 50
@!@!@ENDMSG 2221 @!@!@
@!@!@STARTMSG 2221:0 @!@!@
  ||line 411, col 107 to line 411, col 131 of module landing_gear_pluscal: 42
@!@!@ENDMSG 2221 @!@!@
@!@!@STARTMSG 2221:0 @!@!@
  ||line 412, col 85 to line 412, col 128 of module landing_gear_pluscal: 8
@!@!@ENDMSG 2221 @!@!@
@!@!@STARTMSG 2221:0 @!@!@
  line 413, col 50 to line 416, col 127 of module landing_gear_pluscal: 50
@!@!@ENDMSG 2221 @!@!@
@!@!@STARTMSG 2221:0 @!@!@
  |line 413, col 79 to line 416, col 126 of module landing_gear_pluscal: 50
@!@!@ENDMSG 2221 @!@!@
@!@!@STARTMSG 2221:0 @!@!@
  ||line 413, col 84 to line 413, col 108 of module landing_gear_pluscal: 50
@!@!@ENDMSG 2221 @!@!@
@!@!@STARTMSG 2221:0 @!@!@
  ||line 414, col 84 to line 414, col 109 of module landing_gear_pluscal: 50
@!@!@ENDMSG 2221 @!@!@
@!@!@STARTMSG 2221:0 @!@!@
  ||line 415, col 84 to line 415, col 101 of module landing_gear_pluscal: 50
@!@!@ENDMSG 2221 @!@!@
@!@!@STARTMSG 2221:0 @!@!@
  ||line 415, col 106 to line 415, col 159 of module landing_gear_pluscal: 42
@!@!@ENDMSG 2221 @!@!@
@!@!@STARTMSG 2221:0 @!@!@
  |||line 415, col 109 to line 415, col 118 of module landing_gear_pluscal: 42
@!@!@ENDMSG 2221 @!@!@
@!@!@STARTMSG 2221:0 @!@!@
  |||line 415, col 125 to line 415, col 129 of module landing_gear_pluscal: 16
@!@!@ENDMSG 2221 @!@!@
@!@!@STARTMSG 2221:0 @!@!@
  |||line 415, col 136 to line 415, col 159 of module landing_gear_pluscal: 26
@!@!@ENDMSG 2221 @!@!@
@!@!@STARTMSG 2221:0 @!@!@
  ||line 416, col 84 to line 416, col 126 of module landing_gear_pluscal: 8
@!@!@ENDMSG 2221 @!@!@
@!@!@STARTMSG 2221:0 @!@!@
  line 417, col 50 to line 419, col 91 of module landing_gear_pluscal: 50
@!@!@ENDMSG 2221 @!@!@
@!@!@STARTMSG 2221:0 @!@!@
  line 420, col 39 to line 423, col 82 of module landing_gear_pluscal: 65
@!@!@ENDMSG 2221 @!@!@
@!@!@STARTMSG 2221:0 @!@!@
  |line 420, col 49 to line 423, col 81 of module landing_gear_pluscal: 65
@!@!@ENDMSG 2221 @!@!@
@!@!@STARTMSG 2221:0 @!@!@
  ||line 420, col 54 to line 420, col 80 of module landing_gear_pluscal: 65
@!@!@ENDMSG 2221 @!@!@
@!@!@STARTMSG 2221:0 @!@!@
  ||line 421, col 54 to line 421, col 70 of module landing_gear_pluscal: 49
@!@!@ENDMSG 2221 @!@!@
@!@!@STARTMSG 2221:0 @!@!@
  ||line 421, col 75 to line 421, col 114 of module landing_gear_pluscal: 16
@!@!@ENDMSG 2221 @!@!@
@!@!@STARTMSG 2221:0 @!@!@
  |||line 421, col 78 to line 421, col 89 of module landing_gear_pluscal: 16
@!@!@ENDMSG 2221 @!@!@
@!@!@STARTMSG 2221:0 @!@!@
  |||line 421, col 110 to line 421, col 114 of module landing_gear_pluscal: 8
@!@!@ENDMSG 2221 @!@!@
@!@!@STARTMSG 2221:0 @!@!@
  ||line 422, col 54 to line 422, col 83 of module landing_gear_pluscal: 33
@!@!@ENDMSG 2221 @!@!@
@!@!@STARTMSG 2221:0 @!@!@
  ||line 423, col 54 to line 423, col 81 of module landing_gear_pluscal: 16
@!@!@ENDMSG 2221 @!@!@
@!@!@STARTMSG 2221:0 @!@!@
  line 424, col 39 to line 427, col 112 of module landing_gear_pluscal: 65
@!@!@ENDMSG 2221 @!@!@
@!@!@STARTMSG 2221:0 @!@!@
  |line 424, col 65 to line 427, col 111 of module landing_gear_pluscal: 65
@!@!@ENDMSG 2221 @!@!@
@!@!@STARTMSG 2221:0 @!@!@
  ||line 424, col 70 to line 424, col 109 of module landing_gear_pluscal: 65
@!@!@ENDMSG 2221 @!@!@
@!@!@STARTMSG 2221:0 @!@!@
  ||line 425, col 70 to line 425, col 87 of module landing_gear_pluscal: 65
@!@!@ENDMSG 2221 @!@!@
@!@!@STARTMSG 2221:0 @!@!@
  ||line 425, col 92 to line 425, col 144 of module landing_gear_pluscal: 41
@!@!@ENDMSG 2221 @!@!@
@!@!@STARTMSG 2221:0 @!@!@
  |||line 425, col 95 to line 425, col 106 of module landing_gear_pluscal: 41
@!@!@ENDMSG 2221 @!@!@
@!@!@STARTMSG 2221:0 @!@!@
  |||line 425, col 113 to line 425, col 117 of module landing_gear_pluscal: 16
@!@!@ENDMSG 2221 @!@!@
@!@!@STARTMSG 2221:0 @!@!@
  |||line 425, col 124 to line 425, col 144 of module landing_gear_pluscal: 25
@!@!@ENDMSG 2221 @!@!@
@!@!@STARTMSG 2221:0 @!@!@
  ||line 426, col 70 to line 426, col 112 of module landing_gear_pluscal: 24
@!@!@ENDMSG 2221 @!@!@
@!@!@STARTMSG 2221:0 @!@!@
  ||line 427, col 70 to line 427, col 111 of module landing_gear_pluscal: 24
@!@!@ENDMSG 2221 @!@!@
@!@!@STARTMSG 2221:0 @!@!@
  line 428, col 39 to line 431, col 120 of module landing_gear_pluscal: 65
@!@!@ENDMSG 2221 @!@!@
@!@!@STARTMSG 2221:0 @!@!@
  |line 428, col 69 to line 431, col 119 of module landing_gear_pluscal: 65
@!@!@ENDMSG 2221 @!@!@
@!@!@STARTMSG 2221:0 @!@!@
  ||line 428, col 74 to line 428, col 96 of module landing_gear_pluscal: 65
@!@!@ENDMSG 2221 @!@!@
@!@!@STARTMSG 2221:0 @!@!@
  ||line 429, col 74 to line 429, col 91 of module landing_gear_pluscal: 65
@!@!@ENDMSG 2221 @!@!@
@!@!@STARTMSG 2221:0 @!@!@
  ||line 429, col 96 to line 429, col 152 of module landing_gear_pluscal: 41
@!@!@ENDMSG 2221 @!@!@
@!@!@STARTMSG 2221:0 @!@!@
  |||line 429, col 99 to line 429, col 110 of module landing_gear_pluscal: 41
@!@!@ENDMSG 2221 @!@!@
@!@!@STARTMSG 2221:0 @!@!@
  |||line 429, col 117 to line 429, col 121 of module landing_gear_pluscal: 16
@!@!@ENDMSG 2221 @!@!@
@!@!@STARTMSG 2221:0 @!@!@
  |||line 429, col 128 to line 429, col 152 of module landing_gear_pluscal: 25
@!@!@ENDMSG 2221 @!@!@
@!@!@STARTMSG 2221:0 @!@!@
  ||line 430, col 74 to line 430, col 99 of module landing_gear_pluscal: 24
@!@!@ENDMSG 2221 @!@!@
@!@!@STARTMSG 2221:0 @!@!@
  ||line 431, col 74 to line 431, col 119 of module landing_gear_pluscal: 24
@!@!@ENDMSG 2221 @!@!@
@!@!@STARTMSG 2221:0 @!@!@
  line 432, col 39 to line 435, col 118 of module landing_gear_pluscal: 65
@!@!@ENDMSG 2221 @!@!@
@!@!@STARTMSG 2221:0 @!@!@
  |line 432, col 68 to line 435, col 117 of module landing_gear_pluscal: 65
@!@!@ENDMSG 2221 @!@!@
@!@!@STARTMSG 2221:0 @!@!@
  ||line 432, col 73 to line 432, col 115 of module landing_gear_pluscal: 65
@!@!@ENDMSG 2221 @!@!@
@!@!@STARTMSG 2221:0 @!@!@
  ||line 433, col 73 to line 433, col 90 of module landing_gear_pluscal: 65
@!@!@ENDMSG 2221 @!@!@
@!@!@STARTMSG 2221:0 @!@!@
  ||line 433, col 95 to line 433, col 118 of module landing_gear_pluscal: 41
@!@!@ENDMSG 2221 @!@!@
@!@!@STARTMSG 2221:0 @!@!@
  ||line 434, col 73 to line 434, col 99 of module landing_gear_pluscal: 24
@!@!@ENDMSG 2221 @!@!@
@!@!@STARTMSG 2221:0 @!@!@
  ||line 435, col 73 to line 435, col 117 of module landing_gear_pluscal: 24
@!@!@ENDMSG 2221 @!@!@
@!@!@STARTMSG 2221:0 @!@!@
  line 436, col 39 to line 438, col 80 of module landing_gear_pluscal: 65
@!@!@ENDMSG 2221 @!@!@
@!@!@STARTMSG 2221:0 @!@!@
  line 439, col 28 to line 439, col 94 of module landing_gear_pluscal: 165
@!@!@ENDMSG 2221 @!@!@
@!@!@STARTMSG 2221:0 @!@!@
  line 440, col 28 to line 442, col 53 of module landing_gear_pluscal: 165
@!@!@ENDMSG 2221 @!@!@
@!@!@STARTMSG 2221:0 @!@!@
  line 446, col 26 to line 446, col 71 of module landing_gear_pluscal: 334
@!@!@ENDMSG 2221 @!@!@
@!@!@STARTMSG 2221:0 @!@!@
  |line 446, col 26 to line 446, col 48 of module landing_gear_pluscal: 167
@!@!@ENDMSG 2221 @!@!@
@!@!@STARTMSG 2221:0 @!@!@
  line 447, col 29 to line 447, col 46 of module landing_gear_pluscal: 167
@!@!@ENDMSG 2221 @!@!@
@!@!@STARTMSG 2221:0 @!@!@
  line 448, col 40 to line 448, col 53 of module landing_gear_pluscal: 101
@!@!@ENDMSG 2221 @!@!@
@!@!@STARTMSG 2221:0 @!@!@
  line 449, col 48 to line 452, col 90 of module landing_gear_pluscal: 51
@!@!@ENDMSG 2221 @!@!@
@!@!@STARTMSG 2221:0 @!@!@
  |line 449, col 58 to line 452, col 89 of module landing_gear_pluscal: 51
@!@!@ENDMSG 2221 @!@!@
@!@!@STARTMSG 2221:0 @!@!@
  ||line 449, col 63 to line 449, col 96 of module landing_gear_pluscal: 51
@!@!@ENDMSG 2221 @!@!@
@!@!@STARTMSG 2221:0 @!@!@
  ||line 450, col 63 to line 450, col 81 of module landing_gear_pluscal: 34
@!@!@ENDMSG 2221 @!@!@
@!@!@STARTMSG 2221:0 @!@!@
  ||line 450, col 86 to line 450, col 129 of module landing_gear_pluscal: 16
@!@!@ENDMSG 2221 @!@!@
@!@!@STARTMSG 2221:0 @!@!@
  |||line 450, col 89 to line 450, col 102 of module landing_gear_pluscal: 16
@!@!@ENDMSG 2221 @!@!@
@!@!@STARTMSG 2221:0 @!@!@
  |||line 450, col 125 to line 450, col 129 of module landing_gear_pluscal: 8
@!@!@ENDMSG 2221 @!@!@
@!@!@STARTMSG 2221:0 @!@!@
  ||line 451, col 63 to line 451, col 97 of module landing_gear_pluscal: 18
@!@!@ENDMSG 2221 @!@!@
@!@!@STARTMSG 2221:0 @!@!@
  line 453, col 48 to line 456, col 133 of module landing_gear_pluscal: 51
@!@!@ENDMSG 2221 @!@!@
@!@!@STARTMSG 2221:0 @!@!@
  |line 453, col 79 to line 456, col 132 of module landing_gear_pluscal: 51
@!@!@ENDMSG 2221 @!@!@
@!@!@STARTMSG 2221:0 @!@!@
  ||line 453, col 84 to line 453, col 111 of module landing_gear_pluscal: 51
@!@!@ENDMSG 2221 @!@!@
@!@!@STARTMSG 2221:0 @!@!@
  ||line 454, col 84 to line 454, col 103 of module landing_gear_pluscal: 51
@!@!@ENDMSG 2221 @!@!@
@!@!@STARTMSG 2221:0 @!@!@
  ||line 454, col 108 to line 454, col 167 of module landing_gear_pluscal: 43
@!@!@ENDMSG 2221 @!@!@
@!@!@STARTMSG 2221:0 @!@!@
  |||line 454, col 111 to line 454, col 124 of module landing_gear_pluscal: 43
@!@!@ENDMSG 2221 @!@!@
@!@!@STARTMSG 2221:0 @!@!@
  |||line 454, col 131 to line 454, col 135 of module landing_gear_pluscal: 16
@!@!@ENDMSG 2221 @!@!@
@!@!@STARTMSG 2221:0 @!@!@
  |||line 454, col 142 to line 454, col 167 of module landing_gear_pluscal: 27
@!@!@ENDMSG 2221 @!@!@
@!@!@STARTMSG 2221:0 @!@!@
  ||line 455, col 84 to line 455, col 112 of module landing_gear_pluscal: 8
@!@!@ENDMSG 2221 @!@!@
@!@!@STARTMSG 2221:0 @!@!@
  ||line 456, col 84 to line 456, col 132 of module landing_gear_pluscal: 8
@!@!@ENDMSG 2221 @!@!@
@!@!@STARTMSG 2221:0 @!@!@
  line 457, col 48 to line 460, col 135 of module landing_gear_pluscal: 51
@!@!@ENDMSG 2221 @!@!@
@!@!@STARTMSG 2221:0 @!@!@
  |line 457, col 80 to line 460, col 134 of module landing_gear_pluscal: 51
@!@!@ENDMSG 2221 @!@!@
@!@!@STARTMSG 2221:0 @!@!@
  ||line 457, col 85 to line 457, col 135 of module landing_gear_pluscal: 51
@!@!@ENDMSG 2221 @!@!@
@!@!@STARTMSG 2221:0 @!@!@
  ||line 458, col 85 to line 458, col 104 of module landing_gear_pluscal: 51
@!@!@ENDMSG 2221 @!@!@
@!@!@STARTMSG 2221:0 @!@!@
  ||line 458, col 109 to line 458, col 135 of module landing_gear_pluscal: 43
@!@!@ENDMSG 2221 @!@!@
@!@!@STARTMSG 2221:0 @!@!@
  ||line 459, col 85 to line 459, col 114 of module landing_gear_pluscal: 8
@!@!@ENDMSG 2221 @!@!@
@!@!@STARTMSG 2221:0 @!@!@
  ||line 460, col 85 to line 460, col 134 of module landing_gear_pluscal: 8
@!@!@ENDMSG 2221 @!@!@
@!@!@STARTMSG 2221:0 @!@!@
  line 461, col 48 to line 463, col 87 of module landing_gear_pluscal: 51
@!@!@ENDMSG 2221 @!@!@
@!@!@STARTMSG 2221:0 @!@!@
  line 464, col 48 to line 466, col 93 of module landing_gear_pluscal: 50
@!@!@ENDMSG 2221 @!@!@
@!@!@STARTMSG 2221:0 @!@!@
  |line 464, col 58 to line 466, col 92 of module landing_gear_pluscal: 50
@!@!@ENDMSG 2221 @!@!@
@!@!@STARTMSG 2221:0 @!@!@
  ||line 464, col 63 to line 464, col 91 of module landing_gear_pluscal: 50
@!@!@ENDMSG 2221 @!@!@
@!@!@STARTMSG 2221:0 @!@!@
  ||line 465, col 63 to line 465, col 79 of module landing_gear_pluscal: 33
@!@!@ENDMSG 2221 @!@!@
@!@!@STARTMSG 2221:0 @!@!@
  ||line 465, col 84 to line 465, col 119 of module landing_gear_pluscal: 16
@!@!@ENDMSG 2221 @!@!@
@!@!@STARTMSG 2221:0 @!@!@
  |||line 465, col 87 to line 465, col 96 of module landing_gear_pluscal: 16
@!@!@ENDMSG 2221 @!@!@
@!@!@STARTMSG 2221:0 @!@!@
  |||line 465, col 115 to line 465, col 119 of module landing_gear_pluscal: 8
@!@!@ENDMSG 2221 @!@!@
@!@!@STARTMSG 2221:0 @!@!@
  ||line 466, col 63 to line 466, col 92 of module landing_gear_pluscal: 17
@!@!@ENDMSG 2221 @!@!@
@!@!@STARTMSG 2221:0 @!@!@
  line 467, col 48 to line 470, col 119 of module landing_gear_pluscal: 50
@!@!@ENDMSG 2221 @!@!@
@!@!@STARTMSG 2221:0 @!@!@
  |line 467, col 74 to line 470, col 118 of module landing_gear_pluscal: 50
@!@!@ENDMSG 2221 @!@!@
@!@!@STARTMSG 2221:0 @!@!@
  ||line 467, col 79 to line 467, col 103 of module landing_gear_pluscal: 50
@!@!@ENDMSG 2221 @!@!@
@!@!@STARTMSG 2221:0 @!@!@
  ||line 468, col 79 to line 468, col 96 of module landing_gear_pluscal: 50
@!@!@ENDMSG 2221 @!@!@
@!@!@STARTMSG 2221:0 @!@!@
  ||line 468, col 101 to line 468, col 121 of module landing_gear_pluscal: 42
@!@!@ENDMSG 2221 @!@!@
@!@!@STARTMSG 2221:0 @!@!@
  ||line 469, col 79 to line 469, col 121 of module landing_gear_pluscal: 8
@!@!@ENDMSG 2221 @!@!@
@!@!@STARTMSG 2221:0 @!@!@
  ||line 470, col 79 to line 470, col 118 of module landing_gear_pluscal: 8
@!@!@ENDMSG 2221 @!@!@
@!@!@STARTMSG 2221:0 @!@!@
  line 471, col 48 to line 474, col 125 of module landing_gear_pluscal: 50
@!@!@ENDMSG 2221 @!@!@
@!@!@STARTMSG 2221:0 @!@!@
  |line 471, col 77 to line 474, col 124 of module landing_gear_pluscal: 50
@!@!@ENDMSG 2221 @!@!@
@!@!@STARTMSG 2221:0 @!@!@
  ||line 471, col 82 to line 471, col 106 of module landing_gear_pluscal: 50
@!@!@ENDMSG 2221 @!@!@
@!@!@STARTMSG 2221:0 @!@!@
  ||line 472, col 82 to line 472, col 99 of module landing_gear_pluscal: 50
@!@!@ENDMSG 2221 @!@!@
@!@!@STARTMSG 2221:0 @!@!@
  ||line 472, col 104 to line 472, col 157 of module landing_gear_pluscal: 42
@!@!@ENDMSG 2221 @!@!@
@!@!@STARTMSG 2221:0 @!@!@
  |||line 472, col 107 to line 472, col 116 of module landing_gear_pluscal: 42
@!@!@ENDMSG 2221 @!@!@
@!@!@STARTMSG 2221:0 @!@!@
  |||line 472, col 123 to line 472, col 127 of module landing_gear_pluscal: 18
@!@!@ENDMSG 2221 @!@!@
@!@!@STARTMSG 2221:0 @!@!@
  |||line 472, col 134 to line 472, col 157 of module landing_gear_pluscal: 24
@!@!@ENDMSG 2221 @!@!@
@!@!@STARTMSG 2221:0 @!@!@
  ||line 473, col 82 to line 473, col 127 of module landing_gear_pluscal: 8
@!@!@ENDMSG 2221 @!@!@
@!@!@STARTMSG 2221:0 @!@!@
  ||line 474, col 82 to line 474, col 124 of module landing_gear_pluscal: 8
@!@!@ENDMSG 2221 @!@!@
@!@!@STARTMSG 2221:0 @!@!@
  line 475, col 48 to line 477, col 89 of module landing_gear_pluscal: 50
@!@!@ENDMSG 2221 @!@!@
@!@!@STARTMSG 2221:0 @!@!@
  line 478, col 37 to line 478, col 71 of module landing_gear_pluscal: 101
@!@!@ENDMSG 2221 @!@!@
@!@!@STARTMSG 2221:0 @!@!@
  line 479, col 37 to line 482, col 80 of module landing_gear_pluscal: 66
@!@!@ENDMSG 2221 @!@!@
@!@!@STARTMSG 2221:0 @!@!@
  |line 479, col 47 to line 482, col 79 of module landing_gear_pluscal: 66
@!@!@ENDMSG 2221 @!@!@
@!@!@STARTMSG 2221:0 @!@!@
  ||line 479, col 52 to line 479, col 78 of module landing_gear_pluscal: 66
@!@!@ENDMSG 2221 @!@!@
@!@!@STARTMSG 2221:0 @!@!@
  ||line 480, col 52 to line 480, col 68 of module landing_gear_pluscal: 49
@!@!@ENDMSG 2221 @!@!@
@!@!@STARTMSG 2221:0 @!@!@
  ||line 480, col 73 to line 480, col 112 of module landing_gear_pluscal: 16
@!@!@ENDMSG 2221 @!@!@
@!@!@STARTMSG 2221:0 @!@!@
  |||line 480, col 76 to line 480, col 87 of module landing_gear_pluscal: 16
@!@!@ENDMSG 2221 @!@!@
@!@!@STARTMSG 2221:0 @!@!@
  |||line 480, col 108 to line 480, col 112 of module landing_gear_pluscal: 8
@!@!@ENDMSG 2221 @!@!@
@!@!@STARTMSG 2221:0 @!@!@
  ||line 481, col 52 to line 481, col 81 of module landing_gear_pluscal: 33
@!@!@ENDMSG 2221 @!@!@
@!@!@STARTMSG 2221:0 @!@!@
  ||line 482, col 52 to line 482, col 79 of module landing_gear_pluscal: 16
@!@!@ENDMSG 2221 @!@!@
@!@!@STARTMSG 2221:0 @!@!@
  line 483, col 37 to line 486, col 110 of module landing_gear_pluscal: 66
@!@!@ENDMSG 2221 @!@!@
@!@!@STARTMSG 2221:0 @!@!@
  |line 483, col 63 to line 486, col 109 of module landing_gear_pluscal: 66
@!@!@ENDMSG 2221 @!@!@
@!@!@STARTMSG 2221:0 @!@!@
  ||line 483, col 68 to line 483, col 107 of module landing_gear_pluscal: 66
@!@!@ENDMSG 2221 @!@!@
@!@!@STARTMSG 2221:0 @!@!@
  ||line 484, col 68 to line 484, col 85 of module landing_gear_pluscal: 66
@!@!@ENDMSG 2221 @!@!@
@!@!@STARTMSG 2221:0 @!@!@
  ||line 484, col 90 to line 484, col 142 of module landing_gear_pluscal: 42
@!@!@ENDMSG 2221 @!@!@
@!@!@STARTMSG 2221:0 @!@!@
  |||line 484, col 93 to line 484, col 104 of module landing_gear_pluscal: 42
@!@!@ENDMSG 2221 @!@!@
@!@!@STARTMSG 2221:0 @!@!@
  |||line 484, col 111 to line 484, col 115 of module landing_gear_pluscal: 16
@!@!@ENDMSG 2221 @!@!@
@!@!@STARTMSG 2221:0 @!@!@
  |||line 484, col 122 to line 484, col 142 of module landing_gear_pluscal: 26
@!@!@ENDMSG 2221 @!@!@
@!@!@STARTMSG 2221:0 @!@!@
  ||line 485, col 68 to line 485, col 110 of module landing_gear_pluscal: 24
@!@!@ENDMSG 2221 @!@!@
@!@!@STARTMSG 2221:0 @!@!@
  ||line 486, col 68 to line 486, col 109 of module landing_gear_pluscal: 24
@!@!@ENDMSG 2221 @!@!@
@!@!@STARTMSG 2221:0 @!@!@
  line 487, col 37 to line 490, col 118 of module landing_gear_pluscal: 66
@!@!@ENDMSG 2221 @!@!@
@!@!@STARTMSG 2221:0 @!@!@
  |line 487, col 67 to line 490, col 117 of module landing_gear_pluscal: 66
@!@!@ENDMSG 2221 @!@!@
@!@!@STARTMSG 2221:0 @!@!@
  ||line 487, col 72 to line 487, col 94 of module landing_gear_pluscal: 66
@!@!@ENDMSG 2221 @!@!@
@!@!@STARTMSG 2221:0 @!@!@
  ||line 488, col 72 to line 488, col 89 of module landing_gear_pluscal: 66
@!@!@ENDMSG 2221 @!@!@
@!@!@STARTMSG 2221:0 @!@!@
  ||line 488, col 94 to line 488, col 150 of module landing_gear_pluscal: 42
@!@!@ENDMSG 2221 @!@!@
@!@!@STARTMSG 2221:0 @!@!@
  |||line 488, col 97 to line 488, col 108 of module landing_gear_pluscal: 42
@!@!@ENDMSG 2221 @!@!@
@!@!@STARTMSG 2221:0 @!@!@
  |||line 488, col 115 to line 488, col 119 of module landing_gear_pluscal: 16
@!@!@ENDMSG 2221 @!@!@
@!@!@STARTMSG 2221:0 @!@!@
  |||line 488, col 126 to line 488, col 150 of module landing_gear_pluscal: 26
@!@!@ENDMSG 2221 @!@!@
@!@!@STARTMSG 2221:0 @!@!@
  ||line 489, col 72 to line 489, col 97 of module landing_gear_pluscal: 24
@!@!@ENDMSG 2221 @!@!@
@!@!@STARTMSG 2221:0 @!@!@
  ||line 490, col 72 to line 490, col 117 of module landing_gear_pluscal: 24
@!@!@ENDMSG 2221 @!@!@
@!@!@STARTMSG 2221:0 @!@!@
  line 491, col 37 to line 494, col 116 of module landing_gear_pluscal: 66
@!@!@ENDMSG 2221 @!@!@
@!@!@STARTMSG 2221:0 @!@!@
  |line 491, col 66 to line 494, col 115 of module landing_gear_pluscal: 66
@!@!@ENDMSG 2221 @!@!@
@!@!@STARTMSG 2221:0 @!@!@
  ||line 491, col 71 to line 491, col 113 of module landing_gear_pluscal: 66
@!@!@ENDMSG 2221 @!@!@
@!@!@STARTMSG 2221:0 @!@!@
  ||line 492, col 71 to line 492, col 88 of module landing_gear_pluscal: 66
@!@!@ENDMSG 2221 @!@!@
@!@!@STARTMSG 2221:0 @!@!@
  ||line 492, col 93 to line 492, col 116 of module landing_gear_pluscal: 42
@!@!@ENDMSG 2221 @!@!@
@!@!@STARTMSG 2221:0 @!@!@
  ||line 493, col 71 to line 493, col 97 of module landing_gear_pluscal: 24
@!@!@ENDMSG 2221 @!@!@
@!@!@STARTMSG 2221:0 @!@!@
  ||line 494, col 71 to line 494, col 115 of module landing_gear_pluscal: 24
@!@!@ENDMSG 2221 @!@!@
@!@!@STARTMSG 2221:0 @!@!@
  line 495, col 37 to line 497, col 78 of module landing_gear_pluscal: 66
@!@!@ENDMSG 2221 @!@!@
@!@!@STARTMSG 2221:0 @!@!@
  line 498, col 26 to line 498, col 88 of module landing_gear_pluscal: 167
@!@!@ENDMSG 2221 @!@!@
@!@!@STARTMSG 2221:0 @!@!@
  line 499, col 26 to line 500, col 65 of module landing_gear_pluscal: 167
@!@!@ENDMSG 2221 @!@!@
@!@!@STARTMSG 2774:0 @!@!@
<TypeOK line 303, col 1 to line 303, col 6 of module landing_gear_pluscal>
@!@!@ENDMSG 2774 @!@!@
@!@!@STARTMSG 2221:0 @!@!@
  line 304, col 5 to line 317, col 41 of module landing_gear_pluscal: 320
@!@!@ENDMSG 2221 @!@!@
@!@!@STARTMSG 2221:0 @!@!@
  |line 304, col 8 to line 304, col 30 of module landing_gear_pluscal: 320
@!@!@ENDMSG 2221 @!@!@
@!@!@STARTMSG 2221:0 @!@!@
  |line 305, col 8 to line 305, col 27 of module landing_gear_pluscal: 320
@!@!@ENDMSG 2221 @!@!@
@!@!@STARTMSG 2221:0 @!@!@
  |line 306, col 8 to line 306, col 27 of module landing_gear_pluscal: 320
@!@!@ENDMSG 2221 @!@!@
@!@!@STARTMSG 2221:0 @!@!@
  |line 307, col 8 to line 307, col 40 of module landing_gear_pluscal: 320
@!@!@ENDMSG 2221 @!@!@
@!@!@STARTMSG 2221:0 @!@!@
  |line 308, col 8 to line 308, col 43 of module landing_gear_pluscal: 320
@!@!@ENDMSG 2221 @!@!@
@!@!@STARTMSG 2221:0 @!@!@
  |line 309, col 8 to line 309, col 44 of module landing_gear_pluscal: 320
@!@!@ENDMSG 2221 @!@!@
@!@!@STARTMSG 2221:0 @!@!@
  |line 310, col 8 to line 310, col 46 of module landing_gear_pluscal: 320
@!@!@ENDMSG 2221 @!@!@
@!@!@STARTMSG 2221:0 @!@!@
  |line 311, col 8 to line 311, col 45 of module landing_gear_pluscal: 320
@!@!@ENDMSG 2221 @!@!@
@!@!@STARTMSG 2221:0 @!@!@
  |line 312, col 8 to line 312, col 33 of module landing_gear_pluscal: 320
@!@!@ENDMSG 2221 @!@!@
@!@!@STARTMSG 2221:0 @!@!@
  |line 313, col 8 to line 313, col 34 of module landing_gear_pluscal: 320
@!@!@ENDMSG 2221 @!@!@
@!@!@STARTMSG 2221:0 @!@!@
  |line 314, col 8 to line 314, col 31 of module landing_gear_pluscal: 320
@!@!@ENDMSG 2221 @!@!@
@!@!@STARTMSG 2221:0 @!@!@
  |line 315, col 8 to line 315, col 29 of module landing_gear_pluscal: 320
@!@!@ENDMSG 2221 @!@!@
@!@!@STARTMSG 2221:0 @!@!@
  |line 316, col 8 to line 316, col 41 of module landing_gear_pluscal: 320
@!@!@ENDMSG 2221 @!@!@
@!@!@STARTMSG 2221:0 @!@!@
  ||line 316, col 8 to line 316, col 22 of module landing_gear_pluscal: 320
@!@!@ENDMSG 2221 @!@!@
@!@!@STARTMSG 2221:0 @!@!@
  |||line 289, col 3 to line 292, col 47 of module landing_gear_pluscal: 320
@!@!@ENDMSG 2221 @!@!@
@!@!@STARTMSG 2221:0 @!@!@
  ||||line 289, col 8 to line 289, col 44 of module landing_gear_pluscal: 320
@!@!@ENDMSG 2221 @!@!@
@!@!@STARTMSG 2221:0 @!@!@
  ||||line 290, col 8 to line 290, col 48 of module landing_gear_pluscal: 192
@!@!@ENDMSG 2221 @!@!@
@!@!@STARTMSG 2221:0 @!@!@
  ||||line 291, col 8 to line 291, col 49 of module landing_gear_pluscal: 128
@!@!@ENDMSG 2221 @!@!@
@!@!@STARTMSG 2221:0 @!@!@
  ||||line 292, col 8 to line 292, col 47 of module landing_gear_pluscal: 64
@!@!@ENDMSG 2221 @!@!@
@!@!@STARTMSG 2221:0 @!@!@
  ||line 316, col 28 to line 316, col 41 of module landing_gear_pluscal: 320
@!@!@ENDMSG 2221 @!@!@
@!@!@STARTMSG 2221:0 @!@!@
  |line 317, col 8 to line 317, col 41 of module landing_gear_pluscal: 320
@!@!@ENDMSG 2221 @!@!@
@!@!@STARTMSG 2221:0 @!@!@
  ||line 317, col 8 to line 317, col 22 of module landing_gear_pluscal: 320
@!@!@ENDMSG 2221 @!@!@
@!@!@STARTMSG 2221:0 @!@!@
  |||line 295, col 3 to line 298, col 52 of module landing_gear_pluscal: 320
@!@!@ENDMSG 2221 @!@!@
@!@!@STARTMSG 2221:0 @!@!@
  ||||line 295, col 8 to line 295, col 50 of module landing_gear_pluscal: 320
@!@!@ENDMSG 2221 @!@!@
@!@!@STARTMSG 2221:0 @!@!@
  ||||line 296, col 8 to line 296, col 50 of module landing_gear_pluscal: 192
@!@!@ENDMSG 2221 @!@!@
@!@!@STARTMSG 2221:0 @!@!@
  ||||line 297, col 8 to line 297, col 48 of module landing_gear_pluscal: 160
@!@!@ENDMSG 2221 @!@!@
@!@!@STARTMSG 2221:0 @!@!@
  ||||line 298, col 8 to line 298, col 52 of module landing_gear_pluscal: 32
@!@!@ENDMSG 2221 @!@!@
@!@!@STARTMSG 2221:0 @!@!@
  ||line 317, col 28 to line 317, col 41 of module landing_gear_pluscal: 320
@!@!@ENDMSG 2221 @!@!@
@!@!@STARTMSG 2774:0 @!@!@
<Inv1 line 319, col 1 to line 319, col 4 of module landing_gear_pluscal>
@!@!@ENDMSG 2774 @!@!@
@!@!@STARTMSG 2221:0 @!@!@
  line 320, col 3 to line 320, col 65 of module landing_gear_pluscal: 320
@!@!@ENDMSG 2221 @!@!@
@!@!@STARTMSG 2221:0 @!@!@
  |line 320, col 4 to line 320, col 46 of module landing_gear_pluscal: 320
@!@!@ENDMSG 2221 @!@!@
@!@!@STARTMSG 2221:0 @!@!@
  ||line 320, col 4 to line 320, col 22 of module landing_gear_pluscal: 320
@!@!@ENDMSG 2221 @!@!@
@!@!@STARTMSG 2221:0 @!@!@
  ||line 320, col 27 to line 320, col 46 of module landing_gear_pluscal: 288
@!@!@ENDMSG 2221 @!@!@
@!@!@STARTMSG 2221:0 @!@!@
  |line 320, col 52 to line 320, col 65 of module landing_gear_pluscal: 64
@!@!@ENDMSG 2221 @!@!@
@!@!@STARTMSG 2774:0 @!@!@
<Inv2 line 321, col 1 to line 321, col 4 of module landing_gear_pluscal>
@!@!@ENDMSG 2774 @!@!@
@!@!@STARTMSG 2221:0 @!@!@
  line 322, col 3 to line 322, col 65 of module landing_gear_pluscal: 320
@!@!@ENDMSG 2221 @!@!@
@!@!@STARTMSG 2221:0 @!@!@
  |line 322, col 3 to line 322, col 18 of module landing_gear_pluscal: 320
@!@!@ENDMSG 2221 @!@!@
@!@!@STARTMSG 2221:0 @!@!@
  |line 322, col 24 to line 322, col 64 of module landing_gear_pluscal: 64
@!@!@ENDMSG 2221 @!@!@
@!@!@STARTMSG 2221:0 @!@!@
  ||line 322, col 24 to line 322, col 41 of module landing_gear_pluscal: 64
@!@!@ENDMSG 2221 @!@!@
@!@!@STARTMSG 2221:0 @!@!@
  ||line 322, col 46 to line 322, col 64 of module landing_gear_pluscal: 32
@!@!@ENDMSG 2221 @!@!@
@!@!@STARTMSG 2774:0 @!@!@
<Action line 339, col 6 to line 340, col 20 of module landing_gear_pluscal>
@!@!@ENDMSG 2774 @!@!@
@!@!@STARTMSG 2221:0 @!@!@
  line 339, col 6 to line 340, col 20 of module landing_gear_pluscal: 320
@!@!@ENDMSG 2221 @!@!@
@!@!@STARTMSG 2774:0 @!@!@
<Action line 342, col 6 to line 343, col 49 of module landing_gear_pluscal>
@!@!@ENDMSG 2774 @!@!@
@!@!@STARTMSG 2221:0 @!@!@
  line 342, col 6 to line 343, col 49 of module landing_gear_pluscal: 320
@!@!@ENDMSG 2221 @!@!@
@!@!@STARTMSG 2774:0 @!@!@
<Action line 345, col 6 to line 345, col 61 of module landing_gear_pluscal>
@!@!@ENDMSG 2774 @!@!@
@!@!@STARTMSG 2221:0 @!@!@
  line 345, col 6 to line 345, col 61 of module landing_gear_pluscal: 320
@!@!@ENDMSG 2221 @!@!@
@!@!@STARTMSG 2774:0 @!@!@
<Action line 347, col 6 to line 347, col 65 of module landing_gear_pluscal>
@!@!@ENDMSG 2774 @!@!@
@!@!@STARTMSG 2221:0 @!@!@
  line 347, col 6 to line 347, col 65 of module landing_gear_pluscal: 320
@!@!@ENDMSG 2221 @!@!@
@!@!@STARTMSG 2774:0 @!@!@
<Action line 349, col 6 to line 352, col 62 of module landing_gear_pluscal>
@!@!@ENDMSG 2774 @!@!@
@!@!@STARTMSG 2221:0 @!@!@
  line 349, col 6 to line 352, col 62 of module landing_gear_pluscal: 320
@!@!@ENDMSG 2221 @!@!@
@!@!@STARTMSG 2202:0 @!@!@
End of statistics.
@!@!@ENDMSG 2202 @!@!@
@!@!@STARTMSG 2200:0 @!@!@
Progress(11) at 2020-08-31 12:15:42: 1,952 states generated (70,426 s/min), 320 distinct states found (11,545 ds/min), 0 states left on queue.
@!@!@ENDMSG 2200 @!@!@
@!@!@STARTMSG 2199:0 @!@!@
1952 states generated, 320 distinct states found, 0 states left on queue.
@!@!@ENDMSG 2199 @!@!@
@!@!@STARTMSG 2194:0 @!@!@
The depth of the complete state graph search is 11.
@!@!@ENDMSG 2194 @!@!@
@!@!@STARTMSG 2268:0 @!@!@
The average outdegree of the complete state graph is 1 (minimum is 0, the maximum 4 and the 95th percentile is 3).
@!@!@ENDMSG 2268 @!@!@
@!@!@STARTMSG 2186:0 @!@!@
Finished in 1669ms at (2020-08-31 12:15:42)
@!@!@ENDMSG 2186 @!@!@
